mode: set
github.com/pincherMCP/pincher/internal/db/db.go:31.32,33.22 2 1
github.com/pincherMCP/pincher/internal/db/db.go:34.17,36.17 2 1
github.com/pincherMCP/pincher/internal/db/db.go:36.17,38.4 1 0
github.com/pincherMCP/pincher/internal/db/db.go:39.16,40.76 1 0
github.com/pincherMCP/pincher/internal/db/db.go:41.10,43.17 2 0
github.com/pincherMCP/pincher/internal/db/db.go:43.17,45.4 1 0
github.com/pincherMCP/pincher/internal/db/db.go:47.2,48.37 2 1
github.com/pincherMCP/pincher/internal/db/db.go:52.39,63.16 4 1
github.com/pincherMCP/pincher/internal/db/db.go:63.16,65.3 1 0
github.com/pincherMCP/pincher/internal/db/db.go:66.2,70.36 4 1
github.com/pincherMCP/pincher/internal/db/db.go:70.36,73.3 2 0
github.com/pincherMCP/pincher/internal/db/db.go:74.2,74.15 1 1
github.com/pincherMCP/pincher/internal/db/db.go:78.30,78.45 1 1
github.com/pincherMCP/pincher/internal/db/db.go:81.31,81.54 1 1
github.com/pincherMCP/pincher/internal/db/db.go:118.33,120.45 1 1
github.com/pincherMCP/pincher/internal/db/db.go:120.45,122.3 1 0
github.com/pincherMCP/pincher/internal/db/db.go:125.2,127.16 1 1
github.com/pincherMCP/pincher/internal/db/db.go:127.16,129.3 1 0
github.com/pincherMCP/pincher/internal/db/db.go:131.2,133.16 1 1
github.com/pincherMCP/pincher/internal/db/db.go:133.16,135.3 1 0
github.com/pincherMCP/pincher/internal/db/db.go:138.2,139.91 2 1
github.com/pincherMCP/pincher/internal/db/db.go:139.91,141.3 1 0
github.com/pincherMCP/pincher/internal/db/db.go:144.2,144.55 1 1
github.com/pincherMCP/pincher/internal/db/db.go:144.55,145.59 1 1
github.com/pincherMCP/pincher/internal/db/db.go:145.59,147.4 1 0
github.com/pincherMCP/pincher/internal/db/db.go:148.3,149.85 2 1
github.com/pincherMCP/pincher/internal/db/db.go:149.85,151.4 1 0
github.com/pincherMCP/pincher/internal/db/db.go:153.2,153.12 1 1
github.com/pincherMCP/pincher/internal/db/db.go:318.64,320.2 1 1
github.com/pincherMCP/pincher/internal/db/db.go:355.48,366.2 2 1
github.com/pincherMCP/pincher/internal/db/db.go:369.51,372.16 2 1
github.com/pincherMCP/pincher/internal/db/db.go:372.16,374.3 1 0
github.com/pincherMCP/pincher/internal/db/db.go:375.2,377.18 3 1
github.com/pincherMCP/pincher/internal/db/db.go:377.18,380.106 3 1
github.com/pincherMCP/pincher/internal/db/db.go:380.106,382.4 1 0
github.com/pincherMCP/pincher/internal/db/db.go:383.3,384.23 2 1
github.com/pincherMCP/pincher/internal/db/db.go:386.2,386.24 1 1
github.com/pincherMCP/pincher/internal/db/db.go:390.57,395.114 4 1
github.com/pincherMCP/pincher/internal/db/db.go:395.114,397.3 1 1
github.com/pincherMCP/pincher/internal/db/db.go:397.8,397.23 1 1
github.com/pincherMCP/pincher/internal/db/db.go:397.23,399.3 1 0
github.com/pincherMCP/pincher/internal/db/db.go:400.2,401.16 2 1
github.com/pincherMCP/pincher/internal/db/db.go:424.70,428.104 2 1
github.com/pincherMCP/pincher/internal/db/db.go:428.104,430.3 1 0
github.com/pincherMCP/pincher/internal/db/db.go:432.2,432.21 1 1
github.com/pincherMCP/pincher/internal/db/db.go:432.21,434.3 1 1
github.com/pincherMCP/pincher/internal/db/db.go:437.2,438.16 2 1
github.com/pincherMCP/pincher/internal/db/db.go:438.16,440.3 1 0
github.com/pincherMCP/pincher/internal/db/db.go:441.2,441.14 1 1
github.com/pincherMCP/pincher/internal/db/db.go:441.14,446.3 4 1
github.com/pincherMCP/pincher/internal/db/db.go:449.2,455.16 2 1
github.com/pincherMCP/pincher/internal/db/db.go:455.16,457.3 1 0
github.com/pincherMCP/pincher/internal/db/db.go:458.2,459.18 2 1
github.com/pincherMCP/pincher/internal/db/db.go:459.18,461.78 2 1
github.com/pincherMCP/pincher/internal/db/db.go:461.78,463.4 1 0
github.com/pincherMCP/pincher/internal/db/db.go:464.3,464.28 1 1
github.com/pincherMCP/pincher/internal/db/db.go:464.28,466.4 1 1
github.com/pincherMCP/pincher/internal/db/db.go:466.9,468.4 1 1
github.com/pincherMCP/pincher/internal/db/db.go:469.3,469.48 1 1
github.com/pincherMCP/pincher/internal/db/db.go:471.2,471.27 1 1
github.com/pincherMCP/pincher/internal/db/db.go:474.46,475.9 1 1
github.com/pincherMCP/pincher/internal/db/db.go:476.23,477.46 1 1
github.com/pincherMCP/pincher/internal/db/db.go:478.21,479.46 1 1
github.com/pincherMCP/pincher/internal/db/db.go:480.24,481.44 1 1
github.com/pincherMCP/pincher/internal/db/db.go:482.10,483.47 1 1
github.com/pincherMCP/pincher/internal/db/db.go:488.48,490.16 2 1
github.com/pincherMCP/pincher/internal/db/db.go:490.16,492.3 1 0
github.com/pincherMCP/pincher/internal/db/db.go:493.2,500.4 2 1
github.com/pincherMCP/pincher/internal/db/db.go:500.4,501.43 1 1
github.com/pincherMCP/pincher/internal/db/db.go:501.43,503.4 1 0
github.com/pincherMCP/pincher/internal/db/db.go:505.2,505.20 1 1
github.com/pincherMCP/pincher/internal/db/db.go:514.56,515.20 1 1
github.com/pincherMCP/pincher/internal/db/db.go:515.20,517.3 1 0
github.com/pincherMCP/pincher/internal/db/db.go:518.2,519.16 2 1
github.com/pincherMCP/pincher/internal/db/db.go:519.16,521.3 1 0
github.com/pincherMCP/pincher/internal/db/db.go:522.2,532.16 3 1
github.com/pincherMCP/pincher/internal/db/db.go:532.16,534.3 1 0
github.com/pincherMCP/pincher/internal/db/db.go:535.2,537.22 2 1
github.com/pincherMCP/pincher/internal/db/db.go:537.22,540.16 3 1
github.com/pincherMCP/pincher/internal/db/db.go:540.16,542.4 1 1
github.com/pincherMCP/pincher/internal/db/db.go:543.3,550.17 2 1
github.com/pincherMCP/pincher/internal/db/db.go:550.17,552.4 1 0
github.com/pincherMCP/pincher/internal/db/db.go:554.2,554.20 1 1
github.com/pincherMCP/pincher/internal/db/db.go:558.72,560.16 2 1
github.com/pincherMCP/pincher/internal/db/db.go:560.16,562.3 1 0
github.com/pincherMCP/pincher/internal/db/db.go:563.2,566.16 3 1
github.com/pincherMCP/pincher/internal/db/db.go:566.16,568.3 1 0
github.com/pincherMCP/pincher/internal/db/db.go:569.2,570.18 2 1
github.com/pincherMCP/pincher/internal/db/db.go:570.18,572.40 2 1
github.com/pincherMCP/pincher/internal/db/db.go:572.40,575.4 2 0
github.com/pincherMCP/pincher/internal/db/db.go:576.3,576.24 1 1
github.com/pincherMCP/pincher/internal/db/db.go:578.2,580.25 2 1
github.com/pincherMCP/pincher/internal/db/db.go:580.25,581.92 1 1
github.com/pincherMCP/pincher/internal/db/db.go:581.92,583.4 1 0
github.com/pincherMCP/pincher/internal/db/db.go:585.2,585.114 1 1
github.com/pincherMCP/pincher/internal/db/db.go:585.114,587.3 1 0
github.com/pincherMCP/pincher/internal/db/db.go:588.2,588.20 1 1
github.com/pincherMCP/pincher/internal/db/db.go:592.55,595.2 2 1
github.com/pincherMCP/pincher/internal/db/db.go:598.87,600.16 2 1
github.com/pincherMCP/pincher/internal/db/db.go:600.16,602.3 1 0
github.com/pincherMCP/pincher/internal/db/db.go:603.2,604.30 2 1
github.com/pincherMCP/pincher/internal/db/db.go:608.72,610.16 2 1
github.com/pincherMCP/pincher/internal/db/db.go:610.16,612.3 1 0
github.com/pincherMCP/pincher/internal/db/db.go:613.2,614.30 2 1
github.com/pincherMCP/pincher/internal/db/db.go:618.81,622.16 2 1
github.com/pincherMCP/pincher/internal/db/db.go:622.16,624.3 1 0
github.com/pincherMCP/pincher/internal/db/db.go:625.2,626.30 2 1
github.com/pincherMCP/pincher/internal/db/db.go:630.76,640.16 2 1
github.com/pincherMCP/pincher/internal/db/db.go:640.16,642.3 1 0
github.com/pincherMCP/pincher/internal/db/db.go:643.2,644.30 2 1
github.com/pincherMCP/pincher/internal/db/db.go:653.107,654.16 1 1
github.com/pincherMCP/pincher/internal/db/db.go:654.16,656.3 1 0
github.com/pincherMCP/pincher/internal/db/db.go:657.2,668.16 3 1
github.com/pincherMCP/pincher/internal/db/db.go:668.16,671.3 2 1
github.com/pincherMCP/pincher/internal/db/db.go:672.2,672.20 1 1
github.com/pincherMCP/pincher/internal/db/db.go:672.20,675.3 2 1
github.com/pincherMCP/pincher/internal/db/db.go:676.2,680.16 4 1
github.com/pincherMCP/pincher/internal/db/db.go:680.16,682.3 1 0
github.com/pincherMCP/pincher/internal/db/db.go:683.2,686.18 3 1
github.com/pincherMCP/pincher/internal/db/db.go:686.18,689.59 3 1
github.com/pincherMCP/pincher/internal/db/db.go:689.59,691.4 1 0
github.com/pincherMCP/pincher/internal/db/db.go:692.3,692.70 1 1
github.com/pincherMCP/pincher/internal/db/db.go:694.2,694.28 1 1
github.com/pincherMCP/pincher/internal/db/db.go:702.53,703.21 1 1
github.com/pincherMCP/pincher/internal/db/db.go:703.21,705.3 1 1
github.com/pincherMCP/pincher/internal/db/db.go:706.2,707.16 2 1
github.com/pincherMCP/pincher/internal/db/db.go:707.16,709.3 1 0
github.com/pincherMCP/pincher/internal/db/db.go:710.2,715.16 3 1
github.com/pincherMCP/pincher/internal/db/db.go:715.16,717.3 1 0
github.com/pincherMCP/pincher/internal/db/db.go:718.2,720.23 2 1
github.com/pincherMCP/pincher/internal/db/db.go:720.23,723.28 3 1
github.com/pincherMCP/pincher/internal/db/db.go:723.28,726.4 2 1
github.com/pincherMCP/pincher/internal/db/db.go:727.3,727.106 1 1
github.com/pincherMCP/pincher/internal/db/db.go:727.106,729.4 1 0
github.com/pincherMCP/pincher/internal/db/db.go:731.2,731.20 1 1
github.com/pincherMCP/pincher/internal/db/db.go:735.74,737.2 1 1
github.com/pincherMCP/pincher/internal/db/db.go:740.70,742.2 1 1
github.com/pincherMCP/pincher/internal/db/db.go:744.76,747.20 3 1
github.com/pincherMCP/pincher/internal/db/db.go:747.20,749.27 2 1
github.com/pincherMCP/pincher/internal/db/db.go:749.27,750.13 1 1
github.com/pincherMCP/pincher/internal/db/db.go:750.13,752.5 1 0
github.com/pincherMCP/pincher/internal/db/db.go:753.4,754.26 2 1
github.com/pincherMCP/pincher/internal/db/db.go:756.3,756.35 1 1
github.com/pincherMCP/pincher/internal/db/db.go:758.2,759.16 2 1
github.com/pincherMCP/pincher/internal/db/db.go:759.16,761.3 1 0
github.com/pincherMCP/pincher/internal/db/db.go:762.2,764.18 3 1
github.com/pincherMCP/pincher/internal/db/db.go:764.18,767.111 3 1
github.com/pincherMCP/pincher/internal/db/db.go:767.111,769.4 1 0
github.com/pincherMCP/pincher/internal/db/db.go:770.3,770.46 1 1
github.com/pincherMCP/pincher/internal/db/db.go:770.46,772.4 1 1
github.com/pincherMCP/pincher/internal/db/db.go:773.3,773.23 1 1
github.com/pincherMCP/pincher/internal/db/db.go:775.2,775.24 1 1
github.com/pincherMCP/pincher/internal/db/db.go:784.72,792.2 2 1
github.com/pincherMCP/pincher/internal/db/db.go:796.72,802.16 3 1
github.com/pincherMCP/pincher/internal/db/db.go:802.16,804.3 1 1
github.com/pincherMCP/pincher/internal/db/db.go:805.2,805.20 1 1
github.com/pincherMCP/pincher/internal/db/db.go:812.80,814.16 2 1
github.com/pincherMCP/pincher/internal/db/db.go:814.16,816.3 1 0
github.com/pincherMCP/pincher/internal/db/db.go:817.2,819.25 2 1
github.com/pincherMCP/pincher/internal/db/db.go:819.25,826.41 4 1
github.com/pincherMCP/pincher/internal/db/db.go:826.41,827.12 1 1
github.com/pincherMCP/pincher/internal/db/db.go:829.3,834.4 1 1
github.com/pincherMCP/pincher/internal/db/db.go:836.2,836.20 1 1
github.com/pincherMCP/pincher/internal/db/db.go:850.113,856.35 4 1
github.com/pincherMCP/pincher/internal/db/db.go:856.35,858.24 2 1
github.com/pincherMCP/pincher/internal/db/db.go:858.24,860.4 1 1
github.com/pincherMCP/pincher/internal/db/db.go:860.9,862.4 1 1
github.com/pincherMCP/pincher/internal/db/db.go:863.3,864.24 2 1
github.com/pincherMCP/pincher/internal/db/db.go:864.24,866.4 1 1
github.com/pincherMCP/pincher/internal/db/db.go:866.9,868.4 1 1
github.com/pincherMCP/pincher/internal/db/db.go:870.3,886.31 3 1
github.com/pincherMCP/pincher/internal/db/db.go:886.31,888.4 1 1
github.com/pincherMCP/pincher/internal/db/db.go:889.3,892.17 3 1
github.com/pincherMCP/pincher/internal/db/db.go:892.17,894.4 1 0
github.com/pincherMCP/pincher/internal/db/db.go:895.3,896.19 2 1
github.com/pincherMCP/pincher/internal/db/db.go:896.19,898.71 2 1
github.com/pincherMCP/pincher/internal/db/db.go:898.71,900.5 1 0
github.com/pincherMCP/pincher/internal/db/db.go:902.4,902.73 1 1
github.com/pincherMCP/pincher/internal/db/db.go:902.73,904.5 1 1
github.com/pincherMCP/pincher/internal/db/db.go:906.3,906.20 1 1
github.com/pincherMCP/pincher/internal/db/db.go:909.2,909.52 1 1
github.com/pincherMCP/pincher/internal/db/db.go:909.52,910.44 1 1
github.com/pincherMCP/pincher/internal/db/db.go:910.44,912.4 1 0
github.com/pincherMCP/pincher/internal/db/db.go:914.2,914.51 1 1
github.com/pincherMCP/pincher/internal/db/db.go:914.51,915.43 1 1
github.com/pincherMCP/pincher/internal/db/db.go:915.43,917.4 1 0
github.com/pincherMCP/pincher/internal/db/db.go:920.2,921.25 2 1
github.com/pincherMCP/pincher/internal/db/db.go:921.25,923.3 1 1
github.com/pincherMCP/pincher/internal/db/db.go:924.2,924.17 1 1
github.com/pincherMCP/pincher/internal/db/db.go:928.126,932.115 3 1
github.com/pincherMCP/pincher/internal/db/db.go:932.115,934.3 1 0
github.com/pincherMCP/pincher/internal/db/db.go:935.2,935.114 1 1
github.com/pincherMCP/pincher/internal/db/db.go:935.114,937.3 1 0
github.com/pincherMCP/pincher/internal/db/db.go:939.2,940.17 2 1
github.com/pincherMCP/pincher/internal/db/db.go:940.17,943.3 2 0
github.com/pincherMCP/pincher/internal/db/db.go:944.2,945.18 2 1
github.com/pincherMCP/pincher/internal/db/db.go:945.18,948.42 3 1
github.com/pincherMCP/pincher/internal/db/db.go:948.42,950.4 1 0
github.com/pincherMCP/pincher/internal/db/db.go:951.3,951.20 1 1
github.com/pincherMCP/pincher/internal/db/db.go:954.2,955.17 2 1
github.com/pincherMCP/pincher/internal/db/db.go:955.17,958.3 2 0
github.com/pincherMCP/pincher/internal/db/db.go:959.2,960.19 2 1
github.com/pincherMCP/pincher/internal/db/db.go:960.19,963.43 3 1
github.com/pincherMCP/pincher/internal/db/db.go:963.43,965.4 1 0
github.com/pincherMCP/pincher/internal/db/db.go:966.3,966.24 1 1
github.com/pincherMCP/pincher/internal/db/db.go:968.2,968.8 1 1
github.com/pincherMCP/pincher/internal/db/db.go:976.60,980.2 3 1
github.com/pincherMCP/pincher/internal/db/db.go:983.65,988.2 2 1
github.com/pincherMCP/pincher/internal/db/db.go:991.62,994.2 2 1
github.com/pincherMCP/pincher/internal/db/db.go:1001.60,1006.2 2 1
github.com/pincherMCP/pincher/internal/db/db.go:1009.69,1012.26 3 1
github.com/pincherMCP/pincher/internal/db/db.go:1012.26,1014.3 1 1
github.com/pincherMCP/pincher/internal/db/db.go:1015.2,1015.31 1 1
github.com/pincherMCP/pincher/internal/db/db.go:1019.71,1021.16 2 1
github.com/pincherMCP/pincher/internal/db/db.go:1021.16,1023.3 1 0
github.com/pincherMCP/pincher/internal/db/db.go:1024.2,1026.18 3 1
github.com/pincherMCP/pincher/internal/db/db.go:1026.18,1028.43 2 1
github.com/pincherMCP/pincher/internal/db/db.go:1028.43,1030.4 1 0
github.com/pincherMCP/pincher/internal/db/db.go:1031.3,1031.13 1 1
github.com/pincherMCP/pincher/internal/db/db.go:1033.2,1033.24 1 1
github.com/pincherMCP/pincher/internal/db/db.go:1037.56,1040.2 2 1
github.com/pincherMCP/pincher/internal/db/db.go:1054.51,1065.26 5 1
github.com/pincherMCP/pincher/internal/db/db.go:1065.26,1067.3 1 1
github.com/pincherMCP/pincher/internal/db/db.go:1068.2,1068.16 1 1
github.com/pincherMCP/pincher/internal/db/db.go:1068.16,1070.3 1 0
github.com/pincherMCP/pincher/internal/db/db.go:1071.2,1072.18 2 1
github.com/pincherMCP/pincher/internal/db/db.go:1075.56,1077.18 2 1
github.com/pincherMCP/pincher/internal/db/db.go:1077.18,1079.55 2 1
github.com/pincherMCP/pincher/internal/db/db.go:1079.55,1081.4 1 0
github.com/pincherMCP/pincher/internal/db/db.go:1082.3,1082.25 1 1
github.com/pincherMCP/pincher/internal/db/db.go:1084.2,1084.24 1 1
github.com/pincherMCP/pincher/internal/db/db.go:1087.59,1096.16 3 1
github.com/pincherMCP/pincher/internal/db/db.go:1096.16,1098.3 1 0
github.com/pincherMCP/pincher/internal/db/db.go:1099.2,1100.12 2 1
github.com/pincherMCP/pincher/internal/db/db.go:1104.71,1113.16 3 1
github.com/pincherMCP/pincher/internal/db/db.go:1113.16,1115.3 1 0
github.com/pincherMCP/pincher/internal/db/db.go:1116.2,1117.12 2 1
github.com/pincherMCP/pincher/internal/db/db.go:1121.99,1130.2 8 1
github.com/pincherMCP/pincher/internal/db/db.go:1133.23,1134.13 1 1
github.com/pincherMCP/pincher/internal/db/db.go:1134.13,1136.3 1 1
github.com/pincherMCP/pincher/internal/db/db.go:1137.2,1137.10 1 1
github.com/pincherMCP/pincher/internal/db/db.go:1141.21,1142.7 1 1
github.com/pincherMCP/pincher/internal/db/db.go:1142.7,1144.3 1 1
github.com/pincherMCP/pincher/internal/db/db.go:1145.2,1145.10 1 1
github.com/pincherMCP/pincher/internal/db/db.go:1149.46,1151.2 1 1
github.com/pincherMCP/pincher/internal/db/db.go:1154.44,1157.16 2 1
github.com/pincherMCP/pincher/internal/db/db.go:1157.16,1159.3 1 0
github.com/pincherMCP/pincher/internal/db/db.go:1160.2,1160.12 1 1
github.com/pincherMCP/pincher/internal/db/db.go:1165.33,1167.2 1 1
github.com/pincherMCP/pincher/internal/db/db.go:1170.35,1171.9 1 1
github.com/pincherMCP/pincher/internal/db/db.go:1172.22,1173.56 1 1
github.com/pincherMCP/pincher/internal/db/db.go:1174.22,1175.56 1 1
github.com/pincherMCP/pincher/internal/db/db.go:1176.10,1177.36 1 1
