mode: set
github.com/pincherMCP/pincher/internal/cypher/engine.go:41.80,43.16 2 1
github.com/pincherMCP/pincher/internal/cypher/engine.go:43.16,45.3 1 0
github.com/pincherMCP/pincher/internal/cypher/engine.go:46.2,46.22 1 1
github.com/pincherMCP/pincher/internal/cypher/engine.go:95.45,98.2 2 1
github.com/pincherMCP/pincher/internal/cypher/engine.go:110.33,113.17 3 1
github.com/pincherMCP/pincher/internal/cypher/engine.go:113.17,116.54 2 1
github.com/pincherMCP/pincher/internal/cypher/engine.go:116.54,118.12 2 1
github.com/pincherMCP/pincher/internal/cypher/engine.go:121.3,121.28 1 1
github.com/pincherMCP/pincher/internal/cypher/engine.go:121.28,123.32 2 1
github.com/pincherMCP/pincher/internal/cypher/engine.go:123.32,124.21 1 1
github.com/pincherMCP/pincher/internal/cypher/engine.go:124.21,126.6 1 0
github.com/pincherMCP/pincher/internal/cypher/engine.go:127.5,127.8 1 1
github.com/pincherMCP/pincher/internal/cypher/engine.go:129.4,131.12 3 1
github.com/pincherMCP/pincher/internal/cypher/engine.go:134.3,135.43 2 1
github.com/pincherMCP/pincher/internal/cypher/engine.go:135.43,137.49 1 1
github.com/pincherMCP/pincher/internal/cypher/engine.go:137.49,140.13 3 1
github.com/pincherMCP/pincher/internal/cypher/engine.go:142.4,145.49 1 1
github.com/pincherMCP/pincher/internal/cypher/engine.go:145.49,148.13 3 0
github.com/pincherMCP/pincher/internal/cypher/engine.go:151.4,151.16 1 1
github.com/pincherMCP/pincher/internal/cypher/engine.go:151.16,154.67 3 0
github.com/pincherMCP/pincher/internal/cypher/engine.go:154.67,157.6 2 0
github.com/pincherMCP/pincher/internal/cypher/engine.go:158.5,160.13 3 0
github.com/pincherMCP/pincher/internal/cypher/engine.go:162.4,164.12 3 1
github.com/pincherMCP/pincher/internal/cypher/engine.go:167.3,167.27 1 1
github.com/pincherMCP/pincher/internal/cypher/engine.go:167.27,169.49 2 0
github.com/pincherMCP/pincher/internal/cypher/engine.go:169.49,171.5 1 0
github.com/pincherMCP/pincher/internal/cypher/engine.go:172.4,174.12 3 0
github.com/pincherMCP/pincher/internal/cypher/engine.go:177.3,177.67 1 1
github.com/pincherMCP/pincher/internal/cypher/engine.go:177.67,180.50 2 1
github.com/pincherMCP/pincher/internal/cypher/engine.go:180.50,182.5 1 1
github.com/pincherMCP/pincher/internal/cypher/engine.go:183.4,186.17 4 1
github.com/pincherMCP/pincher/internal/cypher/engine.go:189.50,191.17 2 1
github.com/pincherMCP/pincher/internal/cypher/engine.go:193.4,195.12 3 1
github.com/pincherMCP/pincher/internal/cypher/engine.go:197.3,197.6 1 0
github.com/pincherMCP/pincher/internal/cypher/engine.go:199.2,199.15 1 1
github.com/pincherMCP/pincher/internal/cypher/engine.go:202.31,203.28 1 1
github.com/pincherMCP/pincher/internal/cypher/engine.go:203.28,205.3 1 1
github.com/pincherMCP/pincher/internal/cypher/engine.go:206.2,206.24 1 1
github.com/pincherMCP/pincher/internal/cypher/engine.go:209.31,213.2 3 1
github.com/pincherMCP/pincher/internal/cypher/engine.go:215.35,216.27 1 1
github.com/pincherMCP/pincher/internal/cypher/engine.go:216.27,218.3 1 1
github.com/pincherMCP/pincher/internal/cypher/engine.go:221.50,224.28 2 1
github.com/pincherMCP/pincher/internal/cypher/engine.go:224.28,226.18 2 1
github.com/pincherMCP/pincher/internal/cypher/engine.go:227.16,230.18 3 1
github.com/pincherMCP/pincher/internal/cypher/engine.go:230.18,232.5 1 0
github.com/pincherMCP/pincher/internal/cypher/engine.go:233.4,233.40 1 1
github.com/pincherMCP/pincher/internal/cypher/engine.go:235.16,238.18 3 1
github.com/pincherMCP/pincher/internal/cypher/engine.go:238.18,240.5 1 0
github.com/pincherMCP/pincher/internal/cypher/engine.go:241.4,241.49 1 1
github.com/pincherMCP/pincher/internal/cypher/engine.go:243.17,245.36 2 1
github.com/pincherMCP/pincher/internal/cypher/engine.go:245.36,248.5 2 0
github.com/pincherMCP/pincher/internal/cypher/engine.go:249.4,250.18 2 1
github.com/pincherMCP/pincher/internal/cypher/engine.go:250.18,252.5 1 0
github.com/pincherMCP/pincher/internal/cypher/engine.go:253.4,253.23 1 1
github.com/pincherMCP/pincher/internal/cypher/engine.go:255.16,259.29 4 1
github.com/pincherMCP/pincher/internal/cypher/engine.go:259.29,262.5 2 1
github.com/pincherMCP/pincher/internal/cypher/engine.go:263.4,263.32 1 1
github.com/pincherMCP/pincher/internal/cypher/engine.go:263.32,266.5 2 1
github.com/pincherMCP/pincher/internal/cypher/engine.go:266.10,266.38 1 1
github.com/pincherMCP/pincher/internal/cypher/engine.go:266.38,268.5 1 1
github.com/pincherMCP/pincher/internal/cypher/engine.go:270.16,272.33 2 0
github.com/pincherMCP/pincher/internal/cypher/engine.go:272.33,275.5 2 0
github.com/pincherMCP/pincher/internal/cypher/engine.go:277.11,278.12 1 1
github.com/pincherMCP/pincher/internal/cypher/engine.go:281.2,281.15 1 1
github.com/pincherMCP/pincher/internal/cypher/engine.go:284.50,290.27 4 1
github.com/pincherMCP/pincher/internal/cypher/engine.go:290.27,293.3 2 1
github.com/pincherMCP/pincher/internal/cypher/engine.go:294.2,294.27 1 1
github.com/pincherMCP/pincher/internal/cypher/engine.go:294.27,296.3 1 0
github.com/pincherMCP/pincher/internal/cypher/engine.go:297.2,300.52 2 1
github.com/pincherMCP/pincher/internal/cypher/engine.go:300.52,302.28 2 1
github.com/pincherMCP/pincher/internal/cypher/engine.go:302.28,304.32 2 1
github.com/pincherMCP/pincher/internal/cypher/engine.go:304.32,306.5 1 0
github.com/pincherMCP/pincher/internal/cypher/engine.go:307.4,307.29 1 1
github.com/pincherMCP/pincher/internal/cypher/engine.go:307.29,309.34 2 1
github.com/pincherMCP/pincher/internal/cypher/engine.go:309.34,311.31 2 1
github.com/pincherMCP/pincher/internal/cypher/engine.go:311.31,313.7 1 0
github.com/pincherMCP/pincher/internal/cypher/engine.go:313.12,314.12 1 1
github.com/pincherMCP/pincher/internal/cypher/engine.go:318.4,318.31 1 1
github.com/pincherMCP/pincher/internal/cypher/engine.go:318.31,321.5 2 0
github.com/pincherMCP/pincher/internal/cypher/engine.go:322.4,322.15 1 1
github.com/pincherMCP/pincher/internal/cypher/engine.go:325.3,325.25 1 1
github.com/pincherMCP/pincher/internal/cypher/engine.go:326.13,328.23 2 1
github.com/pincherMCP/pincher/internal/cypher/engine.go:329.12,331.29 2 0
github.com/pincherMCP/pincher/internal/cypher/engine.go:331.29,334.5 2 0
github.com/pincherMCP/pincher/internal/cypher/engine.go:338.3,338.28 1 1
github.com/pincherMCP/pincher/internal/cypher/engine.go:338.28,341.29 3 1
github.com/pincherMCP/pincher/internal/cypher/engine.go:341.29,344.5 2 1
github.com/pincherMCP/pincher/internal/cypher/engine.go:345.4,345.29 1 1
github.com/pincherMCP/pincher/internal/cypher/engine.go:345.29,347.5 1 0
github.com/pincherMCP/pincher/internal/cypher/engine.go:348.4,348.15 1 1
github.com/pincherMCP/pincher/internal/cypher/engine.go:351.2,351.17 1 1
github.com/pincherMCP/pincher/internal/cypher/engine.go:354.49,357.54 3 0
github.com/pincherMCP/pincher/internal/cypher/engine.go:357.54,363.3 5 0
github.com/pincherMCP/pincher/internal/cypher/engine.go:364.2,365.14 2 0
github.com/pincherMCP/pincher/internal/cypher/engine.go:368.57,370.6 2 1
github.com/pincherMCP/pincher/internal/cypher/engine.go:370.6,372.17 2 1
github.com/pincherMCP/pincher/internal/cypher/engine.go:372.17,374.4 1 0
github.com/pincherMCP/pincher/internal/cypher/engine.go:375.3,376.56 2 1
github.com/pincherMCP/pincher/internal/cypher/engine.go:376.56,377.9 1 1
github.com/pincherMCP/pincher/internal/cypher/engine.go:379.3,379.11 1 0
github.com/pincherMCP/pincher/internal/cypher/engine.go:381.2,381.19 1 1
github.com/pincherMCP/pincher/internal/cypher/engine.go:384.57,390.27 4 1
github.com/pincherMCP/pincher/internal/cypher/engine.go:390.27,393.3 2 1
github.com/pincherMCP/pincher/internal/cypher/engine.go:396.2,396.24 1 1
github.com/pincherMCP/pincher/internal/cypher/engine.go:397.45,399.27 2 1
github.com/pincherMCP/pincher/internal/cypher/engine.go:400.18,403.27 3 1
github.com/pincherMCP/pincher/internal/cypher/engine.go:404.16,408.27 4 0
github.com/pincherMCP/pincher/internal/cypher/engine.go:409.10,410.67 1 0
github.com/pincherMCP/pincher/internal/cypher/engine.go:412.2,412.15 1 1
github.com/pincherMCP/pincher/internal/cypher/engine.go:415.53,417.6 2 1
github.com/pincherMCP/pincher/internal/cypher/engine.go:417.6,422.25 3 1
github.com/pincherMCP/pincher/internal/cypher/engine.go:422.25,428.4 5 0
github.com/pincherMCP/pincher/internal/cypher/engine.go:428.9,430.29 2 1
github.com/pincherMCP/pincher/internal/cypher/engine.go:430.29,433.5 2 1
github.com/pincherMCP/pincher/internal/cypher/engine.go:437.3,437.85 1 1
github.com/pincherMCP/pincher/internal/cypher/engine.go:437.85,440.4 2 0
github.com/pincherMCP/pincher/internal/cypher/engine.go:442.3,444.28 2 1
github.com/pincherMCP/pincher/internal/cypher/engine.go:444.28,445.9 1 1
github.com/pincherMCP/pincher/internal/cypher/engine.go:447.3,451.79 3 1
github.com/pincherMCP/pincher/internal/cypher/engine.go:451.79,452.9 1 0
github.com/pincherMCP/pincher/internal/cypher/engine.go:455.2,455.18 1 1
github.com/pincherMCP/pincher/internal/cypher/engine.go:458.41,460.13 2 0
github.com/pincherMCP/pincher/internal/cypher/engine.go:460.13,462.3 1 0
github.com/pincherMCP/pincher/internal/cypher/engine.go:463.2,464.21 2 0
github.com/pincherMCP/pincher/internal/cypher/engine.go:464.21,467.3 2 0
github.com/pincherMCP/pincher/internal/cypher/engine.go:467.8,467.46 1 0
github.com/pincherMCP/pincher/internal/cypher/engine.go:467.46,470.3 2 0
github.com/pincherMCP/pincher/internal/cypher/engine.go:471.2,471.13 1 0
github.com/pincherMCP/pincher/internal/cypher/engine.go:471.13,473.3 1 0
github.com/pincherMCP/pincher/internal/cypher/engine.go:474.2,474.15 1 0
github.com/pincherMCP/pincher/internal/cypher/engine.go:474.15,476.3 1 0
github.com/pincherMCP/pincher/internal/cypher/engine.go:477.2,477.8 1 0
github.com/pincherMCP/pincher/internal/cypher/engine.go:502.34,503.20 1 1
github.com/pincherMCP/pincher/internal/cypher/engine.go:503.20,505.3 1 0
github.com/pincherMCP/pincher/internal/cypher/engine.go:506.2,506.23 1 1
github.com/pincherMCP/pincher/internal/cypher/engine.go:506.23,508.3 1 0
github.com/pincherMCP/pincher/internal/cypher/engine.go:509.2,509.18 1 1
github.com/pincherMCP/pincher/internal/cypher/engine.go:512.75,513.26 1 1
github.com/pincherMCP/pincher/internal/cypher/engine.go:513.26,515.3 1 0
github.com/pincherMCP/pincher/internal/cypher/engine.go:517.2,520.21 2 1
github.com/pincherMCP/pincher/internal/cypher/engine.go:520.21,522.3 1 1
github.com/pincherMCP/pincher/internal/cypher/engine.go:525.2,525.42 1 1
github.com/pincherMCP/pincher/internal/cypher/engine.go:525.42,527.3 1 1
github.com/pincherMCP/pincher/internal/cypher/engine.go:530.2,530.30 1 0
github.com/pincherMCP/pincher/internal/cypher/engine.go:534.96,541.24 3 1
github.com/pincherMCP/pincher/internal/cypher/engine.go:541.24,544.3 2 1
github.com/pincherMCP/pincher/internal/cypher/engine.go:545.2,545.34 1 1
github.com/pincherMCP/pincher/internal/cypher/engine.go:545.34,547.16 2 0
github.com/pincherMCP/pincher/internal/cypher/engine.go:547.16,550.4 2 0
github.com/pincherMCP/pincher/internal/cypher/engine.go:554.2,555.33 2 1
github.com/pincherMCP/pincher/internal/cypher/engine.go:555.33,556.32 1 0
github.com/pincherMCP/pincher/internal/cypher/engine.go:556.32,557.12 1 0
github.com/pincherMCP/pincher/internal/cypher/engine.go:559.3,560.80 2 0
github.com/pincherMCP/pincher/internal/cypher/engine.go:560.80,561.16 1 0
github.com/pincherMCP/pincher/internal/cypher/engine.go:562.13,564.33 2 0
github.com/pincherMCP/pincher/internal/cypher/engine.go:565.20,567.41 2 0
github.com/pincherMCP/pincher/internal/cypher/engine.go:568.23,570.37 2 0
github.com/pincherMCP/pincher/internal/cypher/engine.go:572.9,574.4 1 0
github.com/pincherMCP/pincher/internal/cypher/engine.go:577.2,581.16 4 1
github.com/pincherMCP/pincher/internal/cypher/engine.go:581.16,583.3 1 0
github.com/pincherMCP/pincher/internal/cypher/engine.go:584.2,587.18 3 1
github.com/pincherMCP/pincher/internal/cypher/engine.go:587.18,589.17 2 1
github.com/pincherMCP/pincher/internal/cypher/engine.go:589.17,591.4 1 0
github.com/pincherMCP/pincher/internal/cypher/engine.go:592.3,594.38 2 1
github.com/pincherMCP/pincher/internal/cypher/engine.go:594.38,595.12 1 0
github.com/pincherMCP/pincher/internal/cypher/engine.go:597.3,597.27 1 1
github.com/pincherMCP/pincher/internal/cypher/engine.go:599.2,599.35 1 1
github.com/pincherMCP/pincher/internal/cypher/engine.go:599.35,601.3 1 0
github.com/pincherMCP/pincher/internal/cypher/engine.go:603.2,603.30 1 1
github.com/pincherMCP/pincher/internal/cypher/engine.go:608.97,612.28 3 1
github.com/pincherMCP/pincher/internal/cypher/engine.go:612.28,616.35 4 1
github.com/pincherMCP/pincher/internal/cypher/engine.go:616.35,618.4 1 1
github.com/pincherMCP/pincher/internal/cypher/engine.go:621.2,637.24 4 1
github.com/pincherMCP/pincher/internal/cypher/engine.go:637.24,640.3 2 1
github.com/pincherMCP/pincher/internal/cypher/engine.go:641.2,641.22 1 1
github.com/pincherMCP/pincher/internal/cypher/engine.go:641.22,644.3 2 1
github.com/pincherMCP/pincher/internal/cypher/engine.go:647.2,648.33 2 1
github.com/pincherMCP/pincher/internal/cypher/engine.go:648.33,650.30 2 1
github.com/pincherMCP/pincher/internal/cypher/engine.go:650.30,652.4 1 1
github.com/pincherMCP/pincher/internal/cypher/engine.go:652.9,652.39 1 1
github.com/pincherMCP/pincher/internal/cypher/engine.go:652.39,654.12 2 0
github.com/pincherMCP/pincher/internal/cypher/engine.go:656.3,657.80 2 1
github.com/pincherMCP/pincher/internal/cypher/engine.go:657.80,658.16 1 1
github.com/pincherMCP/pincher/internal/cypher/engine.go:659.13,661.33 2 1
github.com/pincherMCP/pincher/internal/cypher/engine.go:662.20,664.41 2 1
github.com/pincherMCP/pincher/internal/cypher/engine.go:665.23,667.37 2 0
github.com/pincherMCP/pincher/internal/cypher/engine.go:669.9,671.4 1 0
github.com/pincherMCP/pincher/internal/cypher/engine.go:674.2,678.16 4 1
github.com/pincherMCP/pincher/internal/cypher/engine.go:678.16,680.3 1 0
github.com/pincherMCP/pincher/internal/cypher/engine.go:681.2,684.18 3 1
github.com/pincherMCP/pincher/internal/cypher/engine.go:684.18,686.17 2 1
github.com/pincherMCP/pincher/internal/cypher/engine.go:686.17,688.4 1 0
github.com/pincherMCP/pincher/internal/cypher/engine.go:689.3,690.53 2 1
github.com/pincherMCP/pincher/internal/cypher/engine.go:690.53,692.4 1 1
github.com/pincherMCP/pincher/internal/cypher/engine.go:693.3,693.51 1 1
github.com/pincherMCP/pincher/internal/cypher/engine.go:693.51,695.4 1 1
github.com/pincherMCP/pincher/internal/cypher/engine.go:696.3,696.24 1 1
github.com/pincherMCP/pincher/internal/cypher/engine.go:696.24,699.4 2 0
github.com/pincherMCP/pincher/internal/cypher/engine.go:700.3,700.38 1 1
github.com/pincherMCP/pincher/internal/cypher/engine.go:700.38,701.12 1 0
github.com/pincherMCP/pincher/internal/cypher/engine.go:703.3,703.37 1 1
github.com/pincherMCP/pincher/internal/cypher/engine.go:705.2,705.35 1 1
github.com/pincherMCP/pincher/internal/cypher/engine.go:705.35,707.3 1 0
github.com/pincherMCP/pincher/internal/cypher/engine.go:709.2,709.35 1 1
github.com/pincherMCP/pincher/internal/cypher/engine.go:724.91,732.24 3 0
github.com/pincherMCP/pincher/internal/cypher/engine.go:732.24,735.3 2 0
github.com/pincherMCP/pincher/internal/cypher/engine.go:736.2,736.33 1 0
github.com/pincherMCP/pincher/internal/cypher/engine.go:736.33,737.32 1 0
github.com/pincherMCP/pincher/internal/cypher/engine.go:737.32,738.12 1 0
github.com/pincherMCP/pincher/internal/cypher/engine.go:740.3,741.31 2 0
github.com/pincherMCP/pincher/internal/cypher/engine.go:741.31,744.4 2 0
github.com/pincherMCP/pincher/internal/cypher/engine.go:746.2,749.16 3 0
github.com/pincherMCP/pincher/internal/cypher/engine.go:749.16,751.3 1 0
github.com/pincherMCP/pincher/internal/cypher/engine.go:752.2,755.19 3 0
github.com/pincherMCP/pincher/internal/cypher/engine.go:755.19,757.17 2 0
github.com/pincherMCP/pincher/internal/cypher/engine.go:757.17,759.4 1 0
github.com/pincherMCP/pincher/internal/cypher/engine.go:760.3,760.37 1 0
github.com/pincherMCP/pincher/internal/cypher/engine.go:762.2,765.25 3 0
github.com/pincherMCP/pincher/internal/cypher/engine.go:765.25,767.3 1 0
github.com/pincherMCP/pincher/internal/cypher/engine.go:769.2,770.19 2 0
github.com/pincherMCP/pincher/internal/cypher/engine.go:770.19,772.3 1 0
github.com/pincherMCP/pincher/internal/cypher/engine.go:774.2,775.35 2 0
github.com/pincherMCP/pincher/internal/cypher/engine.go:775.35,777.17 2 0
github.com/pincherMCP/pincher/internal/cypher/engine.go:777.17,778.12 1 0
github.com/pincherMCP/pincher/internal/cypher/engine.go:780.3,780.28 1 0
github.com/pincherMCP/pincher/internal/cypher/engine.go:780.28,782.54 2 0
github.com/pincherMCP/pincher/internal/cypher/engine.go:782.54,784.5 1 0
github.com/pincherMCP/pincher/internal/cypher/engine.go:785.4,785.55 1 0
github.com/pincherMCP/pincher/internal/cypher/engine.go:785.55,787.5 1 0
github.com/pincherMCP/pincher/internal/cypher/engine.go:788.4,790.40 3 0
github.com/pincherMCP/pincher/internal/cypher/engine.go:790.40,791.14 1 0
github.com/pincherMCP/pincher/internal/cypher/engine.go:796.2,796.35 1 0
github.com/pincherMCP/pincher/internal/cypher/engine.go:802.123,827.26 5 0
github.com/pincherMCP/pincher/internal/cypher/engine.go:827.26,829.3 1 0
github.com/pincherMCP/pincher/internal/cypher/engine.go:830.2,833.16 3 0
github.com/pincherMCP/pincher/internal/cypher/engine.go:833.16,835.3 1 0
github.com/pincherMCP/pincher/internal/cypher/engine.go:836.2,839.18 3 0
github.com/pincherMCP/pincher/internal/cypher/engine.go:839.18,847.17 4 0
github.com/pincherMCP/pincher/internal/cypher/engine.go:847.17,849.4 1 0
github.com/pincherMCP/pincher/internal/cypher/engine.go:850.3,852.54 3 0
github.com/pincherMCP/pincher/internal/cypher/engine.go:854.2,854.25 1 0
github.com/pincherMCP/pincher/internal/cypher/engine.go:861.74,865.34 3 1
github.com/pincherMCP/pincher/internal/cypher/engine.go:865.34,866.23 1 1
github.com/pincherMCP/pincher/internal/cypher/engine.go:866.23,868.17 2 0
github.com/pincherMCP/pincher/internal/cypher/engine.go:868.17,870.5 1 0
github.com/pincherMCP/pincher/internal/cypher/engine.go:871.4,872.19 2 0
github.com/pincherMCP/pincher/internal/cypher/engine.go:873.9,875.25 2 1
github.com/pincherMCP/pincher/internal/cypher/engine.go:875.25,877.5 1 1
github.com/pincherMCP/pincher/internal/cypher/engine.go:878.4,878.22 1 1
github.com/pincherMCP/pincher/internal/cypher/engine.go:878.22,880.5 1 0
github.com/pincherMCP/pincher/internal/cypher/engine.go:881.4,881.28 1 1
github.com/pincherMCP/pincher/internal/cypher/engine.go:885.2,885.20 1 1
github.com/pincherMCP/pincher/internal/cypher/engine.go:885.20,887.23 1 1
github.com/pincherMCP/pincher/internal/cypher/engine.go:887.23,888.30 1 0
github.com/pincherMCP/pincher/internal/cypher/engine.go:888.30,889.35 1 0
github.com/pincherMCP/pincher/internal/cypher/engine.go:889.35,891.6 1 0
github.com/pincherMCP/pincher/internal/cypher/engine.go:893.4,893.22 1 0
github.com/pincherMCP/pincher/internal/cypher/engine.go:897.2,897.14 1 1
github.com/pincherMCP/pincher/internal/cypher/engine.go:897.14,901.35 3 0
github.com/pincherMCP/pincher/internal/cypher/engine.go:901.35,902.24 1 0
github.com/pincherMCP/pincher/internal/cypher/engine.go:902.24,904.18 2 0
github.com/pincherMCP/pincher/internal/cypher/engine.go:904.18,906.6 1 0
github.com/pincherMCP/pincher/internal/cypher/engine.go:907.5,907.21 1 0
github.com/pincherMCP/pincher/internal/cypher/engine.go:910.3,910.76 1 0
github.com/pincherMCP/pincher/internal/cypher/engine.go:914.2,916.30 3 1
github.com/pincherMCP/pincher/internal/cypher/engine.go:916.30,918.35 2 1
github.com/pincherMCP/pincher/internal/cypher/engine.go:918.35,920.25 2 1
github.com/pincherMCP/pincher/internal/cypher/engine.go:920.25,923.5 2 1
github.com/pincherMCP/pincher/internal/cypher/engine.go:923.10,926.5 1 0
github.com/pincherMCP/pincher/internal/cypher/engine.go:927.4,927.21 1 1
github.com/pincherMCP/pincher/internal/cypher/engine.go:929.3,929.29 1 1
github.com/pincherMCP/pincher/internal/cypher/engine.go:929.29,931.4 1 0
github.com/pincherMCP/pincher/internal/cypher/engine.go:932.3,932.17 1 1
github.com/pincherMCP/pincher/internal/cypher/engine.go:932.17,934.17 2 0
github.com/pincherMCP/pincher/internal/cypher/engine.go:934.17,935.13 1 0
github.com/pincherMCP/pincher/internal/cypher/engine.go:937.4,937.20 1 0
github.com/pincherMCP/pincher/internal/cypher/engine.go:939.3,939.36 1 1
github.com/pincherMCP/pincher/internal/cypher/engine.go:943.2,943.21 1 1
github.com/pincherMCP/pincher/internal/cypher/engine.go:943.21,944.51 1 1
github.com/pincherMCP/pincher/internal/cypher/engine.go:944.51,947.28 3 1
github.com/pincherMCP/pincher/internal/cypher/engine.go:947.28,949.5 1 1
github.com/pincherMCP/pincher/internal/cypher/engine.go:950.4,950.18 1 1
github.com/pincherMCP/pincher/internal/cypher/engine.go:955.2,956.16 2 1
github.com/pincherMCP/pincher/internal/cypher/engine.go:956.16,958.3 1 0
github.com/pincherMCP/pincher/internal/cypher/engine.go:959.2,959.28 1 1
github.com/pincherMCP/pincher/internal/cypher/engine.go:959.28,961.3 1 0
github.com/pincherMCP/pincher/internal/cypher/engine.go:963.2,963.76 1 1
github.com/pincherMCP/pincher/internal/cypher/engine.go:970.50,977.16 3 1
github.com/pincherMCP/pincher/internal/cypher/engine.go:977.16,979.3 1 0
github.com/pincherMCP/pincher/internal/cypher/engine.go:980.2,982.16 3 1
github.com/pincherMCP/pincher/internal/cypher/engine.go:985.91,1003.2 9 1
github.com/pincherMCP/pincher/internal/cypher/engine.go:1005.60,1023.2 2 1
github.com/pincherMCP/pincher/internal/cypher/engine.go:1026.42,1027.14 1 1
github.com/pincherMCP/pincher/internal/cypher/engine.go:1028.14,1029.16 1 1
github.com/pincherMCP/pincher/internal/cypher/engine.go:1030.30,1031.26 1 1
github.com/pincherMCP/pincher/internal/cypher/engine.go:1032.23,1033.16 1 1
github.com/pincherMCP/pincher/internal/cypher/engine.go:1034.19,1035.21 1 1
github.com/pincherMCP/pincher/internal/cypher/engine.go:1036.18,1037.20 1 1
github.com/pincherMCP/pincher/internal/cypher/engine.go:1038.20,1039.22 1 1
github.com/pincherMCP/pincher/internal/cypher/engine.go:1040.18,1041.20 1 1
github.com/pincherMCP/pincher/internal/cypher/engine.go:1042.10,1043.12 1 1
github.com/pincherMCP/pincher/internal/cypher/engine.go:1049.68,1050.26 1 1
github.com/pincherMCP/pincher/internal/cypher/engine.go:1050.26,1054.15 3 1
github.com/pincherMCP/pincher/internal/cypher/engine.go:1055.12,1056.25 1 0
github.com/pincherMCP/pincher/internal/cypher/engine.go:1056.25,1058.5 1 0
github.com/pincherMCP/pincher/internal/cypher/engine.go:1059.13,1060.25 1 0
github.com/pincherMCP/pincher/internal/cypher/engine.go:1060.25,1062.5 1 0
github.com/pincherMCP/pincher/internal/cypher/engine.go:1063.13,1065.45 2 0
github.com/pincherMCP/pincher/internal/cypher/engine.go:1065.45,1067.5 1 0
github.com/pincherMCP/pincher/internal/cypher/engine.go:1068.19,1069.42 1 0
github.com/pincherMCP/pincher/internal/cypher/engine.go:1069.42,1071.5 1 0
github.com/pincherMCP/pincher/internal/cypher/engine.go:1072.22,1073.43 1 0
github.com/pincherMCP/pincher/internal/cypher/engine.go:1073.43,1075.5 1 0
github.com/pincherMCP/pincher/internal/cypher/engine.go:1076.29,1079.34 3 1
github.com/pincherMCP/pincher/internal/cypher/engine.go:1079.34,1081.5 1 0
github.com/pincherMCP/pincher/internal/cypher/engine.go:1082.4,1082.16 1 1
github.com/pincherMCP/pincher/internal/cypher/engine.go:1083.13,1084.19 1 0
github.com/pincherMCP/pincher/internal/cypher/engine.go:1084.19,1086.6 1 0
github.com/pincherMCP/pincher/internal/cypher/engine.go:1087.13,1088.19 1 0
github.com/pincherMCP/pincher/internal/cypher/engine.go:1088.19,1090.6 1 0
github.com/pincherMCP/pincher/internal/cypher/engine.go:1091.14,1092.20 1 1
github.com/pincherMCP/pincher/internal/cypher/engine.go:1092.20,1094.6 1 1
github.com/pincherMCP/pincher/internal/cypher/engine.go:1095.14,1096.20 1 1
github.com/pincherMCP/pincher/internal/cypher/engine.go:1096.20,1098.6 1 1
github.com/pincherMCP/pincher/internal/cypher/engine.go:1102.2,1102.13 1 1
github.com/pincherMCP/pincher/internal/cypher/engine.go:1106.43,1113.2 1 0
github.com/pincherMCP/pincher/internal/cypher/engine.go:1116.34,1117.26 1 0
github.com/pincherMCP/pincher/internal/cypher/engine.go:1117.26,1119.3 1 0
github.com/pincherMCP/pincher/internal/cypher/engine.go:1120.2,1120.30 1 0
