mode: set
github.com/pincherMCP/pincher/internal/ast/extractor.go:97.67,99.18 2 1
github.com/pincherMCP/pincher/internal/ast/extractor.go:100.12,101.38 1 1
github.com/pincherMCP/pincher/internal/ast/extractor.go:102.16,103.42 1 1
github.com/pincherMCP/pincher/internal/ast/extractor.go:104.27,105.46 1 1
github.com/pincherMCP/pincher/internal/ast/extractor.go:106.27,107.46 1 1
github.com/pincherMCP/pincher/internal/ast/extractor.go:108.14,109.40 1 1
github.com/pincherMCP/pincher/internal/ast/extractor.go:110.14,111.40 1 1
github.com/pincherMCP/pincher/internal/ast/extractor.go:112.14,113.40 1 1
github.com/pincherMCP/pincher/internal/ast/extractor.go:114.13,115.39 1 1
github.com/pincherMCP/pincher/internal/ast/extractor.go:116.18,117.37 1 1
github.com/pincherMCP/pincher/internal/ast/extractor.go:118.12,119.42 1 1
github.com/pincherMCP/pincher/internal/ast/extractor.go:120.16,121.42 1 1
github.com/pincherMCP/pincher/internal/ast/extractor.go:122.15,123.41 1 1
github.com/pincherMCP/pincher/internal/ast/extractor.go:124.10,125.23 1 1
github.com/pincherMCP/pincher/internal/ast/extractor.go:127.2,128.32 2 1
github.com/pincherMCP/pincher/internal/ast/extractor.go:128.32,130.3 1 1
github.com/pincherMCP/pincher/internal/ast/extractor.go:131.2,131.15 1 1
github.com/pincherMCP/pincher/internal/ast/extractor.go:138.59,141.16 3 1
github.com/pincherMCP/pincher/internal/ast/extractor.go:141.17,143.3 0 1
github.com/pincherMCP/pincher/internal/ast/extractor.go:144.2,144.14 1 1
github.com/pincherMCP/pincher/internal/ast/extractor.go:144.14,146.3 1 0
github.com/pincherMCP/pincher/internal/ast/extractor.go:148.2,149.19 2 1
github.com/pincherMCP/pincher/internal/ast/extractor.go:149.19,151.3 1 1
github.com/pincherMCP/pincher/internal/ast/extractor.go:153.2,158.19 4 1
github.com/pincherMCP/pincher/internal/ast/extractor.go:158.19,160.3 1 1
github.com/pincherMCP/pincher/internal/ast/extractor.go:163.2,163.32 1 1
github.com/pincherMCP/pincher/internal/ast/extractor.go:163.32,164.22 1 1
github.com/pincherMCP/pincher/internal/ast/extractor.go:164.22,172.4 2 1
github.com/pincherMCP/pincher/internal/ast/extractor.go:176.2,176.31 1 1
github.com/pincherMCP/pincher/internal/ast/extractor.go:176.31,177.27 1 1
github.com/pincherMCP/pincher/internal/ast/extractor.go:178.22,183.21 3 1
github.com/pincherMCP/pincher/internal/ast/extractor.go:183.21,186.5 2 1
github.com/pincherMCP/pincher/internal/ast/extractor.go:188.21,190.52 2 1
github.com/pincherMCP/pincher/internal/ast/extractor.go:194.2,194.15 1 1
github.com/pincherMCP/pincher/internal/ast/extractor.go:197.134,207.43 7 1
github.com/pincherMCP/pincher/internal/ast/extractor.go:207.43,213.3 5 1
github.com/pincherMCP/pincher/internal/ast/extractor.go:215.2,217.27 3 1
github.com/pincherMCP/pincher/internal/ast/extractor.go:217.27,219.41 2 1
github.com/pincherMCP/pincher/internal/ast/extractor.go:219.41,221.4 1 1
github.com/pincherMCP/pincher/internal/ast/extractor.go:222.3,222.38 1 1
github.com/pincherMCP/pincher/internal/ast/extractor.go:225.2,226.18 2 1
github.com/pincherMCP/pincher/internal/ast/extractor.go:226.18,228.3 1 1
github.com/pincherMCP/pincher/internal/ast/extractor.go:230.2,250.3 4 1
github.com/pincherMCP/pincher/internal/ast/extractor.go:253.126,255.31 2 1
github.com/pincherMCP/pincher/internal/ast/extractor.go:255.31,256.28 1 1
github.com/pincherMCP/pincher/internal/ast/extractor.go:257.22,261.26 4 1
github.com/pincherMCP/pincher/internal/ast/extractor.go:262.25,263.19 1 1
github.com/pincherMCP/pincher/internal/ast/extractor.go:264.28,265.23 1 1
github.com/pincherMCP/pincher/internal/ast/extractor.go:267.4,268.20 2 1
github.com/pincherMCP/pincher/internal/ast/extractor.go:268.20,270.5 1 0
github.com/pincherMCP/pincher/internal/ast/extractor.go:271.4,281.6 1 1
github.com/pincherMCP/pincher/internal/ast/extractor.go:284.2,284.13 1 1
github.com/pincherMCP/pincher/internal/ast/extractor.go:287.75,289.42 2 1
github.com/pincherMCP/pincher/internal/ast/extractor.go:289.42,291.10 2 1
github.com/pincherMCP/pincher/internal/ast/extractor.go:291.10,293.4 1 1
github.com/pincherMCP/pincher/internal/ast/extractor.go:294.3,295.19 2 1
github.com/pincherMCP/pincher/internal/ast/extractor.go:295.19,302.4 1 1
github.com/pincherMCP/pincher/internal/ast/extractor.go:303.3,303.14 1 1
github.com/pincherMCP/pincher/internal/ast/extractor.go:305.2,305.14 1 1
github.com/pincherMCP/pincher/internal/ast/extractor.go:308.45,309.26 1 1
github.com/pincherMCP/pincher/internal/ast/extractor.go:310.18,311.16 1 1
github.com/pincherMCP/pincher/internal/ast/extractor.go:312.25,313.50 1 1
github.com/pincherMCP/pincher/internal/ast/extractor.go:314.10,315.12 1 0
github.com/pincherMCP/pincher/internal/ast/extractor.go:319.43,320.26 1 1
github.com/pincherMCP/pincher/internal/ast/extractor.go:321.18,322.16 1 1
github.com/pincherMCP/pincher/internal/ast/extractor.go:323.21,324.35 1 1
github.com/pincherMCP/pincher/internal/ast/extractor.go:325.25,326.48 1 1
github.com/pincherMCP/pincher/internal/ast/extractor.go:327.22,328.38 1 1
github.com/pincherMCP/pincher/internal/ast/extractor.go:329.20,330.72 1 1
github.com/pincherMCP/pincher/internal/ast/extractor.go:331.10,332.13 1 0
github.com/pincherMCP/pincher/internal/ast/extractor.go:336.47,339.43 3 1
github.com/pincherMCP/pincher/internal/ast/extractor.go:339.43,343.3 3 1
github.com/pincherMCP/pincher/internal/ast/extractor.go:344.2,346.26 3 1
github.com/pincherMCP/pincher/internal/ast/extractor.go:346.26,347.40 1 1
github.com/pincherMCP/pincher/internal/ast/extractor.go:347.40,348.13 1 1
github.com/pincherMCP/pincher/internal/ast/extractor.go:348.13,350.5 1 0
github.com/pincherMCP/pincher/internal/ast/extractor.go:351.4,351.30 1 1
github.com/pincherMCP/pincher/internal/ast/extractor.go:351.30,352.14 1 1
github.com/pincherMCP/pincher/internal/ast/extractor.go:352.14,354.6 1 1
github.com/pincherMCP/pincher/internal/ast/extractor.go:355.5,355.27 1 1
github.com/pincherMCP/pincher/internal/ast/extractor.go:357.4,358.42 2 1
github.com/pincherMCP/pincher/internal/ast/extractor.go:361.2,362.27 2 1
github.com/pincherMCP/pincher/internal/ast/extractor.go:362.27,364.35 2 1
github.com/pincherMCP/pincher/internal/ast/extractor.go:364.35,366.4 1 1
github.com/pincherMCP/pincher/internal/ast/extractor.go:367.3,367.41 1 1
github.com/pincherMCP/pincher/internal/ast/extractor.go:367.41,368.13 1 1
github.com/pincherMCP/pincher/internal/ast/extractor.go:368.13,370.5 1 1
github.com/pincherMCP/pincher/internal/ast/extractor.go:371.4,371.42 1 1
github.com/pincherMCP/pincher/internal/ast/extractor.go:373.3,373.35 1 1
github.com/pincherMCP/pincher/internal/ast/extractor.go:373.35,375.4 1 1
github.com/pincherMCP/pincher/internal/ast/extractor.go:377.2,377.20 1 1
github.com/pincherMCP/pincher/internal/ast/extractor.go:394.106,402.35 6 1
github.com/pincherMCP/pincher/internal/ast/extractor.go:402.35,405.33 3 1
github.com/pincherMCP/pincher/internal/ast/extractor.go:405.33,407.4 1 1
github.com/pincherMCP/pincher/internal/ast/extractor.go:410.3,410.24 1 1
github.com/pincherMCP/pincher/internal/ast/extractor.go:410.24,411.58 1 1
github.com/pincherMCP/pincher/internal/ast/extractor.go:411.58,413.19 2 1
github.com/pincherMCP/pincher/internal/ast/extractor.go:413.19,431.6 7 1
github.com/pincherMCP/pincher/internal/ast/extractor.go:436.3,436.32 1 1
github.com/pincherMCP/pincher/internal/ast/extractor.go:436.32,438.4 1 1
github.com/pincherMCP/pincher/internal/ast/extractor.go:441.3,441.28 1 1
github.com/pincherMCP/pincher/internal/ast/extractor.go:441.28,442.62 1 1
github.com/pincherMCP/pincher/internal/ast/extractor.go:442.62,444.19 2 1
github.com/pincherMCP/pincher/internal/ast/extractor.go:444.19,457.6 3 1
github.com/pincherMCP/pincher/internal/ast/extractor.go:462.3,462.23 1 1
github.com/pincherMCP/pincher/internal/ast/extractor.go:462.23,463.57 1 1
github.com/pincherMCP/pincher/internal/ast/extractor.go:463.57,465.19 2 1
github.com/pincherMCP/pincher/internal/ast/extractor.go:465.19,473.6 3 1
github.com/pincherMCP/pincher/internal/ast/extractor.go:478.3,479.47 2 1
github.com/pincherMCP/pincher/internal/ast/extractor.go:479.47,481.4 1 0
github.com/pincherMCP/pincher/internal/ast/extractor.go:482.3,482.25 1 1
github.com/pincherMCP/pincher/internal/ast/extractor.go:482.25,483.59 1 1
github.com/pincherMCP/pincher/internal/ast/extractor.go:483.59,485.19 2 1
github.com/pincherMCP/pincher/internal/ast/extractor.go:485.19,489.24 4 1
github.com/pincherMCP/pincher/internal/ast/extractor.go:489.24,491.7 1 0
github.com/pincherMCP/pincher/internal/ast/extractor.go:493.6,496.28 4 1
github.com/pincherMCP/pincher/internal/ast/extractor.go:496.28,500.7 3 1
github.com/pincherMCP/pincher/internal/ast/extractor.go:502.6,515.8 1 1
github.com/pincherMCP/pincher/internal/ast/extractor.go:521.3,521.25 1 1
github.com/pincherMCP/pincher/internal/ast/extractor.go:521.25,522.59 1 1
github.com/pincherMCP/pincher/internal/ast/extractor.go:522.59,524.18 2 1
github.com/pincherMCP/pincher/internal/ast/extractor.go:524.18,526.6 1 0
github.com/pincherMCP/pincher/internal/ast/extractor.go:527.5,527.18 1 1
github.com/pincherMCP/pincher/internal/ast/extractor.go:527.18,531.6 1 1
github.com/pincherMCP/pincher/internal/ast/extractor.go:535.2,535.15 1 1
github.com/pincherMCP/pincher/internal/ast/extractor.go:554.63,558.38 1 1
github.com/pincherMCP/pincher/internal/ast/extractor.go:558.38,560.4 1 1
github.com/pincherMCP/pincher/internal/ast/extractor.go:561.34,563.4 1 1
github.com/pincherMCP/pincher/internal/ast/extractor.go:565.2,571.12 6 1
github.com/pincherMCP/pincher/internal/ast/extractor.go:582.67,586.38 1 1
github.com/pincherMCP/pincher/internal/ast/extractor.go:586.38,589.4 1 1
github.com/pincherMCP/pincher/internal/ast/extractor.go:590.34,592.4 1 1
github.com/pincherMCP/pincher/internal/ast/extractor.go:594.2,594.58 1 1
github.com/pincherMCP/pincher/internal/ast/extractor.go:607.67,611.38 1 1
github.com/pincherMCP/pincher/internal/ast/extractor.go:611.38,611.53 1 1
github.com/pincherMCP/pincher/internal/ast/extractor.go:612.34,614.4 1 1
github.com/pincherMCP/pincher/internal/ast/extractor.go:616.2,616.58 1 1
github.com/pincherMCP/pincher/internal/ast/extractor.go:627.61,631.38 1 1
github.com/pincherMCP/pincher/internal/ast/extractor.go:631.38,634.4 1 1
github.com/pincherMCP/pincher/internal/ast/extractor.go:635.34,635.50 1 1
github.com/pincherMCP/pincher/internal/ast/extractor.go:637.2,637.54 1 1
github.com/pincherMCP/pincher/internal/ast/extractor.go:648.61,652.38 1 1
github.com/pincherMCP/pincher/internal/ast/extractor.go:652.38,654.4 1 1
github.com/pincherMCP/pincher/internal/ast/extractor.go:655.34,655.50 1 1
github.com/pincherMCP/pincher/internal/ast/extractor.go:657.2,657.54 1 1
github.com/pincherMCP/pincher/internal/ast/extractor.go:665.61,666.82 1 1
github.com/pincherMCP/pincher/internal/ast/extractor.go:666.82,666.97 1 1
github.com/pincherMCP/pincher/internal/ast/extractor.go:666.127,666.143 1 1
github.com/pincherMCP/pincher/internal/ast/extractor.go:667.2,667.54 1 1
github.com/pincherMCP/pincher/internal/ast/extractor.go:675.60,676.84 1 1
github.com/pincherMCP/pincher/internal/ast/extractor.go:676.84,676.99 1 1
github.com/pincherMCP/pincher/internal/ast/extractor.go:676.129,676.145 1 1
github.com/pincherMCP/pincher/internal/ast/extractor.go:677.2,677.52 1 1
github.com/pincherMCP/pincher/internal/ast/extractor.go:684.58,685.84 1 1
github.com/pincherMCP/pincher/internal/ast/extractor.go:685.84,685.99 1 1
github.com/pincherMCP/pincher/internal/ast/extractor.go:685.129,685.145 1 1
github.com/pincherMCP/pincher/internal/ast/extractor.go:686.2,686.48 1 1
github.com/pincherMCP/pincher/internal/ast/extractor.go:695.63,696.83 1 1
github.com/pincherMCP/pincher/internal/ast/extractor.go:696.83,696.98 1 1
github.com/pincherMCP/pincher/internal/ast/extractor.go:696.128,696.144 1 1
github.com/pincherMCP/pincher/internal/ast/extractor.go:697.2,697.50 1 1
github.com/pincherMCP/pincher/internal/ast/extractor.go:705.63,706.83 1 1
github.com/pincherMCP/pincher/internal/ast/extractor.go:706.83,706.98 1 1
github.com/pincherMCP/pincher/internal/ast/extractor.go:706.128,706.144 1 1
github.com/pincherMCP/pincher/internal/ast/extractor.go:707.2,707.58 1 1
github.com/pincherMCP/pincher/internal/ast/extractor.go:716.62,717.83 1 1
github.com/pincherMCP/pincher/internal/ast/extractor.go:717.83,717.98 1 1
github.com/pincherMCP/pincher/internal/ast/extractor.go:717.128,717.144 1 1
github.com/pincherMCP/pincher/internal/ast/extractor.go:718.2,718.56 1 1
github.com/pincherMCP/pincher/internal/ast/extractor.go:726.44,728.27 2 1
github.com/pincherMCP/pincher/internal/ast/extractor.go:728.27,729.37 1 1
github.com/pincherMCP/pincher/internal/ast/extractor.go:729.37,731.4 1 1
github.com/pincherMCP/pincher/internal/ast/extractor.go:733.2,733.16 1 1
github.com/pincherMCP/pincher/internal/ast/extractor.go:737.41,740.16 3 1
github.com/pincherMCP/pincher/internal/ast/extractor.go:740.16,742.3 1 1
github.com/pincherMCP/pincher/internal/ast/extractor.go:743.2,743.14 1 1
github.com/pincherMCP/pincher/internal/ast/extractor.go:749.71,750.32 1 1
github.com/pincherMCP/pincher/internal/ast/extractor.go:750.32,752.3 1 0
github.com/pincherMCP/pincher/internal/ast/extractor.go:753.2,753.20 1 1
github.com/pincherMCP/pincher/internal/ast/extractor.go:753.20,758.39 3 1
github.com/pincherMCP/pincher/internal/ast/extractor.go:758.39,759.27 1 1
github.com/pincherMCP/pincher/internal/ast/extractor.go:759.27,761.5 1 1
github.com/pincherMCP/pincher/internal/ast/extractor.go:762.4,762.9 1 1
github.com/pincherMCP/pincher/internal/ast/extractor.go:764.3,764.31 1 1
github.com/pincherMCP/pincher/internal/ast/extractor.go:767.2,769.45 3 1
github.com/pincherMCP/pincher/internal/ast/extractor.go:769.45,770.29 1 1
github.com/pincherMCP/pincher/internal/ast/extractor.go:770.29,773.4 2 1
github.com/pincherMCP/pincher/internal/ast/extractor.go:773.9,773.38 1 1
github.com/pincherMCP/pincher/internal/ast/extractor.go:773.38,775.29 2 1
github.com/pincherMCP/pincher/internal/ast/extractor.go:775.29,777.5 1 1
github.com/pincherMCP/pincher/internal/ast/extractor.go:780.2,780.20 1 1
github.com/pincherMCP/pincher/internal/ast/extractor.go:784.54,786.15 2 1
github.com/pincherMCP/pincher/internal/ast/extractor.go:786.15,788.33 2 1
github.com/pincherMCP/pincher/internal/ast/extractor.go:788.33,790.4 1 1
github.com/pincherMCP/pincher/internal/ast/extractor.go:790.9,792.4 1 1
github.com/pincherMCP/pincher/internal/ast/extractor.go:794.2,794.15 1 1
github.com/pincherMCP/pincher/internal/ast/extractor.go:798.43,801.50 2 1
github.com/pincherMCP/pincher/internal/ast/extractor.go:801.50,803.3 1 1
github.com/pincherMCP/pincher/internal/ast/extractor.go:805.2,807.13 3 1
github.com/pincherMCP/pincher/internal/ast/extractor.go:812.51,815.30 1 1
github.com/pincherMCP/pincher/internal/ast/extractor.go:815.30,816.17 1 1
github.com/pincherMCP/pincher/internal/ast/extractor.go:816.17,818.4 1 1
github.com/pincherMCP/pincher/internal/ast/extractor.go:820.2,820.11 1 1
github.com/pincherMCP/pincher/internal/ast/extractor.go:824.57,825.15 1 1
github.com/pincherMCP/pincher/internal/ast/extractor.go:825.15,827.3 1 1
github.com/pincherMCP/pincher/internal/ast/extractor.go:828.2,828.17 1 1
github.com/pincherMCP/pincher/internal/ast/extractor.go:832.42,836.30 4 1
github.com/pincherMCP/pincher/internal/ast/extractor.go:836.30,838.3 1 1
github.com/pincherMCP/pincher/internal/ast/extractor.go:839.2,839.14 1 1
github.com/pincherMCP/pincher/internal/ast/extractor.go:843.24,844.11 1 1
github.com/pincherMCP/pincher/internal/ast/extractor.go:844.11,846.3 1 1
github.com/pincherMCP/pincher/internal/ast/extractor.go:847.2,847.10 1 1
github.com/pincherMCP/pincher/internal/ast/languages.go:7.45,9.50 2 1
github.com/pincherMCP/pincher/internal/ast/languages.go:9.50,11.3 1 1
github.com/pincherMCP/pincher/internal/ast/languages.go:12.2,12.13 1 1
github.com/pincherMCP/pincher/internal/ast/languages.go:13.13,14.14 1 1
github.com/pincherMCP/pincher/internal/ast/languages.go:15.21,16.18 1 1
github.com/pincherMCP/pincher/internal/ast/languages.go:17.29,18.22 1 1
github.com/pincherMCP/pincher/internal/ast/languages.go:19.14,20.15 1 1
github.com/pincherMCP/pincher/internal/ast/languages.go:21.13,22.22 1 1
github.com/pincherMCP/pincher/internal/ast/languages.go:23.14,24.15 1 1
github.com/pincherMCP/pincher/internal/ast/languages.go:25.13,26.16 1 1
github.com/pincherMCP/pincher/internal/ast/languages.go:27.15,28.16 1 1
github.com/pincherMCP/pincher/internal/ast/languages.go:29.22,30.16 1 1
github.com/pincherMCP/pincher/internal/ast/languages.go:31.14,32.15 1 1
github.com/pincherMCP/pincher/internal/ast/languages.go:33.18,34.13 1 1
github.com/pincherMCP/pincher/internal/ast/languages.go:35.44,36.15 1 1
github.com/pincherMCP/pincher/internal/ast/languages.go:37.13,38.14 1 1
github.com/pincherMCP/pincher/internal/ast/languages.go:39.21,40.18 1 1
github.com/pincherMCP/pincher/internal/ast/languages.go:41.16,42.17 1 1
github.com/pincherMCP/pincher/internal/ast/languages.go:43.16,44.17 1 0
github.com/pincherMCP/pincher/internal/ast/languages.go:45.14,46.15 1 0
github.com/pincherMCP/pincher/internal/ast/languages.go:47.14,48.15 1 0
github.com/pincherMCP/pincher/internal/ast/languages.go:49.21,50.18 1 0
github.com/pincherMCP/pincher/internal/ast/languages.go:51.13,52.19 1 0
github.com/pincherMCP/pincher/internal/ast/languages.go:53.15,54.16 1 0
github.com/pincherMCP/pincher/internal/ast/languages.go:55.22,56.16 1 1
github.com/pincherMCP/pincher/internal/ast/languages.go:57.12,58.13 1 0
github.com/pincherMCP/pincher/internal/ast/languages.go:59.10,60.12 1 1
github.com/pincherMCP/pincher/internal/ast/languages.go:65.41,67.2 1 1
github.com/pincherMCP/pincher/internal/ast/languages.go:70.36,76.2 1 1
