mode: set
github.com/pincherMCP/pincher/internal/db/db.go:31.32,33.22 2 1
github.com/pincherMCP/pincher/internal/db/db.go:34.17,36.17 2 1
github.com/pincherMCP/pincher/internal/db/db.go:36.17,38.4 1 0
github.com/pincherMCP/pincher/internal/db/db.go:39.16,40.76 1 0
github.com/pincherMCP/pincher/internal/db/db.go:41.10,43.17 2 0
github.com/pincherMCP/pincher/internal/db/db.go:43.17,45.4 1 0
github.com/pincherMCP/pincher/internal/db/db.go:47.2,48.37 2 1
github.com/pincherMCP/pincher/internal/db/db.go:52.39,63.16 4 1
github.com/pincherMCP/pincher/internal/db/db.go:63.16,65.3 1 0
github.com/pincherMCP/pincher/internal/db/db.go:66.2,70.36 4 1
github.com/pincherMCP/pincher/internal/db/db.go:70.36,73.3 2 0
github.com/pincherMCP/pincher/internal/db/db.go:74.2,74.15 1 1
github.com/pincherMCP/pincher/internal/db/db.go:78.30,78.45 1 1
github.com/pincherMCP/pincher/internal/db/db.go:81.31,81.54 1 1
github.com/pincherMCP/pincher/internal/db/db.go:118.33,120.45 1 1
github.com/pincherMCP/pincher/internal/db/db.go:120.45,122.3 1 0
github.com/pincherMCP/pincher/internal/db/db.go:125.2,127.16 1 1
github.com/pincherMCP/pincher/internal/db/db.go:127.16,129.3 1 0
github.com/pincherMCP/pincher/internal/db/db.go:131.2,133.16 1 1
github.com/pincherMCP/pincher/internal/db/db.go:133.16,135.3 1 0
github.com/pincherMCP/pincher/internal/db/db.go:138.2,139.91 2 1
github.com/pincherMCP/pincher/internal/db/db.go:139.91,141.3 1 0
github.com/pincherMCP/pincher/internal/db/db.go:144.2,144.55 1 1
github.com/pincherMCP/pincher/internal/db/db.go:144.55,145.59 1 1
github.com/pincherMCP/pincher/internal/db/db.go:145.59,147.4 1 0
github.com/pincherMCP/pincher/internal/db/db.go:148.3,149.85 2 1
github.com/pincherMCP/pincher/internal/db/db.go:149.85,151.4 1 0
github.com/pincherMCP/pincher/internal/db/db.go:153.2,153.12 1 1
github.com/pincherMCP/pincher/internal/db/db.go:318.64,320.2 1 1
github.com/pincherMCP/pincher/internal/db/db.go:355.48,366.2 2 1
github.com/pincherMCP/pincher/internal/db/db.go:369.51,372.16 2 1
github.com/pincherMCP/pincher/internal/db/db.go:372.16,374.3 1 0
github.com/pincherMCP/pincher/internal/db/db.go:375.2,377.18 3 1
github.com/pincherMCP/pincher/internal/db/db.go:377.18,380.106 3 1
github.com/pincherMCP/pincher/internal/db/db.go:380.106,382.4 1 0
github.com/pincherMCP/pincher/internal/db/db.go:383.3,384.23 2 1
github.com/pincherMCP/pincher/internal/db/db.go:386.2,386.24 1 1
github.com/pincherMCP/pincher/internal/db/db.go:390.57,395.114 4 1
github.com/pincherMCP/pincher/internal/db/db.go:395.114,397.3 1 1
github.com/pincherMCP/pincher/internal/db/db.go:397.8,397.23 1 1
github.com/pincherMCP/pincher/internal/db/db.go:397.23,399.3 1 0
github.com/pincherMCP/pincher/internal/db/db.go:400.2,401.16 2 1
github.com/pincherMCP/pincher/internal/db/db.go:405.48,407.16 2 1
github.com/pincherMCP/pincher/internal/db/db.go:407.16,409.3 1 0
github.com/pincherMCP/pincher/internal/db/db.go:410.2,417.4 2 1
github.com/pincherMCP/pincher/internal/db/db.go:417.4,418.43 1 1
github.com/pincherMCP/pincher/internal/db/db.go:418.43,420.4 1 0
github.com/pincherMCP/pincher/internal/db/db.go:422.2,422.20 1 1
github.com/pincherMCP/pincher/internal/db/db.go:431.56,432.20 1 1
github.com/pincherMCP/pincher/internal/db/db.go:432.20,434.3 1 0
github.com/pincherMCP/pincher/internal/db/db.go:435.2,436.16 2 1
github.com/pincherMCP/pincher/internal/db/db.go:436.16,438.3 1 0
github.com/pincherMCP/pincher/internal/db/db.go:439.2,449.16 3 1
github.com/pincherMCP/pincher/internal/db/db.go:449.16,451.3 1 0
github.com/pincherMCP/pincher/internal/db/db.go:452.2,454.22 2 1
github.com/pincherMCP/pincher/internal/db/db.go:454.22,457.16 3 1
github.com/pincherMCP/pincher/internal/db/db.go:457.16,459.4 1 1
github.com/pincherMCP/pincher/internal/db/db.go:460.3,467.17 2 1
github.com/pincherMCP/pincher/internal/db/db.go:467.17,469.4 1 0
github.com/pincherMCP/pincher/internal/db/db.go:471.2,471.20 1 1
github.com/pincherMCP/pincher/internal/db/db.go:475.72,477.16 2 1
github.com/pincherMCP/pincher/internal/db/db.go:477.16,479.3 1 0
github.com/pincherMCP/pincher/internal/db/db.go:480.2,483.16 3 1
github.com/pincherMCP/pincher/internal/db/db.go:483.16,485.3 1 0
github.com/pincherMCP/pincher/internal/db/db.go:486.2,487.18 2 1
github.com/pincherMCP/pincher/internal/db/db.go:487.18,489.40 2 1
github.com/pincherMCP/pincher/internal/db/db.go:489.40,492.4 2 0
github.com/pincherMCP/pincher/internal/db/db.go:493.3,493.24 1 1
github.com/pincherMCP/pincher/internal/db/db.go:495.2,497.25 2 1
github.com/pincherMCP/pincher/internal/db/db.go:497.25,498.92 1 1
github.com/pincherMCP/pincher/internal/db/db.go:498.92,500.4 1 0
github.com/pincherMCP/pincher/internal/db/db.go:502.2,502.114 1 1
github.com/pincherMCP/pincher/internal/db/db.go:502.114,504.3 1 0
github.com/pincherMCP/pincher/internal/db/db.go:505.2,505.20 1 1
github.com/pincherMCP/pincher/internal/db/db.go:509.55,512.2 2 1
github.com/pincherMCP/pincher/internal/db/db.go:515.87,517.16 2 1
github.com/pincherMCP/pincher/internal/db/db.go:517.16,519.3 1 0
github.com/pincherMCP/pincher/internal/db/db.go:520.2,521.30 2 1
github.com/pincherMCP/pincher/internal/db/db.go:525.72,527.16 2 1
github.com/pincherMCP/pincher/internal/db/db.go:527.16,529.3 1 0
github.com/pincherMCP/pincher/internal/db/db.go:530.2,531.30 2 1
github.com/pincherMCP/pincher/internal/db/db.go:535.81,539.16 2 1
github.com/pincherMCP/pincher/internal/db/db.go:539.16,541.3 1 0
github.com/pincherMCP/pincher/internal/db/db.go:542.2,543.30 2 1
github.com/pincherMCP/pincher/internal/db/db.go:547.76,557.16 2 1
github.com/pincherMCP/pincher/internal/db/db.go:557.16,559.3 1 0
github.com/pincherMCP/pincher/internal/db/db.go:560.2,561.30 2 1
github.com/pincherMCP/pincher/internal/db/db.go:570.107,571.16 1 1
github.com/pincherMCP/pincher/internal/db/db.go:571.16,573.3 1 0
github.com/pincherMCP/pincher/internal/db/db.go:574.2,585.16 3 1
github.com/pincherMCP/pincher/internal/db/db.go:585.16,588.3 2 1
github.com/pincherMCP/pincher/internal/db/db.go:589.2,589.20 1 1
github.com/pincherMCP/pincher/internal/db/db.go:589.20,592.3 2 0
github.com/pincherMCP/pincher/internal/db/db.go:593.2,597.16 4 1
github.com/pincherMCP/pincher/internal/db/db.go:597.16,599.3 1 0
github.com/pincherMCP/pincher/internal/db/db.go:600.2,603.18 3 1
github.com/pincherMCP/pincher/internal/db/db.go:603.18,606.59 3 1
github.com/pincherMCP/pincher/internal/db/db.go:606.59,608.4 1 0
github.com/pincherMCP/pincher/internal/db/db.go:609.3,609.70 1 1
github.com/pincherMCP/pincher/internal/db/db.go:611.2,611.28 1 1
github.com/pincherMCP/pincher/internal/db/db.go:619.53,620.21 1 1
github.com/pincherMCP/pincher/internal/db/db.go:620.21,622.3 1 1
github.com/pincherMCP/pincher/internal/db/db.go:623.2,624.16 2 1
github.com/pincherMCP/pincher/internal/db/db.go:624.16,626.3 1 0
github.com/pincherMCP/pincher/internal/db/db.go:627.2,632.16 3 1
github.com/pincherMCP/pincher/internal/db/db.go:632.16,634.3 1 0
github.com/pincherMCP/pincher/internal/db/db.go:635.2,637.23 2 1
github.com/pincherMCP/pincher/internal/db/db.go:637.23,640.28 3 1
github.com/pincherMCP/pincher/internal/db/db.go:640.28,643.4 2 1
github.com/pincherMCP/pincher/internal/db/db.go:644.3,644.106 1 1
github.com/pincherMCP/pincher/internal/db/db.go:644.106,646.4 1 0
github.com/pincherMCP/pincher/internal/db/db.go:648.2,648.20 1 1
github.com/pincherMCP/pincher/internal/db/db.go:652.74,654.2 1 1
github.com/pincherMCP/pincher/internal/db/db.go:657.70,659.2 1 1
github.com/pincherMCP/pincher/internal/db/db.go:661.76,664.20 3 1
github.com/pincherMCP/pincher/internal/db/db.go:664.20,666.27 2 1
github.com/pincherMCP/pincher/internal/db/db.go:666.27,667.13 1 1
github.com/pincherMCP/pincher/internal/db/db.go:667.13,669.5 1 0
github.com/pincherMCP/pincher/internal/db/db.go:670.4,671.26 2 1
github.com/pincherMCP/pincher/internal/db/db.go:673.3,673.35 1 1
github.com/pincherMCP/pincher/internal/db/db.go:675.2,676.16 2 1
github.com/pincherMCP/pincher/internal/db/db.go:676.16,678.3 1 0
github.com/pincherMCP/pincher/internal/db/db.go:679.2,681.18 3 1
github.com/pincherMCP/pincher/internal/db/db.go:681.18,684.111 3 1
github.com/pincherMCP/pincher/internal/db/db.go:684.111,686.4 1 0
github.com/pincherMCP/pincher/internal/db/db.go:687.3,687.46 1 1
github.com/pincherMCP/pincher/internal/db/db.go:687.46,689.4 1 1
github.com/pincherMCP/pincher/internal/db/db.go:690.3,690.23 1 1
github.com/pincherMCP/pincher/internal/db/db.go:692.2,692.24 1 1
github.com/pincherMCP/pincher/internal/db/db.go:701.72,709.2 2 1
github.com/pincherMCP/pincher/internal/db/db.go:713.72,719.16 3 1
github.com/pincherMCP/pincher/internal/db/db.go:719.16,721.3 1 1
github.com/pincherMCP/pincher/internal/db/db.go:722.2,722.20 1 1
github.com/pincherMCP/pincher/internal/db/db.go:729.80,731.16 2 1
github.com/pincherMCP/pincher/internal/db/db.go:731.16,733.3 1 0
github.com/pincherMCP/pincher/internal/db/db.go:734.2,736.25 2 1
github.com/pincherMCP/pincher/internal/db/db.go:736.25,743.41 4 1
github.com/pincherMCP/pincher/internal/db/db.go:743.41,744.12 1 1
github.com/pincherMCP/pincher/internal/db/db.go:746.3,751.4 1 1
github.com/pincherMCP/pincher/internal/db/db.go:753.2,753.20 1 1
github.com/pincherMCP/pincher/internal/db/db.go:767.113,773.35 4 1
github.com/pincherMCP/pincher/internal/db/db.go:773.35,775.24 2 1
github.com/pincherMCP/pincher/internal/db/db.go:775.24,777.4 1 1
github.com/pincherMCP/pincher/internal/db/db.go:777.9,779.4 1 1
github.com/pincherMCP/pincher/internal/db/db.go:780.3,781.24 2 1
github.com/pincherMCP/pincher/internal/db/db.go:781.24,783.4 1 1
github.com/pincherMCP/pincher/internal/db/db.go:783.9,785.4 1 1
github.com/pincherMCP/pincher/internal/db/db.go:787.3,803.31 3 1
github.com/pincherMCP/pincher/internal/db/db.go:803.31,805.4 1 1
github.com/pincherMCP/pincher/internal/db/db.go:806.3,809.17 3 1
github.com/pincherMCP/pincher/internal/db/db.go:809.17,811.4 1 0
github.com/pincherMCP/pincher/internal/db/db.go:812.3,813.19 2 1
github.com/pincherMCP/pincher/internal/db/db.go:813.19,815.71 2 1
github.com/pincherMCP/pincher/internal/db/db.go:815.71,817.5 1 0
github.com/pincherMCP/pincher/internal/db/db.go:819.4,819.73 1 1
github.com/pincherMCP/pincher/internal/db/db.go:819.73,821.5 1 1
github.com/pincherMCP/pincher/internal/db/db.go:823.3,823.20 1 1
github.com/pincherMCP/pincher/internal/db/db.go:826.2,826.52 1 1
github.com/pincherMCP/pincher/internal/db/db.go:826.52,827.44 1 1
github.com/pincherMCP/pincher/internal/db/db.go:827.44,829.4 1 0
github.com/pincherMCP/pincher/internal/db/db.go:831.2,831.51 1 1
github.com/pincherMCP/pincher/internal/db/db.go:831.51,832.43 1 1
github.com/pincherMCP/pincher/internal/db/db.go:832.43,834.4 1 0
github.com/pincherMCP/pincher/internal/db/db.go:837.2,838.25 2 1
github.com/pincherMCP/pincher/internal/db/db.go:838.25,840.3 1 1
github.com/pincherMCP/pincher/internal/db/db.go:841.2,841.17 1 1
github.com/pincherMCP/pincher/internal/db/db.go:845.126,849.115 3 1
github.com/pincherMCP/pincher/internal/db/db.go:849.115,851.3 1 0
github.com/pincherMCP/pincher/internal/db/db.go:852.2,852.114 1 1
github.com/pincherMCP/pincher/internal/db/db.go:852.114,854.3 1 0
github.com/pincherMCP/pincher/internal/db/db.go:856.2,857.17 2 1
github.com/pincherMCP/pincher/internal/db/db.go:857.17,860.3 2 0
github.com/pincherMCP/pincher/internal/db/db.go:861.2,862.18 2 1
github.com/pincherMCP/pincher/internal/db/db.go:862.18,865.42 3 1
github.com/pincherMCP/pincher/internal/db/db.go:865.42,867.4 1 0
github.com/pincherMCP/pincher/internal/db/db.go:868.3,868.20 1 1
github.com/pincherMCP/pincher/internal/db/db.go:871.2,872.17 2 1
github.com/pincherMCP/pincher/internal/db/db.go:872.17,875.3 2 0
github.com/pincherMCP/pincher/internal/db/db.go:876.2,877.19 2 1
github.com/pincherMCP/pincher/internal/db/db.go:877.19,880.43 3 1
github.com/pincherMCP/pincher/internal/db/db.go:880.43,882.4 1 0
github.com/pincherMCP/pincher/internal/db/db.go:883.3,883.24 1 1
github.com/pincherMCP/pincher/internal/db/db.go:885.2,885.8 1 1
github.com/pincherMCP/pincher/internal/db/db.go:893.60,897.2 3 1
github.com/pincherMCP/pincher/internal/db/db.go:900.65,905.2 2 1
github.com/pincherMCP/pincher/internal/db/db.go:908.62,911.2 2 1
github.com/pincherMCP/pincher/internal/db/db.go:918.60,923.2 2 1
github.com/pincherMCP/pincher/internal/db/db.go:926.69,929.26 3 1
github.com/pincherMCP/pincher/internal/db/db.go:929.26,931.3 1 1
github.com/pincherMCP/pincher/internal/db/db.go:932.2,932.31 1 1
github.com/pincherMCP/pincher/internal/db/db.go:936.71,938.16 2 1
github.com/pincherMCP/pincher/internal/db/db.go:938.16,940.3 1 0
github.com/pincherMCP/pincher/internal/db/db.go:941.2,943.18 3 1
github.com/pincherMCP/pincher/internal/db/db.go:943.18,945.43 2 1
github.com/pincherMCP/pincher/internal/db/db.go:945.43,947.4 1 0
github.com/pincherMCP/pincher/internal/db/db.go:948.3,948.13 1 1
github.com/pincherMCP/pincher/internal/db/db.go:950.2,950.24 1 1
github.com/pincherMCP/pincher/internal/db/db.go:954.56,957.2 2 1
github.com/pincherMCP/pincher/internal/db/db.go:971.51,982.26 5 1
github.com/pincherMCP/pincher/internal/db/db.go:982.26,984.3 1 1
github.com/pincherMCP/pincher/internal/db/db.go:985.2,985.16 1 1
github.com/pincherMCP/pincher/internal/db/db.go:985.16,987.3 1 0
github.com/pincherMCP/pincher/internal/db/db.go:988.2,996.18 9 1
github.com/pincherMCP/pincher/internal/db/db.go:999.56,1001.18 2 1
github.com/pincherMCP/pincher/internal/db/db.go:1001.18,1003.55 2 1
github.com/pincherMCP/pincher/internal/db/db.go:1003.55,1005.4 1 0
github.com/pincherMCP/pincher/internal/db/db.go:1006.3,1006.25 1 1
github.com/pincherMCP/pincher/internal/db/db.go:1008.2,1008.24 1 1
github.com/pincherMCP/pincher/internal/db/db.go:1011.59,1020.16 3 1
github.com/pincherMCP/pincher/internal/db/db.go:1020.16,1022.3 1 0
github.com/pincherMCP/pincher/internal/db/db.go:1023.2,1031.12 9 1
github.com/pincherMCP/pincher/internal/db/db.go:1035.71,1044.16 3 1
github.com/pincherMCP/pincher/internal/db/db.go:1044.16,1046.3 1 0
github.com/pincherMCP/pincher/internal/db/db.go:1047.2,1055.12 9 1
github.com/pincherMCP/pincher/internal/db/db.go:1059.23,1060.13 1 1
github.com/pincherMCP/pincher/internal/db/db.go:1060.13,1062.3 1 1
github.com/pincherMCP/pincher/internal/db/db.go:1063.2,1063.10 1 1
github.com/pincherMCP/pincher/internal/db/db.go:1067.21,1068.7 1 1
github.com/pincherMCP/pincher/internal/db/db.go:1068.7,1070.3 1 1
github.com/pincherMCP/pincher/internal/db/db.go:1071.2,1071.10 1 1
github.com/pincherMCP/pincher/internal/db/db.go:1075.46,1077.2 1 1
github.com/pincherMCP/pincher/internal/db/db.go:1080.44,1083.16 2 1
github.com/pincherMCP/pincher/internal/db/db.go:1083.16,1085.3 1 0
github.com/pincherMCP/pincher/internal/db/db.go:1086.2,1086.12 1 1
github.com/pincherMCP/pincher/internal/db/db.go:1091.33,1093.2 1 1
github.com/pincherMCP/pincher/internal/db/db.go:1096.35,1097.9 1 1
github.com/pincherMCP/pincher/internal/db/db.go:1098.22,1099.56 1 1
github.com/pincherMCP/pincher/internal/db/db.go:1100.22,1101.56 1 1
github.com/pincherMCP/pincher/internal/db/db.go:1102.10,1103.36 1 1
