mode: set
github.com/pincherMCP/pincher/internal/index/indexer.go:37.36,42.2 1 1
github.com/pincherMCP/pincher/internal/index/indexer.go:58.99,60.16 2 1
github.com/pincherMCP/pincher/internal/index/indexer.go:60.16,62.3 1 0
github.com/pincherMCP/pincher/internal/index/indexer.go:64.2,69.27 4 1
github.com/pincherMCP/pincher/internal/index/indexer.go:69.27,72.3 2 1
github.com/pincherMCP/pincher/internal/index/indexer.go:73.2,75.15 3 1
github.com/pincherMCP/pincher/internal/index/indexer.go:75.15,79.3 3 1
github.com/pincherMCP/pincher/internal/index/indexer.go:81.2,89.17 2 1
github.com/pincherMCP/pincher/internal/index/indexer.go:89.17,91.3 1 0
github.com/pincherMCP/pincher/internal/index/indexer.go:94.2,99.12 4 1
github.com/pincherMCP/pincher/internal/index/indexer.go:99.12,100.40 1 1
github.com/pincherMCP/pincher/internal/index/indexer.go:100.40,102.4 1 0
github.com/pincherMCP/pincher/internal/index/indexer.go:105.2,117.37 2 1
github.com/pincherMCP/pincher/internal/index/indexer.go:117.37,119.30 2 1
github.com/pincherMCP/pincher/internal/index/indexer.go:119.30,120.12 1 1
github.com/pincherMCP/pincher/internal/index/indexer.go:124.3,125.21 2 1
github.com/pincherMCP/pincher/internal/index/indexer.go:125.21,127.12 2 0
github.com/pincherMCP/pincher/internal/index/indexer.go:131.3,135.13 4 1
github.com/pincherMCP/pincher/internal/index/indexer.go:135.13,137.22 2 1
github.com/pincherMCP/pincher/internal/index/indexer.go:137.22,139.13 2 1
github.com/pincherMCP/pincher/internal/index/indexer.go:143.3,145.55 3 1
github.com/pincherMCP/pincher/internal/index/indexer.go:145.55,149.18 3 1
github.com/pincherMCP/pincher/internal/index/indexer.go:149.18,151.5 1 0
github.com/pincherMCP/pincher/internal/index/indexer.go:154.4,155.49 2 1
github.com/pincherMCP/pincher/internal/index/indexer.go:155.49,157.5 1 1
github.com/pincherMCP/pincher/internal/index/indexer.go:160.4,161.37 2 1
github.com/pincherMCP/pincher/internal/index/indexer.go:161.37,186.5 2 1
github.com/pincherMCP/pincher/internal/index/indexer.go:189.4,190.29 2 1
github.com/pincherMCP/pincher/internal/index/indexer.go:190.29,193.5 2 1
github.com/pincherMCP/pincher/internal/index/indexer.go:196.4,197.35 2 1
github.com/pincherMCP/pincher/internal/index/indexer.go:197.35,199.21 2 0
github.com/pincherMCP/pincher/internal/index/indexer.go:199.21,202.24 2 0
github.com/pincherMCP/pincher/internal/index/indexer.go:202.24,204.7 1 0
github.com/pincherMCP/pincher/internal/index/indexer.go:206.5,207.35 2 0
github.com/pincherMCP/pincher/internal/index/indexer.go:207.35,208.14 1 0
github.com/pincherMCP/pincher/internal/index/indexer.go:210.5,216.7 1 0
github.com/pincherMCP/pincher/internal/index/indexer.go:219.4,223.26 4 1
github.com/pincherMCP/pincher/internal/index/indexer.go:223.26,224.84 1 0
github.com/pincherMCP/pincher/internal/index/indexer.go:224.84,226.6 1 0
github.com/pincherMCP/pincher/internal/index/indexer.go:228.4,228.18 1 1
github.com/pincherMCP/pincher/internal/index/indexer.go:232.2,236.41 3 1
github.com/pincherMCP/pincher/internal/index/indexer.go:236.41,239.82 3 1
github.com/pincherMCP/pincher/internal/index/indexer.go:239.82,241.4 1 0
github.com/pincherMCP/pincher/internal/index/indexer.go:243.2,256.17 3 1
github.com/pincherMCP/pincher/internal/index/indexer.go:256.17,258.3 1 0
github.com/pincherMCP/pincher/internal/index/indexer.go:260.2,278.8 2 1
github.com/pincherMCP/pincher/internal/index/indexer.go:282.95,283.65 1 1
github.com/pincherMCP/pincher/internal/index/indexer.go:283.65,285.3 1 0
github.com/pincherMCP/pincher/internal/index/indexer.go:287.2,288.26 2 1
github.com/pincherMCP/pincher/internal/index/indexer.go:288.26,289.24 1 1
github.com/pincherMCP/pincher/internal/index/indexer.go:289.24,292.4 2 1
github.com/pincherMCP/pincher/internal/index/indexer.go:294.2,296.12 3 1
github.com/pincherMCP/pincher/internal/index/indexer.go:299.91,302.19 1 1
github.com/pincherMCP/pincher/internal/index/indexer.go:302.19,303.73 1 1
github.com/pincherMCP/pincher/internal/index/indexer.go:303.73,305.4 1 1
github.com/pincherMCP/pincher/internal/index/indexer.go:307.2,307.58 1 1
github.com/pincherMCP/pincher/internal/index/indexer.go:307.58,309.3 1 1
github.com/pincherMCP/pincher/internal/index/indexer.go:310.2,310.57 1 1
github.com/pincherMCP/pincher/internal/index/indexer.go:310.57,312.3 1 1
github.com/pincherMCP/pincher/internal/index/indexer.go:313.2,313.12 1 1
github.com/pincherMCP/pincher/internal/index/indexer.go:327.74,328.34 1 1
github.com/pincherMCP/pincher/internal/index/indexer.go:328.34,330.3 1 1
github.com/pincherMCP/pincher/internal/index/indexer.go:331.2,333.16 3 1
github.com/pincherMCP/pincher/internal/index/indexer.go:333.16,335.3 1 1
github.com/pincherMCP/pincher/internal/index/indexer.go:336.2,339.15 3 1
github.com/pincherMCP/pincher/internal/index/indexer.go:339.15,341.3 1 1
github.com/pincherMCP/pincher/internal/index/indexer.go:342.2,342.59 1 1
github.com/pincherMCP/pincher/internal/index/indexer.go:342.59,344.3 1 0
github.com/pincherMCP/pincher/internal/index/indexer.go:345.2,347.26 3 1
github.com/pincherMCP/pincher/internal/index/indexer.go:347.26,349.3 1 0
github.com/pincherMCP/pincher/internal/index/indexer.go:350.2,350.29 1 1
github.com/pincherMCP/pincher/internal/index/indexer.go:359.48,363.6 3 1
github.com/pincherMCP/pincher/internal/index/indexer.go:363.6,364.10 1 1
github.com/pincherMCP/pincher/internal/index/indexer.go:365.21,366.10 1 1
github.com/pincherMCP/pincher/internal/index/indexer.go:367.19,369.18 2 0
github.com/pincherMCP/pincher/internal/index/indexer.go:369.18,370.13 1 0
github.com/pincherMCP/pincher/internal/index/indexer.go:372.4,372.31 1 0
github.com/pincherMCP/pincher/internal/index/indexer.go:372.31,373.26 1 0
github.com/pincherMCP/pincher/internal/index/indexer.go:373.26,375.28 2 0
github.com/pincherMCP/pincher/internal/index/indexer.go:375.28,376.62 1 0
github.com/pincherMCP/pincher/internal/index/indexer.go:376.62,378.8 1 0
github.com/pincherMCP/pincher/internal/index/indexer.go:388.51,391.16 2 1
github.com/pincherMCP/pincher/internal/index/indexer.go:391.16,393.3 1 1
github.com/pincherMCP/pincher/internal/index/indexer.go:394.2,394.28 1 1
github.com/pincherMCP/pincher/internal/index/indexer.go:394.28,395.16 1 1
github.com/pincherMCP/pincher/internal/index/indexer.go:395.16,396.12 1 0
github.com/pincherMCP/pincher/internal/index/indexer.go:398.3,398.34 1 1
github.com/pincherMCP/pincher/internal/index/indexer.go:398.34,399.12 1 1
github.com/pincherMCP/pincher/internal/index/indexer.go:401.3,402.17 2 1
github.com/pincherMCP/pincher/internal/index/indexer.go:402.17,403.12 1 0
github.com/pincherMCP/pincher/internal/index/indexer.go:406.3,406.40 1 1
github.com/pincherMCP/pincher/internal/index/indexer.go:406.40,408.4 1 1
github.com/pincherMCP/pincher/internal/index/indexer.go:410.2,410.14 1 1
github.com/pincherMCP/pincher/internal/index/indexer.go:432.133,433.35 1 1
github.com/pincherMCP/pincher/internal/index/indexer.go:433.35,435.3 1 1
github.com/pincherMCP/pincher/internal/index/indexer.go:438.2,439.16 2 1
github.com/pincherMCP/pincher/internal/index/indexer.go:439.16,441.3 1 0
github.com/pincherMCP/pincher/internal/index/indexer.go:442.2,442.22 1 1
github.com/pincherMCP/pincher/internal/index/indexer.go:442.22,444.3 1 1
github.com/pincherMCP/pincher/internal/index/indexer.go:445.2,451.16 4 1
github.com/pincherMCP/pincher/internal/index/indexer.go:451.16,453.3 1 0
github.com/pincherMCP/pincher/internal/index/indexer.go:455.2,456.34 2 1
github.com/pincherMCP/pincher/internal/index/indexer.go:456.34,458.34 2 1
github.com/pincherMCP/pincher/internal/index/indexer.go:458.34,459.12 1 0
github.com/pincherMCP/pincher/internal/index/indexer.go:461.3,462.14 2 1
github.com/pincherMCP/pincher/internal/index/indexer.go:462.14,464.4 1 1
github.com/pincherMCP/pincher/internal/index/indexer.go:465.3,466.23 2 1
github.com/pincherMCP/pincher/internal/index/indexer.go:466.23,467.9 1 0
github.com/pincherMCP/pincher/internal/index/indexer.go:470.2,470.18 1 1
github.com/pincherMCP/pincher/internal/index/indexer.go:473.34,474.15 1 1
github.com/pincherMCP/pincher/internal/index/indexer.go:475.9,476.20 1 1
github.com/pincherMCP/pincher/internal/index/indexer.go:477.9,478.16 1 1
github.com/pincherMCP/pincher/internal/index/indexer.go:479.9,480.18 1 1
github.com/pincherMCP/pincher/internal/index/indexer.go:481.10,482.15 1 1
github.com/pincherMCP/pincher/internal/index/indexer.go:507.37,509.2 1 1
github.com/pincherMCP/pincher/internal/index/indexer.go:512.33,514.29 2 1
github.com/pincherMCP/pincher/internal/index/indexer.go:514.29,516.3 1 1
github.com/pincherMCP/pincher/internal/index/indexer.go:517.2,517.12 1 1
