mode: set
github.com/pincherMCP/pincher/cmd/pinch/main.go:20.13,28.18 3 0
github.com/pincherMCP/pincher/cmd/pinch/main.go:28.18,31.3 2 0
github.com/pincherMCP/pincher/cmd/pinch/main.go:33.2,33.15 1 0
github.com/pincherMCP/pincher/cmd/pinch/main.go:33.15,36.3 2 0
github.com/pincherMCP/pincher/cmd/pinch/main.go:39.2,40.15 2 0
github.com/pincherMCP/pincher/cmd/pinch/main.go:40.15,43.17 3 0
github.com/pincherMCP/pincher/cmd/pinch/main.go:43.17,45.4 1 0
github.com/pincherMCP/pincher/cmd/pinch/main.go:49.2,50.16 2 0
github.com/pincherMCP/pincher/cmd/pinch/main.go:50.16,52.3 1 0
github.com/pincherMCP/pincher/cmd/pinch/main.go:53.2,69.92 7 0
github.com/pincherMCP/pincher/cmd/pinch/main.go:69.92,71.3 1 0
github.com/pincherMCP/pincher/internal/ast/extractor.go:97.67,99.18 2 1
github.com/pincherMCP/pincher/internal/ast/extractor.go:100.12,101.38 1 1
github.com/pincherMCP/pincher/internal/ast/extractor.go:102.16,103.42 1 1
github.com/pincherMCP/pincher/internal/ast/extractor.go:104.27,105.46 1 1
github.com/pincherMCP/pincher/internal/ast/extractor.go:106.27,107.46 1 1
github.com/pincherMCP/pincher/internal/ast/extractor.go:108.14,109.40 1 1
github.com/pincherMCP/pincher/internal/ast/extractor.go:110.14,111.40 1 1
github.com/pincherMCP/pincher/internal/ast/extractor.go:112.14,113.40 1 1
github.com/pincherMCP/pincher/internal/ast/extractor.go:114.13,115.39 1 1
github.com/pincherMCP/pincher/internal/ast/extractor.go:116.18,117.37 1 1
github.com/pincherMCP/pincher/internal/ast/extractor.go:118.12,119.42 1 1
github.com/pincherMCP/pincher/internal/ast/extractor.go:120.16,121.42 1 1
github.com/pincherMCP/pincher/internal/ast/extractor.go:122.15,123.41 1 1
github.com/pincherMCP/pincher/internal/ast/extractor.go:124.10,125.23 1 1
github.com/pincherMCP/pincher/internal/ast/extractor.go:127.2,128.32 2 1
github.com/pincherMCP/pincher/internal/ast/extractor.go:128.32,130.3 1 1
github.com/pincherMCP/pincher/internal/ast/extractor.go:131.2,131.15 1 1
github.com/pincherMCP/pincher/internal/ast/extractor.go:138.59,141.16 3 1
github.com/pincherMCP/pincher/internal/ast/extractor.go:141.17,143.3 0 1
github.com/pincherMCP/pincher/internal/ast/extractor.go:144.2,144.14 1 1
github.com/pincherMCP/pincher/internal/ast/extractor.go:144.14,146.3 1 0
github.com/pincherMCP/pincher/internal/ast/extractor.go:148.2,149.19 2 1
github.com/pincherMCP/pincher/internal/ast/extractor.go:149.19,151.3 1 1
github.com/pincherMCP/pincher/internal/ast/extractor.go:153.2,158.19 4 1
github.com/pincherMCP/pincher/internal/ast/extractor.go:158.19,160.3 1 1
github.com/pincherMCP/pincher/internal/ast/extractor.go:163.2,163.32 1 1
github.com/pincherMCP/pincher/internal/ast/extractor.go:163.32,164.22 1 1
github.com/pincherMCP/pincher/internal/ast/extractor.go:164.22,172.4 2 1
github.com/pincherMCP/pincher/internal/ast/extractor.go:176.2,176.31 1 1
github.com/pincherMCP/pincher/internal/ast/extractor.go:176.31,177.27 1 1
github.com/pincherMCP/pincher/internal/ast/extractor.go:178.22,183.21 3 1
github.com/pincherMCP/pincher/internal/ast/extractor.go:183.21,186.5 2 1
github.com/pincherMCP/pincher/internal/ast/extractor.go:188.21,190.52 2 1
github.com/pincherMCP/pincher/internal/ast/extractor.go:194.2,194.15 1 1
github.com/pincherMCP/pincher/internal/ast/extractor.go:197.134,207.43 7 1
github.com/pincherMCP/pincher/internal/ast/extractor.go:207.43,213.3 5 1
github.com/pincherMCP/pincher/internal/ast/extractor.go:215.2,217.27 3 1
github.com/pincherMCP/pincher/internal/ast/extractor.go:217.27,219.41 2 1
github.com/pincherMCP/pincher/internal/ast/extractor.go:219.41,221.4 1 1
github.com/pincherMCP/pincher/internal/ast/extractor.go:222.3,222.38 1 1
github.com/pincherMCP/pincher/internal/ast/extractor.go:225.2,226.18 2 1
github.com/pincherMCP/pincher/internal/ast/extractor.go:226.18,228.3 1 1
github.com/pincherMCP/pincher/internal/ast/extractor.go:230.2,250.3 4 1
github.com/pincherMCP/pincher/internal/ast/extractor.go:253.126,255.31 2 1
github.com/pincherMCP/pincher/internal/ast/extractor.go:255.31,256.28 1 1
github.com/pincherMCP/pincher/internal/ast/extractor.go:257.22,261.26 4 1
github.com/pincherMCP/pincher/internal/ast/extractor.go:262.25,263.19 1 1
github.com/pincherMCP/pincher/internal/ast/extractor.go:264.28,265.23 1 1
github.com/pincherMCP/pincher/internal/ast/extractor.go:267.4,268.20 2 1
github.com/pincherMCP/pincher/internal/ast/extractor.go:268.20,270.5 1 0
github.com/pincherMCP/pincher/internal/ast/extractor.go:271.4,281.6 1 1
github.com/pincherMCP/pincher/internal/ast/extractor.go:284.2,284.13 1 1
github.com/pincherMCP/pincher/internal/ast/extractor.go:287.75,289.42 2 1
github.com/pincherMCP/pincher/internal/ast/extractor.go:289.42,291.10 2 1
github.com/pincherMCP/pincher/internal/ast/extractor.go:291.10,293.4 1 1
github.com/pincherMCP/pincher/internal/ast/extractor.go:294.3,295.19 2 1
github.com/pincherMCP/pincher/internal/ast/extractor.go:295.19,302.4 1 1
github.com/pincherMCP/pincher/internal/ast/extractor.go:303.3,303.14 1 1
github.com/pincherMCP/pincher/internal/ast/extractor.go:305.2,305.14 1 1
github.com/pincherMCP/pincher/internal/ast/extractor.go:308.45,309.26 1 1
github.com/pincherMCP/pincher/internal/ast/extractor.go:310.18,311.16 1 1
github.com/pincherMCP/pincher/internal/ast/extractor.go:312.25,313.50 1 1
github.com/pincherMCP/pincher/internal/ast/extractor.go:314.10,315.12 1 1
github.com/pincherMCP/pincher/internal/ast/extractor.go:319.43,320.26 1 1
github.com/pincherMCP/pincher/internal/ast/extractor.go:321.18,322.16 1 1
github.com/pincherMCP/pincher/internal/ast/extractor.go:323.21,324.35 1 1
github.com/pincherMCP/pincher/internal/ast/extractor.go:325.25,326.48 1 1
github.com/pincherMCP/pincher/internal/ast/extractor.go:327.22,328.38 1 1
github.com/pincherMCP/pincher/internal/ast/extractor.go:329.20,330.72 1 1
github.com/pincherMCP/pincher/internal/ast/extractor.go:331.10,332.13 1 1
github.com/pincherMCP/pincher/internal/ast/extractor.go:336.47,339.43 3 1
github.com/pincherMCP/pincher/internal/ast/extractor.go:339.43,343.3 3 1
github.com/pincherMCP/pincher/internal/ast/extractor.go:344.2,346.26 3 1
github.com/pincherMCP/pincher/internal/ast/extractor.go:346.26,347.40 1 1
github.com/pincherMCP/pincher/internal/ast/extractor.go:347.40,348.13 1 1
github.com/pincherMCP/pincher/internal/ast/extractor.go:348.13,350.5 1 1
github.com/pincherMCP/pincher/internal/ast/extractor.go:351.4,351.30 1 1
github.com/pincherMCP/pincher/internal/ast/extractor.go:351.30,352.14 1 1
github.com/pincherMCP/pincher/internal/ast/extractor.go:352.14,354.6 1 1
github.com/pincherMCP/pincher/internal/ast/extractor.go:355.5,355.27 1 1
github.com/pincherMCP/pincher/internal/ast/extractor.go:357.4,358.42 2 1
github.com/pincherMCP/pincher/internal/ast/extractor.go:361.2,362.27 2 1
github.com/pincherMCP/pincher/internal/ast/extractor.go:362.27,364.35 2 1
github.com/pincherMCP/pincher/internal/ast/extractor.go:364.35,366.4 1 1
github.com/pincherMCP/pincher/internal/ast/extractor.go:367.3,367.41 1 1
github.com/pincherMCP/pincher/internal/ast/extractor.go:367.41,368.13 1 1
github.com/pincherMCP/pincher/internal/ast/extractor.go:368.13,370.5 1 1
github.com/pincherMCP/pincher/internal/ast/extractor.go:371.4,371.42 1 1
github.com/pincherMCP/pincher/internal/ast/extractor.go:373.3,373.35 1 1
github.com/pincherMCP/pincher/internal/ast/extractor.go:373.35,375.4 1 1
github.com/pincherMCP/pincher/internal/ast/extractor.go:377.2,377.20 1 1
github.com/pincherMCP/pincher/internal/ast/extractor.go:394.106,402.35 6 1
github.com/pincherMCP/pincher/internal/ast/extractor.go:402.35,405.33 3 1
github.com/pincherMCP/pincher/internal/ast/extractor.go:405.33,407.4 1 1
github.com/pincherMCP/pincher/internal/ast/extractor.go:410.3,410.24 1 1
github.com/pincherMCP/pincher/internal/ast/extractor.go:410.24,411.58 1 1
github.com/pincherMCP/pincher/internal/ast/extractor.go:411.58,413.19 2 1
github.com/pincherMCP/pincher/internal/ast/extractor.go:413.19,431.6 7 1
github.com/pincherMCP/pincher/internal/ast/extractor.go:436.3,436.32 1 1
github.com/pincherMCP/pincher/internal/ast/extractor.go:436.32,438.4 1 1
github.com/pincherMCP/pincher/internal/ast/extractor.go:441.3,441.28 1 1
github.com/pincherMCP/pincher/internal/ast/extractor.go:441.28,442.62 1 1
github.com/pincherMCP/pincher/internal/ast/extractor.go:442.62,444.19 2 1
github.com/pincherMCP/pincher/internal/ast/extractor.go:444.19,457.6 3 1
github.com/pincherMCP/pincher/internal/ast/extractor.go:462.3,462.23 1 1
github.com/pincherMCP/pincher/internal/ast/extractor.go:462.23,463.57 1 1
github.com/pincherMCP/pincher/internal/ast/extractor.go:463.57,465.19 2 1
github.com/pincherMCP/pincher/internal/ast/extractor.go:465.19,473.6 3 1
github.com/pincherMCP/pincher/internal/ast/extractor.go:478.3,479.47 2 1
github.com/pincherMCP/pincher/internal/ast/extractor.go:479.47,481.4 1 0
github.com/pincherMCP/pincher/internal/ast/extractor.go:482.3,482.25 1 1
github.com/pincherMCP/pincher/internal/ast/extractor.go:482.25,483.59 1 1
github.com/pincherMCP/pincher/internal/ast/extractor.go:483.59,485.19 2 1
github.com/pincherMCP/pincher/internal/ast/extractor.go:485.19,489.24 4 1
github.com/pincherMCP/pincher/internal/ast/extractor.go:489.24,491.7 1 0
github.com/pincherMCP/pincher/internal/ast/extractor.go:493.6,496.28 4 1
github.com/pincherMCP/pincher/internal/ast/extractor.go:496.28,500.7 3 1
github.com/pincherMCP/pincher/internal/ast/extractor.go:502.6,515.8 1 1
github.com/pincherMCP/pincher/internal/ast/extractor.go:521.3,521.25 1 1
github.com/pincherMCP/pincher/internal/ast/extractor.go:521.25,522.59 1 1
github.com/pincherMCP/pincher/internal/ast/extractor.go:522.59,524.18 2 1
github.com/pincherMCP/pincher/internal/ast/extractor.go:524.18,526.6 1 0
github.com/pincherMCP/pincher/internal/ast/extractor.go:527.5,527.18 1 1
github.com/pincherMCP/pincher/internal/ast/extractor.go:527.18,531.6 1 1
github.com/pincherMCP/pincher/internal/ast/extractor.go:535.2,535.15 1 1
github.com/pincherMCP/pincher/internal/ast/extractor.go:554.63,558.38 1 1
github.com/pincherMCP/pincher/internal/ast/extractor.go:558.38,560.4 1 1
github.com/pincherMCP/pincher/internal/ast/extractor.go:561.34,563.4 1 1
github.com/pincherMCP/pincher/internal/ast/extractor.go:565.2,571.12 6 1
github.com/pincherMCP/pincher/internal/ast/extractor.go:582.67,586.38 1 1
github.com/pincherMCP/pincher/internal/ast/extractor.go:586.38,589.4 1 1
github.com/pincherMCP/pincher/internal/ast/extractor.go:590.34,592.4 1 1
github.com/pincherMCP/pincher/internal/ast/extractor.go:594.2,594.58 1 1
github.com/pincherMCP/pincher/internal/ast/extractor.go:607.67,611.38 1 1
github.com/pincherMCP/pincher/internal/ast/extractor.go:611.38,611.53 1 1
github.com/pincherMCP/pincher/internal/ast/extractor.go:612.34,614.4 1 1
github.com/pincherMCP/pincher/internal/ast/extractor.go:616.2,616.58 1 1
github.com/pincherMCP/pincher/internal/ast/extractor.go:627.61,631.38 1 1
github.com/pincherMCP/pincher/internal/ast/extractor.go:631.38,634.4 1 1
github.com/pincherMCP/pincher/internal/ast/extractor.go:635.34,635.50 1 1
github.com/pincherMCP/pincher/internal/ast/extractor.go:637.2,637.54 1 1
github.com/pincherMCP/pincher/internal/ast/extractor.go:648.61,652.38 1 1
github.com/pincherMCP/pincher/internal/ast/extractor.go:652.38,654.4 1 1
github.com/pincherMCP/pincher/internal/ast/extractor.go:655.34,655.50 1 1
github.com/pincherMCP/pincher/internal/ast/extractor.go:657.2,657.54 1 1
github.com/pincherMCP/pincher/internal/ast/extractor.go:665.61,666.82 1 1
github.com/pincherMCP/pincher/internal/ast/extractor.go:666.82,666.97 1 1
github.com/pincherMCP/pincher/internal/ast/extractor.go:666.127,666.143 1 1
github.com/pincherMCP/pincher/internal/ast/extractor.go:667.2,667.54 1 1
github.com/pincherMCP/pincher/internal/ast/extractor.go:675.60,676.84 1 1
github.com/pincherMCP/pincher/internal/ast/extractor.go:676.84,676.99 1 1
github.com/pincherMCP/pincher/internal/ast/extractor.go:676.129,676.145 1 1
github.com/pincherMCP/pincher/internal/ast/extractor.go:677.2,677.52 1 1
github.com/pincherMCP/pincher/internal/ast/extractor.go:684.58,685.84 1 1
github.com/pincherMCP/pincher/internal/ast/extractor.go:685.84,685.99 1 1
github.com/pincherMCP/pincher/internal/ast/extractor.go:685.129,685.145 1 1
github.com/pincherMCP/pincher/internal/ast/extractor.go:686.2,686.48 1 1
github.com/pincherMCP/pincher/internal/ast/extractor.go:695.63,696.83 1 1
github.com/pincherMCP/pincher/internal/ast/extractor.go:696.83,696.98 1 1
github.com/pincherMCP/pincher/internal/ast/extractor.go:696.128,696.144 1 1
github.com/pincherMCP/pincher/internal/ast/extractor.go:697.2,697.50 1 1
github.com/pincherMCP/pincher/internal/ast/extractor.go:705.63,706.83 1 1
github.com/pincherMCP/pincher/internal/ast/extractor.go:706.83,706.98 1 1
github.com/pincherMCP/pincher/internal/ast/extractor.go:706.128,706.144 1 1
github.com/pincherMCP/pincher/internal/ast/extractor.go:707.2,707.58 1 1
github.com/pincherMCP/pincher/internal/ast/extractor.go:716.62,717.83 1 1
github.com/pincherMCP/pincher/internal/ast/extractor.go:717.83,717.98 1 1
github.com/pincherMCP/pincher/internal/ast/extractor.go:717.128,717.144 1 1
github.com/pincherMCP/pincher/internal/ast/extractor.go:718.2,718.56 1 1
github.com/pincherMCP/pincher/internal/ast/extractor.go:726.44,728.27 2 1
github.com/pincherMCP/pincher/internal/ast/extractor.go:728.27,729.37 1 1
github.com/pincherMCP/pincher/internal/ast/extractor.go:729.37,731.4 1 1
github.com/pincherMCP/pincher/internal/ast/extractor.go:733.2,733.16 1 1
github.com/pincherMCP/pincher/internal/ast/extractor.go:737.41,740.16 3 1
github.com/pincherMCP/pincher/internal/ast/extractor.go:740.16,742.3 1 1
github.com/pincherMCP/pincher/internal/ast/extractor.go:743.2,743.14 1 1
github.com/pincherMCP/pincher/internal/ast/extractor.go:749.71,750.32 1 1
github.com/pincherMCP/pincher/internal/ast/extractor.go:750.32,752.3 1 0
github.com/pincherMCP/pincher/internal/ast/extractor.go:753.2,753.20 1 1
github.com/pincherMCP/pincher/internal/ast/extractor.go:753.20,758.39 3 1
github.com/pincherMCP/pincher/internal/ast/extractor.go:758.39,759.27 1 1
github.com/pincherMCP/pincher/internal/ast/extractor.go:759.27,761.5 1 1
github.com/pincherMCP/pincher/internal/ast/extractor.go:762.4,762.9 1 1
github.com/pincherMCP/pincher/internal/ast/extractor.go:764.3,764.31 1 1
github.com/pincherMCP/pincher/internal/ast/extractor.go:767.2,769.45 3 1
github.com/pincherMCP/pincher/internal/ast/extractor.go:769.45,770.29 1 1
github.com/pincherMCP/pincher/internal/ast/extractor.go:770.29,773.4 2 1
github.com/pincherMCP/pincher/internal/ast/extractor.go:773.9,773.38 1 1
github.com/pincherMCP/pincher/internal/ast/extractor.go:773.38,775.29 2 1
github.com/pincherMCP/pincher/internal/ast/extractor.go:775.29,777.5 1 1
github.com/pincherMCP/pincher/internal/ast/extractor.go:780.2,780.20 1 1
github.com/pincherMCP/pincher/internal/ast/extractor.go:784.54,786.15 2 1
github.com/pincherMCP/pincher/internal/ast/extractor.go:786.15,788.33 2 1
github.com/pincherMCP/pincher/internal/ast/extractor.go:788.33,790.4 1 1
github.com/pincherMCP/pincher/internal/ast/extractor.go:790.9,792.4 1 1
github.com/pincherMCP/pincher/internal/ast/extractor.go:794.2,794.15 1 1
github.com/pincherMCP/pincher/internal/ast/extractor.go:798.43,801.50 2 1
github.com/pincherMCP/pincher/internal/ast/extractor.go:801.50,803.3 1 1
github.com/pincherMCP/pincher/internal/ast/extractor.go:805.2,807.13 3 1
github.com/pincherMCP/pincher/internal/ast/extractor.go:812.51,815.30 1 1
github.com/pincherMCP/pincher/internal/ast/extractor.go:815.30,816.17 1 1
github.com/pincherMCP/pincher/internal/ast/extractor.go:816.17,818.4 1 1
github.com/pincherMCP/pincher/internal/ast/extractor.go:820.2,820.11 1 1
github.com/pincherMCP/pincher/internal/ast/extractor.go:824.57,825.15 1 1
github.com/pincherMCP/pincher/internal/ast/extractor.go:825.15,827.3 1 1
github.com/pincherMCP/pincher/internal/ast/extractor.go:828.2,828.17 1 1
github.com/pincherMCP/pincher/internal/ast/extractor.go:832.42,836.30 4 1
github.com/pincherMCP/pincher/internal/ast/extractor.go:836.30,838.3 1 1
github.com/pincherMCP/pincher/internal/ast/extractor.go:839.2,839.14 1 1
github.com/pincherMCP/pincher/internal/ast/extractor.go:843.24,844.11 1 1
github.com/pincherMCP/pincher/internal/ast/extractor.go:844.11,846.3 1 1
github.com/pincherMCP/pincher/internal/ast/extractor.go:847.2,847.10 1 1
github.com/pincherMCP/pincher/internal/ast/languages.go:7.45,9.50 2 1
github.com/pincherMCP/pincher/internal/ast/languages.go:9.50,11.3 1 1
github.com/pincherMCP/pincher/internal/ast/languages.go:12.2,12.13 1 1
github.com/pincherMCP/pincher/internal/ast/languages.go:13.13,14.14 1 1
github.com/pincherMCP/pincher/internal/ast/languages.go:15.21,16.18 1 1
github.com/pincherMCP/pincher/internal/ast/languages.go:17.29,18.22 1 1
github.com/pincherMCP/pincher/internal/ast/languages.go:19.14,20.15 1 1
github.com/pincherMCP/pincher/internal/ast/languages.go:21.13,22.22 1 1
github.com/pincherMCP/pincher/internal/ast/languages.go:23.14,24.15 1 1
github.com/pincherMCP/pincher/internal/ast/languages.go:25.13,26.16 1 1
github.com/pincherMCP/pincher/internal/ast/languages.go:27.15,28.16 1 1
github.com/pincherMCP/pincher/internal/ast/languages.go:29.22,30.16 1 1
github.com/pincherMCP/pincher/internal/ast/languages.go:31.14,32.15 1 1
github.com/pincherMCP/pincher/internal/ast/languages.go:33.18,34.13 1 1
github.com/pincherMCP/pincher/internal/ast/languages.go:35.44,36.15 1 1
github.com/pincherMCP/pincher/internal/ast/languages.go:37.13,38.14 1 1
github.com/pincherMCP/pincher/internal/ast/languages.go:39.21,40.18 1 1
github.com/pincherMCP/pincher/internal/ast/languages.go:41.16,42.17 1 1
github.com/pincherMCP/pincher/internal/ast/languages.go:43.16,44.17 1 1
github.com/pincherMCP/pincher/internal/ast/languages.go:45.14,46.15 1 1
github.com/pincherMCP/pincher/internal/ast/languages.go:47.14,48.15 1 1
github.com/pincherMCP/pincher/internal/ast/languages.go:49.21,50.18 1 1
github.com/pincherMCP/pincher/internal/ast/languages.go:51.13,52.19 1 1
github.com/pincherMCP/pincher/internal/ast/languages.go:53.15,54.16 1 1
github.com/pincherMCP/pincher/internal/ast/languages.go:55.22,56.16 1 1
github.com/pincherMCP/pincher/internal/ast/languages.go:57.12,58.13 1 1
github.com/pincherMCP/pincher/internal/ast/languages.go:59.10,60.12 1 1
github.com/pincherMCP/pincher/internal/ast/languages.go:65.41,67.2 1 1
github.com/pincherMCP/pincher/internal/ast/languages.go:70.36,76.2 1 1
github.com/pincherMCP/pincher/internal/cypher/engine.go:42.80,44.16 2 1
github.com/pincherMCP/pincher/internal/cypher/engine.go:44.16,46.3 1 0
github.com/pincherMCP/pincher/internal/cypher/engine.go:47.2,47.22 1 1
github.com/pincherMCP/pincher/internal/cypher/engine.go:96.45,99.2 2 1
github.com/pincherMCP/pincher/internal/cypher/engine.go:111.33,114.17 3 1
github.com/pincherMCP/pincher/internal/cypher/engine.go:114.17,117.54 2 1
github.com/pincherMCP/pincher/internal/cypher/engine.go:117.54,119.12 2 1
github.com/pincherMCP/pincher/internal/cypher/engine.go:122.3,122.28 1 1
github.com/pincherMCP/pincher/internal/cypher/engine.go:122.28,124.32 2 1
github.com/pincherMCP/pincher/internal/cypher/engine.go:124.32,125.21 1 1
github.com/pincherMCP/pincher/internal/cypher/engine.go:125.21,127.6 1 0
github.com/pincherMCP/pincher/internal/cypher/engine.go:128.5,128.8 1 1
github.com/pincherMCP/pincher/internal/cypher/engine.go:130.4,132.12 3 1
github.com/pincherMCP/pincher/internal/cypher/engine.go:135.3,136.43 2 1
github.com/pincherMCP/pincher/internal/cypher/engine.go:136.43,138.49 1 1
github.com/pincherMCP/pincher/internal/cypher/engine.go:138.49,141.13 3 1
github.com/pincherMCP/pincher/internal/cypher/engine.go:143.4,146.49 1 1
github.com/pincherMCP/pincher/internal/cypher/engine.go:146.49,149.13 3 1
github.com/pincherMCP/pincher/internal/cypher/engine.go:152.4,152.16 1 1
github.com/pincherMCP/pincher/internal/cypher/engine.go:152.16,155.67 3 1
github.com/pincherMCP/pincher/internal/cypher/engine.go:155.67,158.6 2 1
github.com/pincherMCP/pincher/internal/cypher/engine.go:159.5,161.13 3 1
github.com/pincherMCP/pincher/internal/cypher/engine.go:163.4,165.12 3 1
github.com/pincherMCP/pincher/internal/cypher/engine.go:168.3,168.27 1 1
github.com/pincherMCP/pincher/internal/cypher/engine.go:168.27,170.49 2 1
github.com/pincherMCP/pincher/internal/cypher/engine.go:170.49,172.5 1 1
github.com/pincherMCP/pincher/internal/cypher/engine.go:173.4,175.12 3 1
github.com/pincherMCP/pincher/internal/cypher/engine.go:178.3,178.67 1 1
github.com/pincherMCP/pincher/internal/cypher/engine.go:178.67,181.50 2 1
github.com/pincherMCP/pincher/internal/cypher/engine.go:181.50,183.5 1 1
github.com/pincherMCP/pincher/internal/cypher/engine.go:184.4,187.17 4 1
github.com/pincherMCP/pincher/internal/cypher/engine.go:190.50,192.17 2 1
github.com/pincherMCP/pincher/internal/cypher/engine.go:194.4,196.12 3 1
github.com/pincherMCP/pincher/internal/cypher/engine.go:198.3,198.6 1 0
github.com/pincherMCP/pincher/internal/cypher/engine.go:200.2,200.15 1 1
github.com/pincherMCP/pincher/internal/cypher/engine.go:203.31,204.28 1 1
github.com/pincherMCP/pincher/internal/cypher/engine.go:204.28,206.3 1 1
github.com/pincherMCP/pincher/internal/cypher/engine.go:207.2,207.24 1 1
github.com/pincherMCP/pincher/internal/cypher/engine.go:210.31,214.2 3 1
github.com/pincherMCP/pincher/internal/cypher/engine.go:216.35,217.27 1 1
github.com/pincherMCP/pincher/internal/cypher/engine.go:217.27,219.3 1 1
github.com/pincherMCP/pincher/internal/cypher/engine.go:222.50,225.28 2 1
github.com/pincherMCP/pincher/internal/cypher/engine.go:225.28,227.18 2 1
github.com/pincherMCP/pincher/internal/cypher/engine.go:228.16,231.18 3 1
github.com/pincherMCP/pincher/internal/cypher/engine.go:231.18,233.5 1 0
github.com/pincherMCP/pincher/internal/cypher/engine.go:234.4,234.40 1 1
github.com/pincherMCP/pincher/internal/cypher/engine.go:236.16,239.18 3 1
github.com/pincherMCP/pincher/internal/cypher/engine.go:239.18,241.5 1 0
github.com/pincherMCP/pincher/internal/cypher/engine.go:242.4,242.49 1 1
github.com/pincherMCP/pincher/internal/cypher/engine.go:244.17,246.36 2 1
github.com/pincherMCP/pincher/internal/cypher/engine.go:246.36,249.5 2 1
github.com/pincherMCP/pincher/internal/cypher/engine.go:250.4,251.18 2 1
github.com/pincherMCP/pincher/internal/cypher/engine.go:251.18,253.5 1 0
github.com/pincherMCP/pincher/internal/cypher/engine.go:254.4,254.23 1 1
github.com/pincherMCP/pincher/internal/cypher/engine.go:256.16,260.29 4 1
github.com/pincherMCP/pincher/internal/cypher/engine.go:260.29,263.5 2 1
github.com/pincherMCP/pincher/internal/cypher/engine.go:264.4,264.32 1 1
github.com/pincherMCP/pincher/internal/cypher/engine.go:264.32,267.5 2 1
github.com/pincherMCP/pincher/internal/cypher/engine.go:267.10,267.38 1 1
github.com/pincherMCP/pincher/internal/cypher/engine.go:267.38,269.5 1 1
github.com/pincherMCP/pincher/internal/cypher/engine.go:271.16,273.33 2 1
github.com/pincherMCP/pincher/internal/cypher/engine.go:273.33,276.5 2 1
github.com/pincherMCP/pincher/internal/cypher/engine.go:278.11,279.12 1 1
github.com/pincherMCP/pincher/internal/cypher/engine.go:282.2,282.15 1 1
github.com/pincherMCP/pincher/internal/cypher/engine.go:285.50,291.27 4 1
github.com/pincherMCP/pincher/internal/cypher/engine.go:291.27,294.3 2 1
github.com/pincherMCP/pincher/internal/cypher/engine.go:295.2,295.27 1 1
github.com/pincherMCP/pincher/internal/cypher/engine.go:295.27,297.3 1 1
github.com/pincherMCP/pincher/internal/cypher/engine.go:298.2,301.52 2 1
github.com/pincherMCP/pincher/internal/cypher/engine.go:301.52,303.28 2 1
github.com/pincherMCP/pincher/internal/cypher/engine.go:303.28,305.32 2 1
github.com/pincherMCP/pincher/internal/cypher/engine.go:305.32,307.5 1 1
github.com/pincherMCP/pincher/internal/cypher/engine.go:308.4,308.29 1 1
github.com/pincherMCP/pincher/internal/cypher/engine.go:308.29,310.34 2 1
github.com/pincherMCP/pincher/internal/cypher/engine.go:310.34,312.31 2 1
github.com/pincherMCP/pincher/internal/cypher/engine.go:312.31,314.7 1 1
github.com/pincherMCP/pincher/internal/cypher/engine.go:314.12,315.12 1 1
github.com/pincherMCP/pincher/internal/cypher/engine.go:319.4,319.31 1 1
github.com/pincherMCP/pincher/internal/cypher/engine.go:319.31,322.5 2 1
github.com/pincherMCP/pincher/internal/cypher/engine.go:323.4,323.15 1 1
github.com/pincherMCP/pincher/internal/cypher/engine.go:326.3,326.25 1 1
github.com/pincherMCP/pincher/internal/cypher/engine.go:327.13,329.23 2 1
github.com/pincherMCP/pincher/internal/cypher/engine.go:330.12,332.29 2 0
github.com/pincherMCP/pincher/internal/cypher/engine.go:332.29,335.5 2 0
github.com/pincherMCP/pincher/internal/cypher/engine.go:339.3,339.28 1 1
github.com/pincherMCP/pincher/internal/cypher/engine.go:339.28,342.29 3 1
github.com/pincherMCP/pincher/internal/cypher/engine.go:342.29,345.5 2 1
github.com/pincherMCP/pincher/internal/cypher/engine.go:346.4,346.29 1 1
github.com/pincherMCP/pincher/internal/cypher/engine.go:346.29,348.5 1 1
github.com/pincherMCP/pincher/internal/cypher/engine.go:349.4,349.15 1 1
github.com/pincherMCP/pincher/internal/cypher/engine.go:352.2,352.17 1 1
github.com/pincherMCP/pincher/internal/cypher/engine.go:355.49,358.54 3 1
github.com/pincherMCP/pincher/internal/cypher/engine.go:358.54,364.3 5 1
github.com/pincherMCP/pincher/internal/cypher/engine.go:365.2,366.14 2 1
github.com/pincherMCP/pincher/internal/cypher/engine.go:369.57,371.6 2 1
github.com/pincherMCP/pincher/internal/cypher/engine.go:371.6,373.17 2 1
github.com/pincherMCP/pincher/internal/cypher/engine.go:373.17,375.4 1 1
github.com/pincherMCP/pincher/internal/cypher/engine.go:376.3,377.56 2 1
github.com/pincherMCP/pincher/internal/cypher/engine.go:377.56,378.9 1 1
github.com/pincherMCP/pincher/internal/cypher/engine.go:380.3,380.11 1 1
github.com/pincherMCP/pincher/internal/cypher/engine.go:382.2,382.19 1 1
github.com/pincherMCP/pincher/internal/cypher/engine.go:385.57,391.27 4 1
github.com/pincherMCP/pincher/internal/cypher/engine.go:391.27,394.3 2 1
github.com/pincherMCP/pincher/internal/cypher/engine.go:397.2,397.24 1 1
github.com/pincherMCP/pincher/internal/cypher/engine.go:398.45,400.27 2 1
github.com/pincherMCP/pincher/internal/cypher/engine.go:401.18,404.27 3 1
github.com/pincherMCP/pincher/internal/cypher/engine.go:405.16,409.27 4 1
github.com/pincherMCP/pincher/internal/cypher/engine.go:410.10,411.67 1 1
github.com/pincherMCP/pincher/internal/cypher/engine.go:413.2,413.15 1 1
github.com/pincherMCP/pincher/internal/cypher/engine.go:416.53,418.6 2 1
github.com/pincherMCP/pincher/internal/cypher/engine.go:418.6,423.25 3 1
github.com/pincherMCP/pincher/internal/cypher/engine.go:423.25,429.4 5 1
github.com/pincherMCP/pincher/internal/cypher/engine.go:429.9,431.29 2 1
github.com/pincherMCP/pincher/internal/cypher/engine.go:431.29,434.5 2 1
github.com/pincherMCP/pincher/internal/cypher/engine.go:438.3,438.85 1 1
github.com/pincherMCP/pincher/internal/cypher/engine.go:438.85,441.4 2 1
github.com/pincherMCP/pincher/internal/cypher/engine.go:443.3,445.28 2 1
github.com/pincherMCP/pincher/internal/cypher/engine.go:445.28,446.9 1 1
github.com/pincherMCP/pincher/internal/cypher/engine.go:448.3,452.79 3 1
github.com/pincherMCP/pincher/internal/cypher/engine.go:452.79,453.9 1 0
github.com/pincherMCP/pincher/internal/cypher/engine.go:456.2,456.18 1 1
github.com/pincherMCP/pincher/internal/cypher/engine.go:459.41,461.13 2 1
github.com/pincherMCP/pincher/internal/cypher/engine.go:461.13,463.3 1 1
github.com/pincherMCP/pincher/internal/cypher/engine.go:464.2,465.21 2 1
github.com/pincherMCP/pincher/internal/cypher/engine.go:465.21,468.3 2 1
github.com/pincherMCP/pincher/internal/cypher/engine.go:468.8,468.46 1 1
github.com/pincherMCP/pincher/internal/cypher/engine.go:468.46,471.3 2 1
github.com/pincherMCP/pincher/internal/cypher/engine.go:472.2,472.13 1 1
github.com/pincherMCP/pincher/internal/cypher/engine.go:472.13,474.3 1 1
github.com/pincherMCP/pincher/internal/cypher/engine.go:475.2,475.15 1 1
github.com/pincherMCP/pincher/internal/cypher/engine.go:475.15,477.3 1 1
github.com/pincherMCP/pincher/internal/cypher/engine.go:478.2,478.8 1 1
github.com/pincherMCP/pincher/internal/cypher/engine.go:503.34,504.20 1 1
github.com/pincherMCP/pincher/internal/cypher/engine.go:504.20,506.3 1 1
github.com/pincherMCP/pincher/internal/cypher/engine.go:507.2,507.23 1 1
github.com/pincherMCP/pincher/internal/cypher/engine.go:507.23,509.3 1 1
github.com/pincherMCP/pincher/internal/cypher/engine.go:510.2,510.18 1 1
github.com/pincherMCP/pincher/internal/cypher/engine.go:513.75,514.26 1 1
github.com/pincherMCP/pincher/internal/cypher/engine.go:514.26,516.3 1 1
github.com/pincherMCP/pincher/internal/cypher/engine.go:518.2,521.21 2 1
github.com/pincherMCP/pincher/internal/cypher/engine.go:521.21,523.3 1 1
github.com/pincherMCP/pincher/internal/cypher/engine.go:526.2,526.42 1 1
github.com/pincherMCP/pincher/internal/cypher/engine.go:526.42,528.3 1 1
github.com/pincherMCP/pincher/internal/cypher/engine.go:531.2,531.30 1 1
github.com/pincherMCP/pincher/internal/cypher/engine.go:535.96,542.23 3 1
github.com/pincherMCP/pincher/internal/cypher/engine.go:542.23,545.3 2 1
github.com/pincherMCP/pincher/internal/cypher/engine.go:546.2,546.24 1 1
github.com/pincherMCP/pincher/internal/cypher/engine.go:546.24,549.3 2 1
github.com/pincherMCP/pincher/internal/cypher/engine.go:550.2,550.34 1 1
github.com/pincherMCP/pincher/internal/cypher/engine.go:550.34,552.16 2 1
github.com/pincherMCP/pincher/internal/cypher/engine.go:552.16,555.4 2 1
github.com/pincherMCP/pincher/internal/cypher/engine.go:559.2,560.33 2 1
github.com/pincherMCP/pincher/internal/cypher/engine.go:560.33,561.32 1 1
github.com/pincherMCP/pincher/internal/cypher/engine.go:561.32,562.12 1 0
github.com/pincherMCP/pincher/internal/cypher/engine.go:564.3,565.80 2 1
github.com/pincherMCP/pincher/internal/cypher/engine.go:565.80,567.4 1 1
github.com/pincherMCP/pincher/internal/cypher/engine.go:567.9,569.4 1 1
github.com/pincherMCP/pincher/internal/cypher/engine.go:572.2,576.16 4 1
github.com/pincherMCP/pincher/internal/cypher/engine.go:576.16,578.3 1 0
github.com/pincherMCP/pincher/internal/cypher/engine.go:579.2,582.18 3 1
github.com/pincherMCP/pincher/internal/cypher/engine.go:582.18,584.17 2 1
github.com/pincherMCP/pincher/internal/cypher/engine.go:584.17,586.4 1 0
github.com/pincherMCP/pincher/internal/cypher/engine.go:587.3,589.38 2 1
github.com/pincherMCP/pincher/internal/cypher/engine.go:589.38,590.12 1 1
github.com/pincherMCP/pincher/internal/cypher/engine.go:592.3,592.27 1 1
github.com/pincherMCP/pincher/internal/cypher/engine.go:594.2,594.35 1 1
github.com/pincherMCP/pincher/internal/cypher/engine.go:594.35,596.3 1 0
github.com/pincherMCP/pincher/internal/cypher/engine.go:598.2,598.30 1 1
github.com/pincherMCP/pincher/internal/cypher/engine.go:603.97,607.28 3 1
github.com/pincherMCP/pincher/internal/cypher/engine.go:607.28,611.35 4 1
github.com/pincherMCP/pincher/internal/cypher/engine.go:611.35,613.4 1 1
github.com/pincherMCP/pincher/internal/cypher/engine.go:616.2,632.23 4 1
github.com/pincherMCP/pincher/internal/cypher/engine.go:632.23,635.3 2 1
github.com/pincherMCP/pincher/internal/cypher/engine.go:636.2,636.24 1 1
github.com/pincherMCP/pincher/internal/cypher/engine.go:636.24,639.3 2 1
github.com/pincherMCP/pincher/internal/cypher/engine.go:640.2,640.22 1 1
github.com/pincherMCP/pincher/internal/cypher/engine.go:640.22,643.3 2 1
github.com/pincherMCP/pincher/internal/cypher/engine.go:646.2,647.33 2 1
github.com/pincherMCP/pincher/internal/cypher/engine.go:647.33,649.30 2 1
github.com/pincherMCP/pincher/internal/cypher/engine.go:649.30,651.4 1 1
github.com/pincherMCP/pincher/internal/cypher/engine.go:651.9,651.39 1 1
github.com/pincherMCP/pincher/internal/cypher/engine.go:651.39,653.12 2 0
github.com/pincherMCP/pincher/internal/cypher/engine.go:655.3,656.80 2 1
github.com/pincherMCP/pincher/internal/cypher/engine.go:656.80,658.4 1 1
github.com/pincherMCP/pincher/internal/cypher/engine.go:658.9,660.4 1 0
github.com/pincherMCP/pincher/internal/cypher/engine.go:663.2,667.16 4 1
github.com/pincherMCP/pincher/internal/cypher/engine.go:667.16,669.3 1 0
github.com/pincherMCP/pincher/internal/cypher/engine.go:670.2,673.18 3 1
github.com/pincherMCP/pincher/internal/cypher/engine.go:673.18,675.17 2 1
github.com/pincherMCP/pincher/internal/cypher/engine.go:675.17,677.4 1 0
github.com/pincherMCP/pincher/internal/cypher/engine.go:678.3,679.53 2 1
github.com/pincherMCP/pincher/internal/cypher/engine.go:679.53,681.4 1 1
github.com/pincherMCP/pincher/internal/cypher/engine.go:682.3,682.51 1 1
github.com/pincherMCP/pincher/internal/cypher/engine.go:682.51,684.4 1 1
github.com/pincherMCP/pincher/internal/cypher/engine.go:685.3,685.24 1 1
github.com/pincherMCP/pincher/internal/cypher/engine.go:685.24,688.4 2 1
github.com/pincherMCP/pincher/internal/cypher/engine.go:689.3,689.38 1 1
github.com/pincherMCP/pincher/internal/cypher/engine.go:689.38,690.12 1 0
github.com/pincherMCP/pincher/internal/cypher/engine.go:692.3,692.37 1 1
github.com/pincherMCP/pincher/internal/cypher/engine.go:694.2,694.35 1 1
github.com/pincherMCP/pincher/internal/cypher/engine.go:694.35,696.3 1 0
github.com/pincherMCP/pincher/internal/cypher/engine.go:698.2,698.35 1 1
github.com/pincherMCP/pincher/internal/cypher/engine.go:713.91,721.23 3 1
github.com/pincherMCP/pincher/internal/cypher/engine.go:721.23,724.3 2 1
github.com/pincherMCP/pincher/internal/cypher/engine.go:725.2,725.24 1 1
github.com/pincherMCP/pincher/internal/cypher/engine.go:725.24,728.3 2 0
github.com/pincherMCP/pincher/internal/cypher/engine.go:729.2,729.33 1 1
github.com/pincherMCP/pincher/internal/cypher/engine.go:729.33,730.32 1 1
github.com/pincherMCP/pincher/internal/cypher/engine.go:730.32,731.12 1 1
github.com/pincherMCP/pincher/internal/cypher/engine.go:733.3,734.31 2 1
github.com/pincherMCP/pincher/internal/cypher/engine.go:734.31,737.4 2 1
github.com/pincherMCP/pincher/internal/cypher/engine.go:739.2,742.16 3 1
github.com/pincherMCP/pincher/internal/cypher/engine.go:742.16,744.3 1 0
github.com/pincherMCP/pincher/internal/cypher/engine.go:745.2,748.19 3 1
github.com/pincherMCP/pincher/internal/cypher/engine.go:748.19,750.17 2 1
github.com/pincherMCP/pincher/internal/cypher/engine.go:750.17,752.4 1 0
github.com/pincherMCP/pincher/internal/cypher/engine.go:753.3,753.37 1 1
github.com/pincherMCP/pincher/internal/cypher/engine.go:755.2,758.25 3 1
github.com/pincherMCP/pincher/internal/cypher/engine.go:758.25,760.3 1 0
github.com/pincherMCP/pincher/internal/cypher/engine.go:762.2,763.19 2 1
github.com/pincherMCP/pincher/internal/cypher/engine.go:763.19,765.3 1 0
github.com/pincherMCP/pincher/internal/cypher/engine.go:767.2,768.35 2 1
github.com/pincherMCP/pincher/internal/cypher/engine.go:768.35,770.17 2 1
github.com/pincherMCP/pincher/internal/cypher/engine.go:770.17,771.12 1 0
github.com/pincherMCP/pincher/internal/cypher/engine.go:773.3,773.28 1 1
github.com/pincherMCP/pincher/internal/cypher/engine.go:773.28,775.54 2 1
github.com/pincherMCP/pincher/internal/cypher/engine.go:775.54,777.5 1 1
github.com/pincherMCP/pincher/internal/cypher/engine.go:778.4,778.55 1 1
github.com/pincherMCP/pincher/internal/cypher/engine.go:778.55,780.5 1 1
github.com/pincherMCP/pincher/internal/cypher/engine.go:781.4,782.43 2 1
github.com/pincherMCP/pincher/internal/cypher/engine.go:782.43,783.13 1 1
github.com/pincherMCP/pincher/internal/cypher/engine.go:785.4,786.40 2 1
github.com/pincherMCP/pincher/internal/cypher/engine.go:786.40,787.14 1 0
github.com/pincherMCP/pincher/internal/cypher/engine.go:792.2,792.35 1 1
github.com/pincherMCP/pincher/internal/cypher/engine.go:798.154,803.21 4 1
github.com/pincherMCP/pincher/internal/cypher/engine.go:803.21,805.3 1 1
github.com/pincherMCP/pincher/internal/cypher/engine.go:809.2,828.26 3 1
github.com/pincherMCP/pincher/internal/cypher/engine.go:828.26,830.3 1 1
github.com/pincherMCP/pincher/internal/cypher/engine.go:831.2,831.21 1 1
github.com/pincherMCP/pincher/internal/cypher/engine.go:831.21,833.3 1 1
github.com/pincherMCP/pincher/internal/cypher/engine.go:834.2,837.16 3 1
github.com/pincherMCP/pincher/internal/cypher/engine.go:837.16,839.3 1 0
github.com/pincherMCP/pincher/internal/cypher/engine.go:840.2,843.18 3 1
github.com/pincherMCP/pincher/internal/cypher/engine.go:843.18,851.17 4 1
github.com/pincherMCP/pincher/internal/cypher/engine.go:851.17,853.4 1 0
github.com/pincherMCP/pincher/internal/cypher/engine.go:854.3,856.54 3 1
github.com/pincherMCP/pincher/internal/cypher/engine.go:858.2,858.25 1 1
github.com/pincherMCP/pincher/internal/cypher/engine.go:865.74,869.34 3 1
github.com/pincherMCP/pincher/internal/cypher/engine.go:869.34,870.23 1 1
github.com/pincherMCP/pincher/internal/cypher/engine.go:870.23,872.17 2 1
github.com/pincherMCP/pincher/internal/cypher/engine.go:872.17,874.5 1 1
github.com/pincherMCP/pincher/internal/cypher/engine.go:875.4,876.19 2 1
github.com/pincherMCP/pincher/internal/cypher/engine.go:877.9,879.25 2 1
github.com/pincherMCP/pincher/internal/cypher/engine.go:879.25,881.5 1 1
github.com/pincherMCP/pincher/internal/cypher/engine.go:882.4,882.22 1 1
github.com/pincherMCP/pincher/internal/cypher/engine.go:882.22,884.5 1 0
github.com/pincherMCP/pincher/internal/cypher/engine.go:885.4,885.28 1 1
github.com/pincherMCP/pincher/internal/cypher/engine.go:889.2,889.20 1 1
github.com/pincherMCP/pincher/internal/cypher/engine.go:889.20,891.23 1 1
github.com/pincherMCP/pincher/internal/cypher/engine.go:891.23,892.30 1 1
github.com/pincherMCP/pincher/internal/cypher/engine.go:892.30,893.35 1 1
github.com/pincherMCP/pincher/internal/cypher/engine.go:893.35,895.6 1 1
github.com/pincherMCP/pincher/internal/cypher/engine.go:897.4,897.22 1 1
github.com/pincherMCP/pincher/internal/cypher/engine.go:901.2,901.14 1 1
github.com/pincherMCP/pincher/internal/cypher/engine.go:901.14,905.35 3 1
github.com/pincherMCP/pincher/internal/cypher/engine.go:905.35,906.24 1 1
github.com/pincherMCP/pincher/internal/cypher/engine.go:906.24,908.18 2 1
github.com/pincherMCP/pincher/internal/cypher/engine.go:908.18,910.6 1 1
github.com/pincherMCP/pincher/internal/cypher/engine.go:911.5,911.21 1 1
github.com/pincherMCP/pincher/internal/cypher/engine.go:914.3,914.76 1 1
github.com/pincherMCP/pincher/internal/cypher/engine.go:918.2,920.30 3 1
github.com/pincherMCP/pincher/internal/cypher/engine.go:920.30,922.35 2 1
github.com/pincherMCP/pincher/internal/cypher/engine.go:922.35,924.25 2 1
github.com/pincherMCP/pincher/internal/cypher/engine.go:924.25,927.5 2 1
github.com/pincherMCP/pincher/internal/cypher/engine.go:927.10,930.5 1 0
github.com/pincherMCP/pincher/internal/cypher/engine.go:931.4,931.21 1 1
github.com/pincherMCP/pincher/internal/cypher/engine.go:933.3,933.29 1 1
github.com/pincherMCP/pincher/internal/cypher/engine.go:933.29,935.4 1 1
github.com/pincherMCP/pincher/internal/cypher/engine.go:936.3,936.17 1 1
github.com/pincherMCP/pincher/internal/cypher/engine.go:936.17,938.17 2 1
github.com/pincherMCP/pincher/internal/cypher/engine.go:938.17,939.13 1 1
github.com/pincherMCP/pincher/internal/cypher/engine.go:941.4,941.20 1 1
github.com/pincherMCP/pincher/internal/cypher/engine.go:943.3,943.36 1 1
github.com/pincherMCP/pincher/internal/cypher/engine.go:947.2,947.21 1 1
github.com/pincherMCP/pincher/internal/cypher/engine.go:947.21,948.51 1 1
github.com/pincherMCP/pincher/internal/cypher/engine.go:948.51,951.28 3 1
github.com/pincherMCP/pincher/internal/cypher/engine.go:951.28,953.5 1 1
github.com/pincherMCP/pincher/internal/cypher/engine.go:954.4,954.18 1 1
github.com/pincherMCP/pincher/internal/cypher/engine.go:959.2,960.16 2 1
github.com/pincherMCP/pincher/internal/cypher/engine.go:960.16,962.3 1 0
github.com/pincherMCP/pincher/internal/cypher/engine.go:963.2,963.28 1 1
github.com/pincherMCP/pincher/internal/cypher/engine.go:963.28,965.3 1 1
github.com/pincherMCP/pincher/internal/cypher/engine.go:967.2,967.76 1 1
github.com/pincherMCP/pincher/internal/cypher/engine.go:974.50,981.16 3 1
github.com/pincherMCP/pincher/internal/cypher/engine.go:981.16,983.3 1 0
github.com/pincherMCP/pincher/internal/cypher/engine.go:984.2,986.16 3 1
github.com/pincherMCP/pincher/internal/cypher/engine.go:989.91,1007.2 9 1
github.com/pincherMCP/pincher/internal/cypher/engine.go:1009.60,1027.2 2 1
github.com/pincherMCP/pincher/internal/cypher/engine.go:1031.80,1032.14 1 1
github.com/pincherMCP/pincher/internal/cypher/engine.go:1033.11,1035.33 2 1
github.com/pincherMCP/pincher/internal/cypher/engine.go:1036.18,1038.41 2 1
github.com/pincherMCP/pincher/internal/cypher/engine.go:1039.21,1041.37 2 1
github.com/pincherMCP/pincher/internal/cypher/engine.go:1046.42,1047.14 1 1
github.com/pincherMCP/pincher/internal/cypher/engine.go:1048.14,1049.16 1 1
github.com/pincherMCP/pincher/internal/cypher/engine.go:1050.30,1051.26 1 1
github.com/pincherMCP/pincher/internal/cypher/engine.go:1052.23,1053.16 1 1
github.com/pincherMCP/pincher/internal/cypher/engine.go:1054.19,1055.21 1 1
github.com/pincherMCP/pincher/internal/cypher/engine.go:1056.18,1057.20 1 1
github.com/pincherMCP/pincher/internal/cypher/engine.go:1058.20,1059.22 1 1
github.com/pincherMCP/pincher/internal/cypher/engine.go:1060.18,1061.20 1 1
github.com/pincherMCP/pincher/internal/cypher/engine.go:1062.10,1063.12 1 1
github.com/pincherMCP/pincher/internal/cypher/engine.go:1069.68,1070.26 1 1
github.com/pincherMCP/pincher/internal/cypher/engine.go:1070.26,1074.15 3 1
github.com/pincherMCP/pincher/internal/cypher/engine.go:1075.12,1076.25 1 1
github.com/pincherMCP/pincher/internal/cypher/engine.go:1076.25,1078.5 1 1
github.com/pincherMCP/pincher/internal/cypher/engine.go:1079.13,1080.25 1 1
github.com/pincherMCP/pincher/internal/cypher/engine.go:1080.25,1082.5 1 1
github.com/pincherMCP/pincher/internal/cypher/engine.go:1083.13,1085.45 2 1
github.com/pincherMCP/pincher/internal/cypher/engine.go:1085.45,1087.5 1 1
github.com/pincherMCP/pincher/internal/cypher/engine.go:1088.19,1089.42 1 1
github.com/pincherMCP/pincher/internal/cypher/engine.go:1089.42,1091.5 1 1
github.com/pincherMCP/pincher/internal/cypher/engine.go:1092.22,1093.43 1 1
github.com/pincherMCP/pincher/internal/cypher/engine.go:1093.43,1095.5 1 0
github.com/pincherMCP/pincher/internal/cypher/engine.go:1096.29,1099.34 3 1
github.com/pincherMCP/pincher/internal/cypher/engine.go:1099.34,1101.5 1 0
github.com/pincherMCP/pincher/internal/cypher/engine.go:1102.4,1102.16 1 1
github.com/pincherMCP/pincher/internal/cypher/engine.go:1103.13,1104.19 1 1
github.com/pincherMCP/pincher/internal/cypher/engine.go:1104.19,1106.6 1 1
github.com/pincherMCP/pincher/internal/cypher/engine.go:1107.13,1108.19 1 1
github.com/pincherMCP/pincher/internal/cypher/engine.go:1108.19,1110.6 1 1
github.com/pincherMCP/pincher/internal/cypher/engine.go:1111.14,1112.20 1 1
github.com/pincherMCP/pincher/internal/cypher/engine.go:1112.20,1114.6 1 1
github.com/pincherMCP/pincher/internal/cypher/engine.go:1115.14,1116.20 1 1
github.com/pincherMCP/pincher/internal/cypher/engine.go:1116.20,1118.6 1 1
github.com/pincherMCP/pincher/internal/cypher/engine.go:1122.2,1122.13 1 1
github.com/pincherMCP/pincher/internal/cypher/engine.go:1126.43,1133.2 1 1
github.com/pincherMCP/pincher/internal/cypher/engine.go:1136.34,1137.26 1 1
github.com/pincherMCP/pincher/internal/cypher/engine.go:1137.26,1139.3 1 1
github.com/pincherMCP/pincher/internal/cypher/engine.go:1140.2,1140.30 1 1
github.com/pincherMCP/pincher/internal/server/server.go:58.75,73.2 4 1
github.com/pincherMCP/pincher/internal/server/server.go:76.42,76.58 1 1
github.com/pincherMCP/pincher/internal/server/server.go:78.75,79.26 1 0
github.com/pincherMCP/pincher/internal/server/server.go:79.26,81.3 1 0
github.com/pincherMCP/pincher/internal/server/server.go:84.81,85.26 1 0
github.com/pincherMCP/pincher/internal/server/server.go:85.26,87.3 1 0
github.com/pincherMCP/pincher/internal/server/server.go:90.78,91.20 1 0
github.com/pincherMCP/pincher/internal/server/server.go:91.20,92.86 1 0
github.com/pincherMCP/pincher/internal/server/server.go:92.86,93.57 1 0
github.com/pincherMCP/pincher/internal/server/server.go:93.57,96.5 2 0
github.com/pincherMCP/pincher/internal/server/server.go:99.2,99.40 1 0
github.com/pincherMCP/pincher/internal/server/server.go:99.40,101.3 1 0
github.com/pincherMCP/pincher/internal/server/server.go:104.39,108.2 3 1
github.com/pincherMCP/pincher/internal/server/server.go:110.46,112.38 2 1
github.com/pincherMCP/pincher/internal/server/server.go:112.38,114.3 1 1
github.com/pincherMCP/pincher/internal/server/server.go:115.2,116.47 2 1
github.com/pincherMCP/pincher/internal/server/server.go:116.47,118.3 1 1
github.com/pincherMCP/pincher/internal/server/server.go:119.2,119.36 1 1
github.com/pincherMCP/pincher/internal/server/server.go:123.70,124.22 1 1
github.com/pincherMCP/pincher/internal/server/server.go:124.22,125.24 1 1
github.com/pincherMCP/pincher/internal/server/server.go:125.24,127.4 1 1
github.com/pincherMCP/pincher/internal/server/server.go:128.3,128.26 1 1
github.com/pincherMCP/pincher/internal/server/server.go:131.2,132.16 2 1
github.com/pincherMCP/pincher/internal/server/server.go:132.16,134.3 1 0
github.com/pincherMCP/pincher/internal/server/server.go:135.2,135.14 1 1
github.com/pincherMCP/pincher/internal/server/server.go:135.14,137.3 1 1
github.com/pincherMCP/pincher/internal/server/server.go:139.2,140.16 2 1
github.com/pincherMCP/pincher/internal/server/server.go:140.16,142.3 1 0
github.com/pincherMCP/pincher/internal/server/server.go:143.2,143.27 1 1
github.com/pincherMCP/pincher/internal/server/server.go:143.27,144.30 1 1
github.com/pincherMCP/pincher/internal/server/server.go:144.30,146.4 1 1
github.com/pincherMCP/pincher/internal/server/server.go:148.2,148.100 1 1
github.com/pincherMCP/pincher/internal/server/server.go:152.71,154.28 2 1
github.com/pincherMCP/pincher/internal/server/server.go:154.28,155.26 1 1
github.com/pincherMCP/pincher/internal/server/server.go:155.26,157.4 1 1
github.com/pincherMCP/pincher/internal/server/server.go:158.3,158.45 1 1
github.com/pincherMCP/pincher/internal/server/server.go:160.2,160.20 1 1
github.com/pincherMCP/pincher/internal/server/server.go:167.67,170.2 2 1
github.com/pincherMCP/pincher/internal/server/server.go:172.34,341.2 14 1
github.com/pincherMCP/pincher/internal/server/server.go:347.106,352.16 4 1
github.com/pincherMCP/pincher/internal/server/server.go:352.16,354.3 1 1
github.com/pincherMCP/pincher/internal/server/server.go:355.2,355.16 1 1
github.com/pincherMCP/pincher/internal/server/server.go:355.16,357.3 1 1
github.com/pincherMCP/pincher/internal/server/server.go:358.2,361.16 3 1
github.com/pincherMCP/pincher/internal/server/server.go:361.16,363.3 1 0
github.com/pincherMCP/pincher/internal/server/server.go:365.2,374.50 2 1
github.com/pincherMCP/pincher/internal/server/server.go:377.107,382.14 4 1
github.com/pincherMCP/pincher/internal/server/server.go:382.14,384.3 1 1
github.com/pincherMCP/pincher/internal/server/server.go:385.2,388.16 3 1
github.com/pincherMCP/pincher/internal/server/server.go:388.16,390.3 1 0
github.com/pincherMCP/pincher/internal/server/server.go:391.2,391.16 1 1
github.com/pincherMCP/pincher/internal/server/server.go:391.16,393.63 1 1
github.com/pincherMCP/pincher/internal/server/server.go:393.63,395.18 2 1
github.com/pincherMCP/pincher/internal/server/server.go:395.18,397.5 1 0
github.com/pincherMCP/pincher/internal/server/server.go:400.2,400.16 1 1
github.com/pincherMCP/pincher/internal/server/server.go:400.16,402.3 1 1
github.com/pincherMCP/pincher/internal/server/server.go:405.2,406.22 2 1
github.com/pincherMCP/pincher/internal/server/server.go:406.22,407.61 1 0
github.com/pincherMCP/pincher/internal/server/server.go:407.61,409.4 1 0
github.com/pincherMCP/pincher/internal/server/server.go:411.2,412.16 2 1
github.com/pincherMCP/pincher/internal/server/server.go:412.16,414.3 1 0
github.com/pincherMCP/pincher/internal/server/server.go:417.2,418.16 2 1
github.com/pincherMCP/pincher/internal/server/server.go:418.16,420.3 1 1
github.com/pincherMCP/pincher/internal/server/server.go:423.2,424.16 2 1
github.com/pincherMCP/pincher/internal/server/server.go:424.16,425.92 1 1
github.com/pincherMCP/pincher/internal/server/server.go:425.92,427.4 1 1
github.com/pincherMCP/pincher/internal/server/server.go:429.2,451.60 4 1
github.com/pincherMCP/pincher/internal/server/server.go:454.108,459.19 4 1
github.com/pincherMCP/pincher/internal/server/server.go:459.19,461.3 1 1
github.com/pincherMCP/pincher/internal/server/server.go:463.2,465.22 3 1
github.com/pincherMCP/pincher/internal/server/server.go:465.22,466.61 1 1
github.com/pincherMCP/pincher/internal/server/server.go:466.61,467.55 1 1
github.com/pincherMCP/pincher/internal/server/server.go:467.55,469.5 1 1
github.com/pincherMCP/pincher/internal/server/server.go:473.2,474.25 2 1
github.com/pincherMCP/pincher/internal/server/server.go:474.25,476.31 2 1
github.com/pincherMCP/pincher/internal/server/server.go:476.31,478.12 2 1
github.com/pincherMCP/pincher/internal/server/server.go:480.3,481.17 2 1
github.com/pincherMCP/pincher/internal/server/server.go:481.17,483.4 1 1
github.com/pincherMCP/pincher/internal/server/server.go:484.3,492.5 1 1
github.com/pincherMCP/pincher/internal/server/server.go:495.2,499.50 2 1
github.com/pincherMCP/pincher/internal/server/server.go:502.108,507.14 4 1
github.com/pincherMCP/pincher/internal/server/server.go:507.14,509.3 1 1
github.com/pincherMCP/pincher/internal/server/server.go:511.2,512.30 2 1
github.com/pincherMCP/pincher/internal/server/server.go:512.30,514.3 1 1
github.com/pincherMCP/pincher/internal/server/server.go:516.2,523.32 6 1
github.com/pincherMCP/pincher/internal/server/server.go:523.32,525.31 2 1
github.com/pincherMCP/pincher/internal/server/server.go:525.31,526.12 1 0
github.com/pincherMCP/pincher/internal/server/server.go:528.3,536.44 3 1
github.com/pincherMCP/pincher/internal/server/server.go:539.2,543.60 2 1
github.com/pincherMCP/pincher/internal/server/server.go:546.107,551.17 4 1
github.com/pincherMCP/pincher/internal/server/server.go:551.17,553.3 1 0
github.com/pincherMCP/pincher/internal/server/server.go:554.2,560.16 6 1
github.com/pincherMCP/pincher/internal/server/server.go:560.16,562.3 1 1
github.com/pincherMCP/pincher/internal/server/server.go:564.2,565.16 2 1
github.com/pincherMCP/pincher/internal/server/server.go:565.16,567.3 1 0
github.com/pincherMCP/pincher/internal/server/server.go:569.2,570.28 2 1
github.com/pincherMCP/pincher/internal/server/server.go:570.28,583.3 1 1
github.com/pincherMCP/pincher/internal/server/server.go:587.2,597.60 6 1
github.com/pincherMCP/pincher/internal/server/server.go:600.106,605.15 4 1
github.com/pincherMCP/pincher/internal/server/server.go:605.15,607.3 1 1
github.com/pincherMCP/pincher/internal/server/server.go:608.2,612.16 4 1
github.com/pincherMCP/pincher/internal/server/server.go:612.16,614.3 1 1
github.com/pincherMCP/pincher/internal/server/server.go:616.2,618.16 3 1
github.com/pincherMCP/pincher/internal/server/server.go:618.16,620.3 1 0
github.com/pincherMCP/pincher/internal/server/server.go:622.2,627.50 2 1
github.com/pincherMCP/pincher/internal/server/server.go:630.106,635.16 4 1
github.com/pincherMCP/pincher/internal/server/server.go:635.16,637.3 1 1
github.com/pincherMCP/pincher/internal/server/server.go:638.2,640.21 3 1
github.com/pincherMCP/pincher/internal/server/server.go:640.21,642.3 1 1
github.com/pincherMCP/pincher/internal/server/server.go:643.2,647.16 4 1
github.com/pincherMCP/pincher/internal/server/server.go:647.16,649.3 1 0
github.com/pincherMCP/pincher/internal/server/server.go:651.2,652.16 2 1
github.com/pincherMCP/pincher/internal/server/server.go:652.16,654.3 1 1
github.com/pincherMCP/pincher/internal/server/server.go:657.2,659.25 3 1
github.com/pincherMCP/pincher/internal/server/server.go:659.25,668.14 2 1
github.com/pincherMCP/pincher/internal/server/server.go:668.14,671.4 2 1
github.com/pincherMCP/pincher/internal/server/server.go:672.3,672.53 1 1
github.com/pincherMCP/pincher/internal/server/server.go:675.2,676.30 2 1
github.com/pincherMCP/pincher/internal/server/server.go:676.30,677.34 1 1
github.com/pincherMCP/pincher/internal/server/server.go:677.34,679.15 2 1
github.com/pincherMCP/pincher/internal/server/server.go:679.15,681.5 1 1
github.com/pincherMCP/pincher/internal/server/server.go:682.4,682.36 1 1
github.com/pincherMCP/pincher/internal/server/server.go:686.2,692.13 2 1
github.com/pincherMCP/pincher/internal/server/server.go:692.13,694.3 1 1
github.com/pincherMCP/pincher/internal/server/server.go:695.2,695.50 1 1
github.com/pincherMCP/pincher/internal/server/server.go:698.108,704.17 5 1
github.com/pincherMCP/pincher/internal/server/server.go:704.17,706.3 1 1
github.com/pincherMCP/pincher/internal/server/server.go:707.2,710.16 3 1
github.com/pincherMCP/pincher/internal/server/server.go:710.16,712.3 1 1
github.com/pincherMCP/pincher/internal/server/server.go:713.2,714.16 2 1
github.com/pincherMCP/pincher/internal/server/server.go:714.16,716.3 1 0
github.com/pincherMCP/pincher/internal/server/server.go:719.2,720.20 2 1
github.com/pincherMCP/pincher/internal/server/server.go:720.20,722.3 1 1
github.com/pincherMCP/pincher/internal/server/server.go:725.2,729.33 3 1
github.com/pincherMCP/pincher/internal/server/server.go:729.33,731.17 2 1
github.com/pincherMCP/pincher/internal/server/server.go:731.17,732.12 1 0
github.com/pincherMCP/pincher/internal/server/server.go:734.3,734.51 1 1
github.com/pincherMCP/pincher/internal/server/server.go:738.2,740.37 3 1
github.com/pincherMCP/pincher/internal/server/server.go:740.37,742.17 2 1
github.com/pincherMCP/pincher/internal/server/server.go:742.17,743.12 1 0
github.com/pincherMCP/pincher/internal/server/server.go:745.3,745.26 1 1
github.com/pincherMCP/pincher/internal/server/server.go:745.26,746.25 1 0
github.com/pincherMCP/pincher/internal/server/server.go:746.25,747.13 1 0
github.com/pincherMCP/pincher/internal/server/server.go:749.4,757.6 2 0
github.com/pincherMCP/pincher/internal/server/server.go:762.2,763.32 2 1
github.com/pincherMCP/pincher/internal/server/server.go:763.32,764.41 1 0
github.com/pincherMCP/pincher/internal/server/server.go:764.41,766.4 1 0
github.com/pincherMCP/pincher/internal/server/server.go:769.2,770.37 2 1
github.com/pincherMCP/pincher/internal/server/server.go:770.37,774.3 1 1
github.com/pincherMCP/pincher/internal/server/server.go:776.2,790.50 2 1
github.com/pincherMCP/pincher/internal/server/server.go:793.113,799.16 5 1
github.com/pincherMCP/pincher/internal/server/server.go:799.16,801.3 1 1
github.com/pincherMCP/pincher/internal/server/server.go:803.2,810.21 4 1
github.com/pincherMCP/pincher/internal/server/server.go:810.21,811.23 1 1
github.com/pincherMCP/pincher/internal/server/server.go:811.23,816.4 4 1
github.com/pincherMCP/pincher/internal/server/server.go:817.3,817.19 1 1
github.com/pincherMCP/pincher/internal/server/server.go:821.2,825.19 3 1
github.com/pincherMCP/pincher/internal/server/server.go:825.19,826.21 1 1
github.com/pincherMCP/pincher/internal/server/server.go:826.21,831.4 4 1
github.com/pincherMCP/pincher/internal/server/server.go:832.3,832.17 1 1
github.com/pincherMCP/pincher/internal/server/server.go:836.2,838.29 3 1
github.com/pincherMCP/pincher/internal/server/server.go:838.29,842.3 1 1
github.com/pincherMCP/pincher/internal/server/server.go:845.2,855.50 3 1
github.com/pincherMCP/pincher/internal/server/server.go:858.107,864.16 5 1
github.com/pincherMCP/pincher/internal/server/server.go:864.16,866.3 1 1
github.com/pincherMCP/pincher/internal/server/server.go:868.2,869.16 2 1
github.com/pincherMCP/pincher/internal/server/server.go:869.16,871.3 1 0
github.com/pincherMCP/pincher/internal/server/server.go:873.2,879.50 2 1
github.com/pincherMCP/pincher/internal/server/server.go:882.105,885.16 3 1
github.com/pincherMCP/pincher/internal/server/server.go:885.16,887.3 1 0
github.com/pincherMCP/pincher/internal/server/server.go:888.2,889.29 2 1
github.com/pincherMCP/pincher/internal/server/server.go:889.29,899.3 1 1
github.com/pincherMCP/pincher/internal/server/server.go:900.2,901.50 2 1
github.com/pincherMCP/pincher/internal/server/server.go:904.104,913.16 8 1
github.com/pincherMCP/pincher/internal/server/server.go:913.16,915.3 1 1
github.com/pincherMCP/pincher/internal/server/server.go:917.2,918.16 2 1
github.com/pincherMCP/pincher/internal/server/server.go:919.13,920.16 1 1
github.com/pincherMCP/pincher/internal/server/server.go:920.16,922.4 1 1
github.com/pincherMCP/pincher/internal/server/server.go:923.3,924.17 2 1
github.com/pincherMCP/pincher/internal/server/server.go:924.17,926.4 1 0
github.com/pincherMCP/pincher/internal/server/server.go:927.3,927.10 1 1
github.com/pincherMCP/pincher/internal/server/server.go:927.10,929.4 1 1
github.com/pincherMCP/pincher/internal/server/server.go:930.3,930.50 1 1
github.com/pincherMCP/pincher/internal/server/server.go:932.13,933.31 1 1
github.com/pincherMCP/pincher/internal/server/server.go:933.31,935.4 1 1
github.com/pincherMCP/pincher/internal/server/server.go:936.3,936.63 1 1
github.com/pincherMCP/pincher/internal/server/server.go:936.63,938.4 1 0
github.com/pincherMCP/pincher/internal/server/server.go:939.3,939.52 1 1
github.com/pincherMCP/pincher/internal/server/server.go:941.14,943.17 2 1
github.com/pincherMCP/pincher/internal/server/server.go:943.17,945.4 1 0
github.com/pincherMCP/pincher/internal/server/server.go:946.3,946.44 1 1
github.com/pincherMCP/pincher/internal/server/server.go:948.16,949.16 1 1
github.com/pincherMCP/pincher/internal/server/server.go:949.16,951.4 1 1
github.com/pincherMCP/pincher/internal/server/server.go:952.3,952.59 1 1
github.com/pincherMCP/pincher/internal/server/server.go:952.59,954.4 1 0
github.com/pincherMCP/pincher/internal/server/server.go:955.3,955.53 1 1
github.com/pincherMCP/pincher/internal/server/server.go:957.10,958.66 1 1
github.com/pincherMCP/pincher/internal/server/server.go:961.2,961.50 1 1
github.com/pincherMCP/pincher/internal/server/server.go:964.107,971.60 5 1
github.com/pincherMCP/pincher/internal/server/server.go:971.60,973.3 1 1
github.com/pincherMCP/pincher/internal/server/server.go:975.2,976.16 2 1
github.com/pincherMCP/pincher/internal/server/server.go:976.16,978.3 1 0
github.com/pincherMCP/pincher/internal/server/server.go:980.2,984.27 2 1
github.com/pincherMCP/pincher/internal/server/server.go:984.27,996.3 2 1
github.com/pincherMCP/pincher/internal/server/server.go:997.2,997.50 1 1
github.com/pincherMCP/pincher/internal/server/server.go:1000.106,1013.15 10 1
github.com/pincherMCP/pincher/internal/server/server.go:1013.15,1015.3 1 1
github.com/pincherMCP/pincher/internal/server/server.go:1017.2,1027.60 3 1
github.com/pincherMCP/pincher/internal/server/server.go:1027.60,1028.64 1 1
github.com/pincherMCP/pincher/internal/server/server.go:1028.64,1039.4 2 1
github.com/pincherMCP/pincher/internal/server/server.go:1042.2,1046.50 2 1
github.com/pincherMCP/pincher/internal/server/server.go:1056.112,1083.2 11 1
github.com/pincherMCP/pincher/internal/server/server.go:1085.48,1090.2 1 1
github.com/pincherMCP/pincher/internal/server/server.go:1096.57,1097.36 1 1
github.com/pincherMCP/pincher/internal/server/server.go:1097.36,1099.3 1 1
github.com/pincherMCP/pincher/internal/server/server.go:1100.2,1101.65 2 1
github.com/pincherMCP/pincher/internal/server/server.go:1101.65,1104.3 2 1
github.com/pincherMCP/pincher/internal/server/server.go:1105.2,1105.14 1 1
github.com/pincherMCP/pincher/internal/server/server.go:1105.14,1107.3 1 1
github.com/pincherMCP/pincher/internal/server/server.go:1108.2,1108.10 1 1
github.com/pincherMCP/pincher/internal/server/server.go:1111.50,1114.2 2 1
github.com/pincherMCP/pincher/internal/server/server.go:1116.57,1118.9 2 1
github.com/pincherMCP/pincher/internal/server/server.go:1118.9,1120.3 1 1
github.com/pincherMCP/pincher/internal/server/server.go:1121.2,1122.9 2 1
github.com/pincherMCP/pincher/internal/server/server.go:1122.9,1124.3 1 0
github.com/pincherMCP/pincher/internal/server/server.go:1125.2,1126.27 2 1
github.com/pincherMCP/pincher/internal/server/server.go:1126.27,1127.33 1 1
github.com/pincherMCP/pincher/internal/server/server.go:1127.33,1129.4 1 1
github.com/pincherMCP/pincher/internal/server/server.go:1131.2,1131.12 1 1
github.com/pincherMCP/pincher/internal/server/server.go:1134.59,1136.9 2 1
github.com/pincherMCP/pincher/internal/server/server.go:1136.9,1138.3 1 1
github.com/pincherMCP/pincher/internal/server/server.go:1139.2,1139.30 1 1
github.com/pincherMCP/pincher/internal/server/server.go:1139.30,1141.3 1 1
github.com/pincherMCP/pincher/internal/server/server.go:1142.2,1142.12 1 1
github.com/pincherMCP/pincher/internal/server/server.go:1145.52,1148.2 2 1
github.com/pincherMCP/pincher/internal/server/server.go:1150.69,1152.9 2 1
github.com/pincherMCP/pincher/internal/server/server.go:1152.9,1154.3 1 1
github.com/pincherMCP/pincher/internal/server/server.go:1155.2,1156.9 2 1
github.com/pincherMCP/pincher/internal/server/server.go:1156.9,1158.3 1 1
github.com/pincherMCP/pincher/internal/server/server.go:1159.2,1159.10 1 1
github.com/pincherMCP/pincher/internal/server/server.go:1166.53,1168.15 2 1
github.com/pincherMCP/pincher/internal/server/server.go:1169.16,1170.34 1 1
github.com/pincherMCP/pincher/internal/server/server.go:1171.13,1172.30 1 1
github.com/pincherMCP/pincher/internal/server/server.go:1174.2,1177.16 4 1
github.com/pincherMCP/pincher/internal/server/server.go:1177.16,1179.3 1 1
github.com/pincherMCP/pincher/internal/server/server.go:1180.2,1180.25 1 1
github.com/pincherMCP/pincher/internal/server/server.go:1183.46,1185.49 2 1
github.com/pincherMCP/pincher/internal/server/server.go:1185.49,1187.50 2 1
github.com/pincherMCP/pincher/internal/server/server.go:1187.50,1189.4 1 1
github.com/pincherMCP/pincher/internal/server/server.go:1191.2,1191.14 1 1
github.com/pincherMCP/pincher/internal/db/db.go:31.32,33.22 2 1
github.com/pincherMCP/pincher/internal/db/db.go:34.17,36.17 2 1
github.com/pincherMCP/pincher/internal/db/db.go:36.17,38.4 1 0
github.com/pincherMCP/pincher/internal/db/db.go:39.16,40.76 1 0
github.com/pincherMCP/pincher/internal/db/db.go:41.10,43.17 2 0
github.com/pincherMCP/pincher/internal/db/db.go:43.17,45.4 1 0
github.com/pincherMCP/pincher/internal/db/db.go:47.2,48.37 2 1
github.com/pincherMCP/pincher/internal/db/db.go:52.39,63.16 4 1
github.com/pincherMCP/pincher/internal/db/db.go:63.16,65.3 1 0
github.com/pincherMCP/pincher/internal/db/db.go:66.2,70.36 4 1
github.com/pincherMCP/pincher/internal/db/db.go:70.36,73.3 2 0
github.com/pincherMCP/pincher/internal/db/db.go:74.2,74.15 1 1
github.com/pincherMCP/pincher/internal/db/db.go:78.30,78.45 1 1
github.com/pincherMCP/pincher/internal/db/db.go:81.31,81.54 1 1
github.com/pincherMCP/pincher/internal/db/db.go:118.33,120.45 1 1
github.com/pincherMCP/pincher/internal/db/db.go:120.45,122.3 1 0
github.com/pincherMCP/pincher/internal/db/db.go:125.2,127.16 1 1
github.com/pincherMCP/pincher/internal/db/db.go:127.16,129.3 1 0
github.com/pincherMCP/pincher/internal/db/db.go:131.2,133.16 1 1
github.com/pincherMCP/pincher/internal/db/db.go:133.16,135.3 1 0
github.com/pincherMCP/pincher/internal/db/db.go:138.2,139.91 2 1
github.com/pincherMCP/pincher/internal/db/db.go:139.91,141.3 1 0
github.com/pincherMCP/pincher/internal/db/db.go:144.2,144.55 1 1
github.com/pincherMCP/pincher/internal/db/db.go:144.55,145.59 1 1
github.com/pincherMCP/pincher/internal/db/db.go:145.59,147.4 1 0
github.com/pincherMCP/pincher/internal/db/db.go:148.3,149.85 2 1
github.com/pincherMCP/pincher/internal/db/db.go:149.85,151.4 1 0
github.com/pincherMCP/pincher/internal/db/db.go:153.2,153.12 1 1
github.com/pincherMCP/pincher/internal/db/db.go:318.64,320.2 1 1
github.com/pincherMCP/pincher/internal/db/db.go:355.48,366.2 2 1
github.com/pincherMCP/pincher/internal/db/db.go:369.51,372.16 2 1
github.com/pincherMCP/pincher/internal/db/db.go:372.16,374.3 1 0
github.com/pincherMCP/pincher/internal/db/db.go:375.2,377.18 3 1
github.com/pincherMCP/pincher/internal/db/db.go:377.18,380.106 3 1
github.com/pincherMCP/pincher/internal/db/db.go:380.106,382.4 1 0
github.com/pincherMCP/pincher/internal/db/db.go:383.3,384.23 2 1
github.com/pincherMCP/pincher/internal/db/db.go:386.2,386.24 1 1
github.com/pincherMCP/pincher/internal/db/db.go:390.57,395.114 4 1
github.com/pincherMCP/pincher/internal/db/db.go:395.114,397.3 1 1
github.com/pincherMCP/pincher/internal/db/db.go:397.8,397.23 1 1
github.com/pincherMCP/pincher/internal/db/db.go:397.23,399.3 1 0
github.com/pincherMCP/pincher/internal/db/db.go:400.2,401.16 2 1
github.com/pincherMCP/pincher/internal/db/db.go:424.70,428.104 2 1
github.com/pincherMCP/pincher/internal/db/db.go:428.104,430.3 1 0
github.com/pincherMCP/pincher/internal/db/db.go:432.2,432.21 1 1
github.com/pincherMCP/pincher/internal/db/db.go:432.21,434.3 1 1
github.com/pincherMCP/pincher/internal/db/db.go:437.2,438.16 2 1
github.com/pincherMCP/pincher/internal/db/db.go:438.16,440.3 1 0
github.com/pincherMCP/pincher/internal/db/db.go:441.2,441.14 1 1
github.com/pincherMCP/pincher/internal/db/db.go:441.14,446.3 4 1
github.com/pincherMCP/pincher/internal/db/db.go:449.2,455.16 2 1
github.com/pincherMCP/pincher/internal/db/db.go:455.16,457.3 1 0
github.com/pincherMCP/pincher/internal/db/db.go:458.2,459.18 2 1
github.com/pincherMCP/pincher/internal/db/db.go:459.18,461.78 2 1
github.com/pincherMCP/pincher/internal/db/db.go:461.78,463.4 1 0
github.com/pincherMCP/pincher/internal/db/db.go:464.3,464.28 1 1
github.com/pincherMCP/pincher/internal/db/db.go:464.28,466.4 1 1
github.com/pincherMCP/pincher/internal/db/db.go:466.9,468.4 1 1
github.com/pincherMCP/pincher/internal/db/db.go:469.3,469.48 1 1
github.com/pincherMCP/pincher/internal/db/db.go:471.2,471.27 1 1
github.com/pincherMCP/pincher/internal/db/db.go:474.46,475.9 1 1
github.com/pincherMCP/pincher/internal/db/db.go:476.23,477.46 1 1
github.com/pincherMCP/pincher/internal/db/db.go:478.21,479.46 1 1
github.com/pincherMCP/pincher/internal/db/db.go:480.24,481.44 1 1
github.com/pincherMCP/pincher/internal/db/db.go:482.10,483.47 1 1
github.com/pincherMCP/pincher/internal/db/db.go:488.48,490.16 2 1
github.com/pincherMCP/pincher/internal/db/db.go:490.16,492.3 1 0
github.com/pincherMCP/pincher/internal/db/db.go:493.2,500.4 2 1
github.com/pincherMCP/pincher/internal/db/db.go:500.4,501.43 1 1
github.com/pincherMCP/pincher/internal/db/db.go:501.43,503.4 1 0
github.com/pincherMCP/pincher/internal/db/db.go:505.2,505.20 1 1
github.com/pincherMCP/pincher/internal/db/db.go:514.56,515.20 1 1
github.com/pincherMCP/pincher/internal/db/db.go:515.20,517.3 1 0
github.com/pincherMCP/pincher/internal/db/db.go:518.2,519.16 2 1
github.com/pincherMCP/pincher/internal/db/db.go:519.16,521.3 1 0
github.com/pincherMCP/pincher/internal/db/db.go:522.2,532.16 3 1
github.com/pincherMCP/pincher/internal/db/db.go:532.16,534.3 1 0
github.com/pincherMCP/pincher/internal/db/db.go:535.2,537.22 2 1
github.com/pincherMCP/pincher/internal/db/db.go:537.22,540.16 3 1
github.com/pincherMCP/pincher/internal/db/db.go:540.16,542.4 1 1
github.com/pincherMCP/pincher/internal/db/db.go:543.3,550.17 2 1
github.com/pincherMCP/pincher/internal/db/db.go:550.17,552.4 1 0
github.com/pincherMCP/pincher/internal/db/db.go:554.2,554.20 1 1
github.com/pincherMCP/pincher/internal/db/db.go:558.72,560.16 2 1
github.com/pincherMCP/pincher/internal/db/db.go:560.16,562.3 1 0
github.com/pincherMCP/pincher/internal/db/db.go:563.2,566.16 3 1
github.com/pincherMCP/pincher/internal/db/db.go:566.16,568.3 1 0
github.com/pincherMCP/pincher/internal/db/db.go:569.2,570.18 2 1
github.com/pincherMCP/pincher/internal/db/db.go:570.18,572.40 2 1
github.com/pincherMCP/pincher/internal/db/db.go:572.40,575.4 2 0
github.com/pincherMCP/pincher/internal/db/db.go:576.3,576.24 1 1
github.com/pincherMCP/pincher/internal/db/db.go:578.2,580.25 2 1
github.com/pincherMCP/pincher/internal/db/db.go:580.25,581.92 1 1
github.com/pincherMCP/pincher/internal/db/db.go:581.92,583.4 1 0
github.com/pincherMCP/pincher/internal/db/db.go:585.2,585.114 1 1
github.com/pincherMCP/pincher/internal/db/db.go:585.114,587.3 1 0
github.com/pincherMCP/pincher/internal/db/db.go:588.2,588.20 1 1
github.com/pincherMCP/pincher/internal/db/db.go:592.55,595.2 2 1
github.com/pincherMCP/pincher/internal/db/db.go:598.87,600.16 2 1
github.com/pincherMCP/pincher/internal/db/db.go:600.16,602.3 1 0
github.com/pincherMCP/pincher/internal/db/db.go:603.2,604.30 2 1
github.com/pincherMCP/pincher/internal/db/db.go:608.72,610.16 2 1
github.com/pincherMCP/pincher/internal/db/db.go:610.16,612.3 1 0
github.com/pincherMCP/pincher/internal/db/db.go:613.2,614.30 2 1
github.com/pincherMCP/pincher/internal/db/db.go:618.81,622.16 2 1
github.com/pincherMCP/pincher/internal/db/db.go:622.16,624.3 1 0
github.com/pincherMCP/pincher/internal/db/db.go:625.2,626.30 2 1
github.com/pincherMCP/pincher/internal/db/db.go:630.76,640.16 2 1
github.com/pincherMCP/pincher/internal/db/db.go:640.16,642.3 1 0
github.com/pincherMCP/pincher/internal/db/db.go:643.2,644.30 2 1
github.com/pincherMCP/pincher/internal/db/db.go:653.107,654.16 1 1
github.com/pincherMCP/pincher/internal/db/db.go:654.16,656.3 1 0
github.com/pincherMCP/pincher/internal/db/db.go:657.2,668.16 3 1
github.com/pincherMCP/pincher/internal/db/db.go:668.16,671.3 2 1
github.com/pincherMCP/pincher/internal/db/db.go:672.2,672.20 1 1
github.com/pincherMCP/pincher/internal/db/db.go:672.20,675.3 2 1
github.com/pincherMCP/pincher/internal/db/db.go:676.2,680.16 4 1
github.com/pincherMCP/pincher/internal/db/db.go:680.16,682.3 1 0
github.com/pincherMCP/pincher/internal/db/db.go:683.2,686.18 3 1
github.com/pincherMCP/pincher/internal/db/db.go:686.18,689.59 3 1
github.com/pincherMCP/pincher/internal/db/db.go:689.59,691.4 1 0
github.com/pincherMCP/pincher/internal/db/db.go:692.3,692.70 1 1
github.com/pincherMCP/pincher/internal/db/db.go:694.2,694.28 1 1
github.com/pincherMCP/pincher/internal/db/db.go:702.53,703.21 1 1
github.com/pincherMCP/pincher/internal/db/db.go:703.21,705.3 1 1
github.com/pincherMCP/pincher/internal/db/db.go:706.2,707.16 2 1
github.com/pincherMCP/pincher/internal/db/db.go:707.16,709.3 1 0
github.com/pincherMCP/pincher/internal/db/db.go:710.2,715.16 3 1
github.com/pincherMCP/pincher/internal/db/db.go:715.16,717.3 1 0
github.com/pincherMCP/pincher/internal/db/db.go:718.2,720.23 2 1
github.com/pincherMCP/pincher/internal/db/db.go:720.23,723.28 3 1
github.com/pincherMCP/pincher/internal/db/db.go:723.28,726.4 2 1
github.com/pincherMCP/pincher/internal/db/db.go:727.3,727.106 1 1
github.com/pincherMCP/pincher/internal/db/db.go:727.106,729.4 1 0
github.com/pincherMCP/pincher/internal/db/db.go:731.2,731.20 1 1
github.com/pincherMCP/pincher/internal/db/db.go:735.74,737.2 1 1
github.com/pincherMCP/pincher/internal/db/db.go:740.70,742.2 1 1
github.com/pincherMCP/pincher/internal/db/db.go:744.76,747.20 3 1
github.com/pincherMCP/pincher/internal/db/db.go:747.20,749.27 2 1
github.com/pincherMCP/pincher/internal/db/db.go:749.27,750.13 1 1
github.com/pincherMCP/pincher/internal/db/db.go:750.13,752.5 1 0
github.com/pincherMCP/pincher/internal/db/db.go:753.4,754.26 2 1
github.com/pincherMCP/pincher/internal/db/db.go:756.3,756.35 1 1
github.com/pincherMCP/pincher/internal/db/db.go:758.2,759.16 2 1
github.com/pincherMCP/pincher/internal/db/db.go:759.16,761.3 1 0
github.com/pincherMCP/pincher/internal/db/db.go:762.2,764.18 3 1
github.com/pincherMCP/pincher/internal/db/db.go:764.18,767.111 3 1
github.com/pincherMCP/pincher/internal/db/db.go:767.111,769.4 1 0
github.com/pincherMCP/pincher/internal/db/db.go:770.3,770.46 1 1
github.com/pincherMCP/pincher/internal/db/db.go:770.46,772.4 1 1
github.com/pincherMCP/pincher/internal/db/db.go:773.3,773.23 1 1
github.com/pincherMCP/pincher/internal/db/db.go:775.2,775.24 1 1
github.com/pincherMCP/pincher/internal/db/db.go:784.72,792.2 2 1
github.com/pincherMCP/pincher/internal/db/db.go:796.72,802.16 3 1
github.com/pincherMCP/pincher/internal/db/db.go:802.16,804.3 1 1
github.com/pincherMCP/pincher/internal/db/db.go:805.2,805.20 1 1
github.com/pincherMCP/pincher/internal/db/db.go:812.80,814.16 2 1
github.com/pincherMCP/pincher/internal/db/db.go:814.16,816.3 1 0
github.com/pincherMCP/pincher/internal/db/db.go:817.2,819.25 2 1
github.com/pincherMCP/pincher/internal/db/db.go:819.25,826.41 4 1
github.com/pincherMCP/pincher/internal/db/db.go:826.41,827.12 1 1
github.com/pincherMCP/pincher/internal/db/db.go:829.3,834.4 1 1
github.com/pincherMCP/pincher/internal/db/db.go:836.2,836.20 1 1
github.com/pincherMCP/pincher/internal/db/db.go:850.113,856.35 4 1
github.com/pincherMCP/pincher/internal/db/db.go:856.35,858.24 2 1
github.com/pincherMCP/pincher/internal/db/db.go:858.24,860.4 1 1
github.com/pincherMCP/pincher/internal/db/db.go:860.9,862.4 1 1
github.com/pincherMCP/pincher/internal/db/db.go:863.3,864.24 2 1
github.com/pincherMCP/pincher/internal/db/db.go:864.24,866.4 1 1
github.com/pincherMCP/pincher/internal/db/db.go:866.9,868.4 1 1
github.com/pincherMCP/pincher/internal/db/db.go:870.3,886.31 3 1
github.com/pincherMCP/pincher/internal/db/db.go:886.31,888.4 1 1
github.com/pincherMCP/pincher/internal/db/db.go:889.3,892.17 3 1
github.com/pincherMCP/pincher/internal/db/db.go:892.17,894.4 1 0
github.com/pincherMCP/pincher/internal/db/db.go:895.3,896.19 2 1
github.com/pincherMCP/pincher/internal/db/db.go:896.19,898.71 2 1
github.com/pincherMCP/pincher/internal/db/db.go:898.71,900.5 1 0
github.com/pincherMCP/pincher/internal/db/db.go:902.4,902.73 1 1
github.com/pincherMCP/pincher/internal/db/db.go:902.73,904.5 1 1
github.com/pincherMCP/pincher/internal/db/db.go:906.3,906.20 1 1
github.com/pincherMCP/pincher/internal/db/db.go:909.2,909.52 1 1
github.com/pincherMCP/pincher/internal/db/db.go:909.52,910.44 1 1
github.com/pincherMCP/pincher/internal/db/db.go:910.44,912.4 1 0
github.com/pincherMCP/pincher/internal/db/db.go:914.2,914.51 1 1
github.com/pincherMCP/pincher/internal/db/db.go:914.51,915.43 1 1
github.com/pincherMCP/pincher/internal/db/db.go:915.43,917.4 1 0
github.com/pincherMCP/pincher/internal/db/db.go:920.2,921.25 2 1
github.com/pincherMCP/pincher/internal/db/db.go:921.25,923.3 1 1
github.com/pincherMCP/pincher/internal/db/db.go:924.2,924.17 1 1
github.com/pincherMCP/pincher/internal/db/db.go:928.126,932.115 3 1
github.com/pincherMCP/pincher/internal/db/db.go:932.115,934.3 1 0
github.com/pincherMCP/pincher/internal/db/db.go:935.2,935.114 1 1
github.com/pincherMCP/pincher/internal/db/db.go:935.114,937.3 1 0
github.com/pincherMCP/pincher/internal/db/db.go:939.2,940.17 2 1
github.com/pincherMCP/pincher/internal/db/db.go:940.17,943.3 2 0
github.com/pincherMCP/pincher/internal/db/db.go:944.2,945.18 2 1
github.com/pincherMCP/pincher/internal/db/db.go:945.18,948.42 3 1
github.com/pincherMCP/pincher/internal/db/db.go:948.42,950.4 1 0
github.com/pincherMCP/pincher/internal/db/db.go:951.3,951.20 1 1
github.com/pincherMCP/pincher/internal/db/db.go:954.2,955.17 2 1
github.com/pincherMCP/pincher/internal/db/db.go:955.17,958.3 2 0
github.com/pincherMCP/pincher/internal/db/db.go:959.2,960.19 2 1
github.com/pincherMCP/pincher/internal/db/db.go:960.19,963.43 3 1
github.com/pincherMCP/pincher/internal/db/db.go:963.43,965.4 1 0
github.com/pincherMCP/pincher/internal/db/db.go:966.3,966.24 1 1
github.com/pincherMCP/pincher/internal/db/db.go:968.2,968.8 1 1
github.com/pincherMCP/pincher/internal/db/db.go:976.60,980.2 3 1
github.com/pincherMCP/pincher/internal/db/db.go:983.65,988.2 2 1
github.com/pincherMCP/pincher/internal/db/db.go:991.62,994.2 2 1
github.com/pincherMCP/pincher/internal/db/db.go:1001.60,1006.2 2 1
github.com/pincherMCP/pincher/internal/db/db.go:1009.69,1012.26 3 1
github.com/pincherMCP/pincher/internal/db/db.go:1012.26,1014.3 1 1
github.com/pincherMCP/pincher/internal/db/db.go:1015.2,1015.31 1 1
github.com/pincherMCP/pincher/internal/db/db.go:1019.71,1021.16 2 1
github.com/pincherMCP/pincher/internal/db/db.go:1021.16,1023.3 1 0
github.com/pincherMCP/pincher/internal/db/db.go:1024.2,1026.18 3 1
github.com/pincherMCP/pincher/internal/db/db.go:1026.18,1028.43 2 1
github.com/pincherMCP/pincher/internal/db/db.go:1028.43,1030.4 1 0
github.com/pincherMCP/pincher/internal/db/db.go:1031.3,1031.13 1 1
github.com/pincherMCP/pincher/internal/db/db.go:1033.2,1033.24 1 1
github.com/pincherMCP/pincher/internal/db/db.go:1037.56,1040.2 2 1
github.com/pincherMCP/pincher/internal/db/db.go:1054.51,1065.26 5 1
github.com/pincherMCP/pincher/internal/db/db.go:1065.26,1067.3 1 1
github.com/pincherMCP/pincher/internal/db/db.go:1068.2,1068.16 1 1
github.com/pincherMCP/pincher/internal/db/db.go:1068.16,1070.3 1 0
github.com/pincherMCP/pincher/internal/db/db.go:1071.2,1072.18 2 1
github.com/pincherMCP/pincher/internal/db/db.go:1075.56,1077.18 2 1
github.com/pincherMCP/pincher/internal/db/db.go:1077.18,1079.55 2 1
github.com/pincherMCP/pincher/internal/db/db.go:1079.55,1081.4 1 0
github.com/pincherMCP/pincher/internal/db/db.go:1082.3,1082.25 1 1
github.com/pincherMCP/pincher/internal/db/db.go:1084.2,1084.24 1 1
github.com/pincherMCP/pincher/internal/db/db.go:1087.59,1096.16 3 1
github.com/pincherMCP/pincher/internal/db/db.go:1096.16,1098.3 1 0
github.com/pincherMCP/pincher/internal/db/db.go:1099.2,1100.12 2 1
github.com/pincherMCP/pincher/internal/db/db.go:1104.71,1113.16 3 1
github.com/pincherMCP/pincher/internal/db/db.go:1113.16,1115.3 1 0
github.com/pincherMCP/pincher/internal/db/db.go:1116.2,1117.12 2 1
github.com/pincherMCP/pincher/internal/db/db.go:1121.99,1130.2 8 1
github.com/pincherMCP/pincher/internal/db/db.go:1133.23,1134.13 1 1
github.com/pincherMCP/pincher/internal/db/db.go:1134.13,1136.3 1 1
github.com/pincherMCP/pincher/internal/db/db.go:1137.2,1137.10 1 1
github.com/pincherMCP/pincher/internal/db/db.go:1141.21,1142.7 1 1
github.com/pincherMCP/pincher/internal/db/db.go:1142.7,1144.3 1 1
github.com/pincherMCP/pincher/internal/db/db.go:1145.2,1145.10 1 1
github.com/pincherMCP/pincher/internal/db/db.go:1149.46,1151.2 1 1
github.com/pincherMCP/pincher/internal/db/db.go:1154.44,1157.16 2 1
github.com/pincherMCP/pincher/internal/db/db.go:1157.16,1159.3 1 0
github.com/pincherMCP/pincher/internal/db/db.go:1160.2,1160.12 1 1
github.com/pincherMCP/pincher/internal/db/db.go:1165.33,1167.2 1 1
github.com/pincherMCP/pincher/internal/db/db.go:1170.35,1171.9 1 1
github.com/pincherMCP/pincher/internal/db/db.go:1172.22,1173.56 1 1
github.com/pincherMCP/pincher/internal/db/db.go:1174.22,1175.56 1 1
github.com/pincherMCP/pincher/internal/db/db.go:1176.10,1177.36 1 1
github.com/pincherMCP/pincher/internal/index/indexer.go:37.36,42.2 1 1
github.com/pincherMCP/pincher/internal/index/indexer.go:58.99,60.16 2 1
github.com/pincherMCP/pincher/internal/index/indexer.go:60.16,62.3 1 0
github.com/pincherMCP/pincher/internal/index/indexer.go:64.2,69.27 4 1
github.com/pincherMCP/pincher/internal/index/indexer.go:69.27,72.3 2 1
github.com/pincherMCP/pincher/internal/index/indexer.go:73.2,75.15 3 1
github.com/pincherMCP/pincher/internal/index/indexer.go:75.15,79.3 3 1
github.com/pincherMCP/pincher/internal/index/indexer.go:81.2,89.17 2 1
github.com/pincherMCP/pincher/internal/index/indexer.go:89.17,91.3 1 0
github.com/pincherMCP/pincher/internal/index/indexer.go:94.2,99.12 4 1
github.com/pincherMCP/pincher/internal/index/indexer.go:99.12,100.40 1 1
github.com/pincherMCP/pincher/internal/index/indexer.go:100.40,102.4 1 0
github.com/pincherMCP/pincher/internal/index/indexer.go:105.2,117.37 2 1
github.com/pincherMCP/pincher/internal/index/indexer.go:117.37,119.30 2 1
github.com/pincherMCP/pincher/internal/index/indexer.go:119.30,120.12 1 1
github.com/pincherMCP/pincher/internal/index/indexer.go:124.3,125.21 2 1
github.com/pincherMCP/pincher/internal/index/indexer.go:125.21,127.12 2 0
github.com/pincherMCP/pincher/internal/index/indexer.go:131.3,135.13 4 1
github.com/pincherMCP/pincher/internal/index/indexer.go:135.13,137.22 2 1
github.com/pincherMCP/pincher/internal/index/indexer.go:137.22,139.13 2 1
github.com/pincherMCP/pincher/internal/index/indexer.go:143.3,145.55 3 1
github.com/pincherMCP/pincher/internal/index/indexer.go:145.55,149.18 3 1
github.com/pincherMCP/pincher/internal/index/indexer.go:149.18,151.5 1 0
github.com/pincherMCP/pincher/internal/index/indexer.go:154.4,155.49 2 1
github.com/pincherMCP/pincher/internal/index/indexer.go:155.49,157.5 1 1
github.com/pincherMCP/pincher/internal/index/indexer.go:160.4,161.37 2 1
github.com/pincherMCP/pincher/internal/index/indexer.go:161.37,186.5 2 1
github.com/pincherMCP/pincher/internal/index/indexer.go:189.4,190.29 2 1
github.com/pincherMCP/pincher/internal/index/indexer.go:190.29,193.5 2 1
github.com/pincherMCP/pincher/internal/index/indexer.go:196.4,197.35 2 1
github.com/pincherMCP/pincher/internal/index/indexer.go:197.35,199.21 2 1
github.com/pincherMCP/pincher/internal/index/indexer.go:199.21,202.24 2 0
github.com/pincherMCP/pincher/internal/index/indexer.go:202.24,204.7 1 0
github.com/pincherMCP/pincher/internal/index/indexer.go:206.5,207.35 2 1
github.com/pincherMCP/pincher/internal/index/indexer.go:207.35,208.14 1 0
github.com/pincherMCP/pincher/internal/index/indexer.go:210.5,216.7 1 1
github.com/pincherMCP/pincher/internal/index/indexer.go:219.4,223.26 4 1
github.com/pincherMCP/pincher/internal/index/indexer.go:223.26,226.84 3 1
github.com/pincherMCP/pincher/internal/index/indexer.go:226.84,228.6 1 0
github.com/pincherMCP/pincher/internal/index/indexer.go:230.4,230.18 1 1
github.com/pincherMCP/pincher/internal/index/indexer.go:234.2,238.41 3 1
github.com/pincherMCP/pincher/internal/index/indexer.go:238.41,241.82 3 1
github.com/pincherMCP/pincher/internal/index/indexer.go:241.82,243.4 1 0
github.com/pincherMCP/pincher/internal/index/indexer.go:245.2,258.17 3 1
github.com/pincherMCP/pincher/internal/index/indexer.go:258.17,260.3 1 0
github.com/pincherMCP/pincher/internal/index/indexer.go:262.2,280.8 2 1
github.com/pincherMCP/pincher/internal/index/indexer.go:284.95,285.65 1 1
github.com/pincherMCP/pincher/internal/index/indexer.go:285.65,287.3 1 0
github.com/pincherMCP/pincher/internal/index/indexer.go:289.2,290.26 2 1
github.com/pincherMCP/pincher/internal/index/indexer.go:290.26,291.24 1 1
github.com/pincherMCP/pincher/internal/index/indexer.go:291.24,294.4 2 1
github.com/pincherMCP/pincher/internal/index/indexer.go:296.2,298.12 3 1
github.com/pincherMCP/pincher/internal/index/indexer.go:301.91,304.19 1 1
github.com/pincherMCP/pincher/internal/index/indexer.go:304.19,305.73 1 1
github.com/pincherMCP/pincher/internal/index/indexer.go:305.73,307.4 1 1
github.com/pincherMCP/pincher/internal/index/indexer.go:309.2,309.58 1 1
github.com/pincherMCP/pincher/internal/index/indexer.go:309.58,311.3 1 1
github.com/pincherMCP/pincher/internal/index/indexer.go:312.2,312.57 1 1
github.com/pincherMCP/pincher/internal/index/indexer.go:312.57,314.3 1 1
github.com/pincherMCP/pincher/internal/index/indexer.go:315.2,315.12 1 1
github.com/pincherMCP/pincher/internal/index/indexer.go:329.74,330.34 1 1
github.com/pincherMCP/pincher/internal/index/indexer.go:330.34,332.3 1 1
github.com/pincherMCP/pincher/internal/index/indexer.go:333.2,335.16 3 1
github.com/pincherMCP/pincher/internal/index/indexer.go:335.16,337.3 1 1
github.com/pincherMCP/pincher/internal/index/indexer.go:338.2,341.15 3 1
github.com/pincherMCP/pincher/internal/index/indexer.go:341.15,343.3 1 1
github.com/pincherMCP/pincher/internal/index/indexer.go:344.2,344.59 1 1
github.com/pincherMCP/pincher/internal/index/indexer.go:344.59,346.3 1 0
github.com/pincherMCP/pincher/internal/index/indexer.go:347.2,349.26 3 1
github.com/pincherMCP/pincher/internal/index/indexer.go:349.26,351.3 1 0
github.com/pincherMCP/pincher/internal/index/indexer.go:352.2,352.29 1 1
github.com/pincherMCP/pincher/internal/index/indexer.go:361.48,365.6 3 1
github.com/pincherMCP/pincher/internal/index/indexer.go:365.6,366.10 1 1
github.com/pincherMCP/pincher/internal/index/indexer.go:367.21,368.10 1 1
github.com/pincherMCP/pincher/internal/index/indexer.go:369.19,371.18 2 1
github.com/pincherMCP/pincher/internal/index/indexer.go:371.18,372.13 1 0
github.com/pincherMCP/pincher/internal/index/indexer.go:374.4,374.31 1 1
github.com/pincherMCP/pincher/internal/index/indexer.go:374.31,375.26 1 1
github.com/pincherMCP/pincher/internal/index/indexer.go:375.26,377.28 2 1
github.com/pincherMCP/pincher/internal/index/indexer.go:377.28,378.62 1 1
github.com/pincherMCP/pincher/internal/index/indexer.go:378.62,380.8 1 0
github.com/pincherMCP/pincher/internal/index/indexer.go:390.51,393.16 2 1
github.com/pincherMCP/pincher/internal/index/indexer.go:393.16,395.3 1 1
github.com/pincherMCP/pincher/internal/index/indexer.go:396.2,396.28 1 1
github.com/pincherMCP/pincher/internal/index/indexer.go:396.28,397.16 1 1
github.com/pincherMCP/pincher/internal/index/indexer.go:397.16,398.12 1 0
github.com/pincherMCP/pincher/internal/index/indexer.go:400.3,400.34 1 1
github.com/pincherMCP/pincher/internal/index/indexer.go:400.34,401.12 1 1
github.com/pincherMCP/pincher/internal/index/indexer.go:403.3,404.17 2 1
github.com/pincherMCP/pincher/internal/index/indexer.go:404.17,405.12 1 0
github.com/pincherMCP/pincher/internal/index/indexer.go:408.3,408.40 1 1
github.com/pincherMCP/pincher/internal/index/indexer.go:408.40,410.4 1 1
github.com/pincherMCP/pincher/internal/index/indexer.go:412.2,412.14 1 1
github.com/pincherMCP/pincher/internal/index/indexer.go:434.133,435.35 1 1
github.com/pincherMCP/pincher/internal/index/indexer.go:435.35,437.3 1 1
github.com/pincherMCP/pincher/internal/index/indexer.go:440.2,441.16 2 1
github.com/pincherMCP/pincher/internal/index/indexer.go:441.16,443.3 1 0
github.com/pincherMCP/pincher/internal/index/indexer.go:444.2,444.22 1 1
github.com/pincherMCP/pincher/internal/index/indexer.go:444.22,446.3 1 1
github.com/pincherMCP/pincher/internal/index/indexer.go:447.2,453.16 4 1
github.com/pincherMCP/pincher/internal/index/indexer.go:453.16,455.3 1 0
github.com/pincherMCP/pincher/internal/index/indexer.go:457.2,458.34 2 1
github.com/pincherMCP/pincher/internal/index/indexer.go:458.34,460.34 2 1
github.com/pincherMCP/pincher/internal/index/indexer.go:460.34,461.12 1 0
github.com/pincherMCP/pincher/internal/index/indexer.go:463.3,464.14 2 1
github.com/pincherMCP/pincher/internal/index/indexer.go:464.14,466.4 1 1
github.com/pincherMCP/pincher/internal/index/indexer.go:467.3,468.23 2 1
github.com/pincherMCP/pincher/internal/index/indexer.go:468.23,469.9 1 0
github.com/pincherMCP/pincher/internal/index/indexer.go:472.2,472.18 1 1
github.com/pincherMCP/pincher/internal/index/indexer.go:476.34,477.15 1 1
github.com/pincherMCP/pincher/internal/index/indexer.go:478.9,479.20 1 1
github.com/pincherMCP/pincher/internal/index/indexer.go:480.9,481.16 1 1
github.com/pincherMCP/pincher/internal/index/indexer.go:482.9,483.18 1 1
github.com/pincherMCP/pincher/internal/index/indexer.go:484.10,485.15 1 1
github.com/pincherMCP/pincher/internal/index/indexer.go:510.37,512.2 1 1
github.com/pincherMCP/pincher/internal/index/indexer.go:515.33,517.29 2 1
github.com/pincherMCP/pincher/internal/index/indexer.go:517.29,519.3 1 1
github.com/pincherMCP/pincher/internal/index/indexer.go:520.2,520.12 1 1
