mode: set
github.com/pincherMCP/pincher/internal/server/server.go:57.75,72.2 4 1
github.com/pincherMCP/pincher/internal/server/server.go:75.42,75.58 1 1
github.com/pincherMCP/pincher/internal/server/server.go:77.75,78.26 1 0
github.com/pincherMCP/pincher/internal/server/server.go:78.26,80.3 1 0
github.com/pincherMCP/pincher/internal/server/server.go:83.81,84.26 1 0
github.com/pincherMCP/pincher/internal/server/server.go:84.26,86.3 1 0
github.com/pincherMCP/pincher/internal/server/server.go:89.78,90.20 1 0
github.com/pincherMCP/pincher/internal/server/server.go:90.20,91.86 1 0
github.com/pincherMCP/pincher/internal/server/server.go:91.86,92.57 1 0
github.com/pincherMCP/pincher/internal/server/server.go:92.57,95.5 2 0
github.com/pincherMCP/pincher/internal/server/server.go:98.2,98.40 1 0
github.com/pincherMCP/pincher/internal/server/server.go:98.40,100.3 1 0
github.com/pincherMCP/pincher/internal/server/server.go:103.39,107.2 3 1
github.com/pincherMCP/pincher/internal/server/server.go:109.46,111.38 2 1
github.com/pincherMCP/pincher/internal/server/server.go:111.38,113.3 1 1
github.com/pincherMCP/pincher/internal/server/server.go:114.2,115.47 2 1
github.com/pincherMCP/pincher/internal/server/server.go:115.47,117.3 1 1
github.com/pincherMCP/pincher/internal/server/server.go:118.2,118.36 1 1
github.com/pincherMCP/pincher/internal/server/server.go:122.70,123.22 1 1
github.com/pincherMCP/pincher/internal/server/server.go:123.22,124.24 1 1
github.com/pincherMCP/pincher/internal/server/server.go:124.24,126.4 1 1
github.com/pincherMCP/pincher/internal/server/server.go:127.3,127.26 1 1
github.com/pincherMCP/pincher/internal/server/server.go:130.2,131.16 2 1
github.com/pincherMCP/pincher/internal/server/server.go:131.16,133.3 1 0
github.com/pincherMCP/pincher/internal/server/server.go:134.2,134.14 1 1
github.com/pincherMCP/pincher/internal/server/server.go:134.14,136.3 1 1
github.com/pincherMCP/pincher/internal/server/server.go:138.2,139.16 2 1
github.com/pincherMCP/pincher/internal/server/server.go:139.16,141.3 1 0
github.com/pincherMCP/pincher/internal/server/server.go:142.2,142.27 1 1
github.com/pincherMCP/pincher/internal/server/server.go:142.27,143.30 1 1
github.com/pincherMCP/pincher/internal/server/server.go:143.30,145.4 1 1
github.com/pincherMCP/pincher/internal/server/server.go:147.2,147.100 1 1
github.com/pincherMCP/pincher/internal/server/server.go:151.71,153.28 2 1
github.com/pincherMCP/pincher/internal/server/server.go:153.28,154.26 1 1
github.com/pincherMCP/pincher/internal/server/server.go:154.26,156.4 1 1
github.com/pincherMCP/pincher/internal/server/server.go:157.3,157.45 1 1
github.com/pincherMCP/pincher/internal/server/server.go:159.2,159.20 1 1
github.com/pincherMCP/pincher/internal/server/server.go:166.67,169.2 2 1
github.com/pincherMCP/pincher/internal/server/server.go:171.34,329.2 13 1
github.com/pincherMCP/pincher/internal/server/server.go:335.106,340.16 4 1
github.com/pincherMCP/pincher/internal/server/server.go:340.16,342.3 1 1
github.com/pincherMCP/pincher/internal/server/server.go:343.2,343.16 1 1
github.com/pincherMCP/pincher/internal/server/server.go:343.16,345.3 1 1
github.com/pincherMCP/pincher/internal/server/server.go:346.2,349.16 3 1
github.com/pincherMCP/pincher/internal/server/server.go:349.16,351.3 1 0
github.com/pincherMCP/pincher/internal/server/server.go:353.2,362.50 2 1
github.com/pincherMCP/pincher/internal/server/server.go:365.107,370.14 4 1
github.com/pincherMCP/pincher/internal/server/server.go:370.14,372.3 1 1
github.com/pincherMCP/pincher/internal/server/server.go:373.2,376.16 3 1
github.com/pincherMCP/pincher/internal/server/server.go:376.16,378.3 1 0
github.com/pincherMCP/pincher/internal/server/server.go:379.2,379.16 1 1
github.com/pincherMCP/pincher/internal/server/server.go:379.16,381.63 1 1
github.com/pincherMCP/pincher/internal/server/server.go:381.63,383.18 2 1
github.com/pincherMCP/pincher/internal/server/server.go:383.18,385.5 1 0
github.com/pincherMCP/pincher/internal/server/server.go:388.2,388.16 1 1
github.com/pincherMCP/pincher/internal/server/server.go:388.16,390.3 1 1
github.com/pincherMCP/pincher/internal/server/server.go:393.2,394.22 2 1
github.com/pincherMCP/pincher/internal/server/server.go:394.22,395.61 1 0
github.com/pincherMCP/pincher/internal/server/server.go:395.61,397.4 1 0
github.com/pincherMCP/pincher/internal/server/server.go:399.2,400.16 2 1
github.com/pincherMCP/pincher/internal/server/server.go:400.16,402.3 1 0
github.com/pincherMCP/pincher/internal/server/server.go:405.2,406.16 2 1
github.com/pincherMCP/pincher/internal/server/server.go:406.16,408.3 1 1
github.com/pincherMCP/pincher/internal/server/server.go:411.2,412.16 2 1
github.com/pincherMCP/pincher/internal/server/server.go:412.16,413.92 1 1
github.com/pincherMCP/pincher/internal/server/server.go:413.92,415.4 1 1
github.com/pincherMCP/pincher/internal/server/server.go:417.2,439.60 4 1
github.com/pincherMCP/pincher/internal/server/server.go:442.108,447.19 4 1
github.com/pincherMCP/pincher/internal/server/server.go:447.19,449.3 1 1
github.com/pincherMCP/pincher/internal/server/server.go:451.2,453.22 3 1
github.com/pincherMCP/pincher/internal/server/server.go:453.22,454.61 1 1
github.com/pincherMCP/pincher/internal/server/server.go:454.61,455.55 1 1
github.com/pincherMCP/pincher/internal/server/server.go:455.55,457.5 1 1
github.com/pincherMCP/pincher/internal/server/server.go:461.2,462.25 2 1
github.com/pincherMCP/pincher/internal/server/server.go:462.25,464.31 2 1
github.com/pincherMCP/pincher/internal/server/server.go:464.31,466.12 2 1
github.com/pincherMCP/pincher/internal/server/server.go:468.3,469.17 2 1
github.com/pincherMCP/pincher/internal/server/server.go:469.17,471.4 1 1
github.com/pincherMCP/pincher/internal/server/server.go:472.3,480.5 1 1
github.com/pincherMCP/pincher/internal/server/server.go:483.2,487.50 2 1
github.com/pincherMCP/pincher/internal/server/server.go:490.108,495.14 4 1
github.com/pincherMCP/pincher/internal/server/server.go:495.14,497.3 1 1
github.com/pincherMCP/pincher/internal/server/server.go:499.2,500.30 2 1
github.com/pincherMCP/pincher/internal/server/server.go:500.30,502.3 1 1
github.com/pincherMCP/pincher/internal/server/server.go:504.2,511.32 6 1
github.com/pincherMCP/pincher/internal/server/server.go:511.32,513.31 2 1
github.com/pincherMCP/pincher/internal/server/server.go:513.31,514.12 1 0
github.com/pincherMCP/pincher/internal/server/server.go:516.3,524.44 3 1
github.com/pincherMCP/pincher/internal/server/server.go:527.2,531.60 2 1
github.com/pincherMCP/pincher/internal/server/server.go:534.107,539.17 4 1
github.com/pincherMCP/pincher/internal/server/server.go:539.17,541.3 1 0
github.com/pincherMCP/pincher/internal/server/server.go:542.2,548.16 6 1
github.com/pincherMCP/pincher/internal/server/server.go:548.16,550.3 1 1
github.com/pincherMCP/pincher/internal/server/server.go:552.2,553.16 2 1
github.com/pincherMCP/pincher/internal/server/server.go:553.16,555.3 1 0
github.com/pincherMCP/pincher/internal/server/server.go:557.2,558.28 2 1
github.com/pincherMCP/pincher/internal/server/server.go:558.28,571.3 1 1
github.com/pincherMCP/pincher/internal/server/server.go:575.2,585.60 6 1
github.com/pincherMCP/pincher/internal/server/server.go:588.106,593.15 4 1
github.com/pincherMCP/pincher/internal/server/server.go:593.15,595.3 1 1
github.com/pincherMCP/pincher/internal/server/server.go:596.2,600.16 4 1
github.com/pincherMCP/pincher/internal/server/server.go:600.16,602.3 1 1
github.com/pincherMCP/pincher/internal/server/server.go:603.2,607.16 4 1
github.com/pincherMCP/pincher/internal/server/server.go:607.16,609.3 1 0
github.com/pincherMCP/pincher/internal/server/server.go:611.2,616.50 2 1
github.com/pincherMCP/pincher/internal/server/server.go:619.106,624.16 4 1
github.com/pincherMCP/pincher/internal/server/server.go:624.16,626.3 1 1
github.com/pincherMCP/pincher/internal/server/server.go:627.2,629.21 3 1
github.com/pincherMCP/pincher/internal/server/server.go:629.21,631.3 1 1
github.com/pincherMCP/pincher/internal/server/server.go:632.2,636.16 4 1
github.com/pincherMCP/pincher/internal/server/server.go:636.16,638.3 1 0
github.com/pincherMCP/pincher/internal/server/server.go:640.2,641.16 2 1
github.com/pincherMCP/pincher/internal/server/server.go:641.16,643.3 1 1
github.com/pincherMCP/pincher/internal/server/server.go:646.2,648.25 3 1
github.com/pincherMCP/pincher/internal/server/server.go:648.25,657.14 2 1
github.com/pincherMCP/pincher/internal/server/server.go:657.14,660.4 2 1
github.com/pincherMCP/pincher/internal/server/server.go:661.3,661.53 1 1
github.com/pincherMCP/pincher/internal/server/server.go:664.2,665.30 2 1
github.com/pincherMCP/pincher/internal/server/server.go:665.30,666.34 1 1
github.com/pincherMCP/pincher/internal/server/server.go:666.34,668.15 2 1
github.com/pincherMCP/pincher/internal/server/server.go:668.15,670.5 1 1
github.com/pincherMCP/pincher/internal/server/server.go:671.4,671.36 1 1
github.com/pincherMCP/pincher/internal/server/server.go:675.2,681.13 2 1
github.com/pincherMCP/pincher/internal/server/server.go:681.13,683.3 1 1
github.com/pincherMCP/pincher/internal/server/server.go:684.2,684.50 1 1
github.com/pincherMCP/pincher/internal/server/server.go:687.108,693.17 5 1
github.com/pincherMCP/pincher/internal/server/server.go:693.17,695.3 1 1
github.com/pincherMCP/pincher/internal/server/server.go:696.2,699.16 3 1
github.com/pincherMCP/pincher/internal/server/server.go:699.16,701.3 1 1
github.com/pincherMCP/pincher/internal/server/server.go:702.2,703.16 2 1
github.com/pincherMCP/pincher/internal/server/server.go:703.16,705.3 1 0
github.com/pincherMCP/pincher/internal/server/server.go:708.2,709.20 2 1
github.com/pincherMCP/pincher/internal/server/server.go:709.20,711.3 1 1
github.com/pincherMCP/pincher/internal/server/server.go:714.2,718.33 3 1
github.com/pincherMCP/pincher/internal/server/server.go:718.33,720.17 2 1
github.com/pincherMCP/pincher/internal/server/server.go:720.17,721.12 1 0
github.com/pincherMCP/pincher/internal/server/server.go:723.3,723.51 1 1
github.com/pincherMCP/pincher/internal/server/server.go:727.2,729.37 3 1
github.com/pincherMCP/pincher/internal/server/server.go:729.37,731.17 2 1
github.com/pincherMCP/pincher/internal/server/server.go:731.17,732.12 1 0
github.com/pincherMCP/pincher/internal/server/server.go:734.3,734.26 1 1
github.com/pincherMCP/pincher/internal/server/server.go:734.26,735.25 1 0
github.com/pincherMCP/pincher/internal/server/server.go:735.25,736.13 1 0
github.com/pincherMCP/pincher/internal/server/server.go:738.4,746.6 2 0
github.com/pincherMCP/pincher/internal/server/server.go:751.2,752.32 2 1
github.com/pincherMCP/pincher/internal/server/server.go:752.32,753.41 1 0
github.com/pincherMCP/pincher/internal/server/server.go:753.41,755.4 1 0
github.com/pincherMCP/pincher/internal/server/server.go:758.2,759.37 2 1
github.com/pincherMCP/pincher/internal/server/server.go:759.37,763.3 1 1
github.com/pincherMCP/pincher/internal/server/server.go:765.2,779.50 2 1
github.com/pincherMCP/pincher/internal/server/server.go:782.113,788.16 5 1
github.com/pincherMCP/pincher/internal/server/server.go:788.16,790.3 1 1
github.com/pincherMCP/pincher/internal/server/server.go:792.2,799.21 4 1
github.com/pincherMCP/pincher/internal/server/server.go:799.21,800.23 1 1
github.com/pincherMCP/pincher/internal/server/server.go:800.23,805.4 4 1
github.com/pincherMCP/pincher/internal/server/server.go:806.3,806.19 1 1
github.com/pincherMCP/pincher/internal/server/server.go:810.2,814.19 3 1
github.com/pincherMCP/pincher/internal/server/server.go:814.19,815.21 1 1
github.com/pincherMCP/pincher/internal/server/server.go:815.21,820.4 4 1
github.com/pincherMCP/pincher/internal/server/server.go:821.3,821.17 1 1
github.com/pincherMCP/pincher/internal/server/server.go:825.2,827.29 3 1
github.com/pincherMCP/pincher/internal/server/server.go:827.29,831.3 1 1
github.com/pincherMCP/pincher/internal/server/server.go:834.2,844.50 3 1
github.com/pincherMCP/pincher/internal/server/server.go:847.107,853.16 5 1
github.com/pincherMCP/pincher/internal/server/server.go:853.16,855.3 1 1
github.com/pincherMCP/pincher/internal/server/server.go:857.2,858.16 2 1
github.com/pincherMCP/pincher/internal/server/server.go:858.16,860.3 1 0
github.com/pincherMCP/pincher/internal/server/server.go:862.2,868.50 2 1
github.com/pincherMCP/pincher/internal/server/server.go:871.105,874.16 3 1
github.com/pincherMCP/pincher/internal/server/server.go:874.16,876.3 1 0
github.com/pincherMCP/pincher/internal/server/server.go:877.2,878.29 2 1
github.com/pincherMCP/pincher/internal/server/server.go:878.29,888.3 1 1
github.com/pincherMCP/pincher/internal/server/server.go:889.2,890.50 2 1
github.com/pincherMCP/pincher/internal/server/server.go:893.104,902.16 8 1
github.com/pincherMCP/pincher/internal/server/server.go:902.16,904.3 1 1
github.com/pincherMCP/pincher/internal/server/server.go:906.2,907.16 2 1
github.com/pincherMCP/pincher/internal/server/server.go:908.13,909.16 1 1
github.com/pincherMCP/pincher/internal/server/server.go:909.16,911.4 1 1
github.com/pincherMCP/pincher/internal/server/server.go:912.3,913.17 2 1
github.com/pincherMCP/pincher/internal/server/server.go:913.17,915.4 1 0
github.com/pincherMCP/pincher/internal/server/server.go:916.3,916.10 1 1
github.com/pincherMCP/pincher/internal/server/server.go:916.10,918.4 1 1
github.com/pincherMCP/pincher/internal/server/server.go:919.3,919.50 1 1
github.com/pincherMCP/pincher/internal/server/server.go:921.13,922.31 1 1
github.com/pincherMCP/pincher/internal/server/server.go:922.31,924.4 1 1
github.com/pincherMCP/pincher/internal/server/server.go:925.3,925.63 1 1
github.com/pincherMCP/pincher/internal/server/server.go:925.63,927.4 1 0
github.com/pincherMCP/pincher/internal/server/server.go:928.3,928.52 1 1
github.com/pincherMCP/pincher/internal/server/server.go:930.14,932.17 2 1
github.com/pincherMCP/pincher/internal/server/server.go:932.17,934.4 1 0
github.com/pincherMCP/pincher/internal/server/server.go:935.3,935.44 1 1
github.com/pincherMCP/pincher/internal/server/server.go:937.16,938.16 1 1
github.com/pincherMCP/pincher/internal/server/server.go:938.16,940.4 1 1
github.com/pincherMCP/pincher/internal/server/server.go:941.3,941.59 1 1
github.com/pincherMCP/pincher/internal/server/server.go:941.59,943.4 1 0
github.com/pincherMCP/pincher/internal/server/server.go:944.3,944.53 1 1
github.com/pincherMCP/pincher/internal/server/server.go:946.10,947.66 1 1
github.com/pincherMCP/pincher/internal/server/server.go:950.2,950.50 1 1
github.com/pincherMCP/pincher/internal/server/server.go:953.106,966.15 10 1
github.com/pincherMCP/pincher/internal/server/server.go:966.15,968.3 1 1
github.com/pincherMCP/pincher/internal/server/server.go:970.2,980.60 3 1
github.com/pincherMCP/pincher/internal/server/server.go:980.60,981.64 1 1
github.com/pincherMCP/pincher/internal/server/server.go:981.64,992.4 2 1
github.com/pincherMCP/pincher/internal/server/server.go:995.2,999.50 2 1
github.com/pincherMCP/pincher/internal/server/server.go:1009.112,1036.2 11 1
github.com/pincherMCP/pincher/internal/server/server.go:1038.48,1043.2 1 1
github.com/pincherMCP/pincher/internal/server/server.go:1049.57,1050.36 1 1
github.com/pincherMCP/pincher/internal/server/server.go:1050.36,1052.3 1 1
github.com/pincherMCP/pincher/internal/server/server.go:1053.2,1055.14 3 1
github.com/pincherMCP/pincher/internal/server/server.go:1055.14,1057.3 1 1
github.com/pincherMCP/pincher/internal/server/server.go:1058.2,1058.10 1 1
github.com/pincherMCP/pincher/internal/server/server.go:1061.50,1064.2 2 1
github.com/pincherMCP/pincher/internal/server/server.go:1066.57,1068.9 2 1
github.com/pincherMCP/pincher/internal/server/server.go:1068.9,1070.3 1 1
github.com/pincherMCP/pincher/internal/server/server.go:1071.2,1072.9 2 1
github.com/pincherMCP/pincher/internal/server/server.go:1072.9,1074.3 1 0
github.com/pincherMCP/pincher/internal/server/server.go:1075.2,1076.27 2 1
github.com/pincherMCP/pincher/internal/server/server.go:1076.27,1077.33 1 1
github.com/pincherMCP/pincher/internal/server/server.go:1077.33,1079.4 1 1
github.com/pincherMCP/pincher/internal/server/server.go:1081.2,1081.12 1 1
github.com/pincherMCP/pincher/internal/server/server.go:1084.59,1086.9 2 1
github.com/pincherMCP/pincher/internal/server/server.go:1086.9,1088.3 1 1
github.com/pincherMCP/pincher/internal/server/server.go:1089.2,1089.30 1 1
github.com/pincherMCP/pincher/internal/server/server.go:1089.30,1091.3 1 1
github.com/pincherMCP/pincher/internal/server/server.go:1092.2,1092.12 1 0
github.com/pincherMCP/pincher/internal/server/server.go:1095.52,1098.2 2 1
github.com/pincherMCP/pincher/internal/server/server.go:1100.69,1102.9 2 1
github.com/pincherMCP/pincher/internal/server/server.go:1102.9,1104.3 1 1
github.com/pincherMCP/pincher/internal/server/server.go:1105.2,1106.9 2 1
github.com/pincherMCP/pincher/internal/server/server.go:1106.9,1108.3 1 0
github.com/pincherMCP/pincher/internal/server/server.go:1109.2,1109.10 1 1
github.com/pincherMCP/pincher/internal/server/server.go:1116.53,1118.15 2 1
github.com/pincherMCP/pincher/internal/server/server.go:1119.16,1120.34 1 1
github.com/pincherMCP/pincher/internal/server/server.go:1121.13,1122.30 1 1
github.com/pincherMCP/pincher/internal/server/server.go:1124.2,1127.16 4 1
github.com/pincherMCP/pincher/internal/server/server.go:1127.16,1129.3 1 1
github.com/pincherMCP/pincher/internal/server/server.go:1130.2,1130.25 1 1
github.com/pincherMCP/pincher/internal/server/server.go:1133.46,1135.49 2 1
github.com/pincherMCP/pincher/internal/server/server.go:1135.49,1137.50 2 1
github.com/pincherMCP/pincher/internal/server/server.go:1137.50,1139.4 1 1
github.com/pincherMCP/pincher/internal/server/server.go:1141.2,1141.14 1 1
github.com/pincherMCP/pincher/internal/server/server.go:1144.34,1145.15 1 1
github.com/pincherMCP/pincher/internal/server/server.go:1146.9,1147.20 1 1
github.com/pincherMCP/pincher/internal/server/server.go:1148.9,1149.16 1 1
github.com/pincherMCP/pincher/internal/server/server.go:1150.9,1151.18 1 1
github.com/pincherMCP/pincher/internal/server/server.go:1152.10,1153.15 1 1
github.com/pincherMCP/pincher/internal/server/server.go:1157.24,1158.11 1 1
github.com/pincherMCP/pincher/internal/server/server.go:1158.11,1160.3 1 1
github.com/pincherMCP/pincher/internal/server/server.go:1161.2,1161.10 1 1
