mode: set
github.com/pincherMCP/pincher/internal/db/db.go:30.32,32.22 2 1
github.com/pincherMCP/pincher/internal/db/db.go:33.17,35.17 2 1
github.com/pincherMCP/pincher/internal/db/db.go:35.17,37.4 1 0
github.com/pincherMCP/pincher/internal/db/db.go:38.16,39.76 1 0
github.com/pincherMCP/pincher/internal/db/db.go:40.10,42.17 2 0
github.com/pincherMCP/pincher/internal/db/db.go:42.17,44.4 1 0
github.com/pincherMCP/pincher/internal/db/db.go:46.2,47.37 2 1
github.com/pincherMCP/pincher/internal/db/db.go:51.39,60.16 4 1
github.com/pincherMCP/pincher/internal/db/db.go:60.16,62.3 1 0
github.com/pincherMCP/pincher/internal/db/db.go:63.2,67.36 4 1
github.com/pincherMCP/pincher/internal/db/db.go:67.36,70.3 2 0
github.com/pincherMCP/pincher/internal/db/db.go:71.2,71.15 1 1
github.com/pincherMCP/pincher/internal/db/db.go:75.30,75.45 1 1
github.com/pincherMCP/pincher/internal/db/db.go:78.31,78.54 1 1
github.com/pincherMCP/pincher/internal/db/db.go:81.33,84.2 2 1
github.com/pincherMCP/pincher/internal/db/db.go:247.64,249.2 1 1
github.com/pincherMCP/pincher/internal/db/db.go:284.48,295.2 2 1
github.com/pincherMCP/pincher/internal/db/db.go:298.51,301.16 2 1
github.com/pincherMCP/pincher/internal/db/db.go:301.16,303.3 1 0
github.com/pincherMCP/pincher/internal/db/db.go:304.2,306.18 3 1
github.com/pincherMCP/pincher/internal/db/db.go:306.18,309.106 3 1
github.com/pincherMCP/pincher/internal/db/db.go:309.106,311.4 1 0
github.com/pincherMCP/pincher/internal/db/db.go:312.3,313.23 2 1
github.com/pincherMCP/pincher/internal/db/db.go:315.2,315.24 1 1
github.com/pincherMCP/pincher/internal/db/db.go:319.57,324.114 4 1
github.com/pincherMCP/pincher/internal/db/db.go:324.114,326.3 1 1
github.com/pincherMCP/pincher/internal/db/db.go:326.8,326.23 1 1
github.com/pincherMCP/pincher/internal/db/db.go:326.23,328.3 1 0
github.com/pincherMCP/pincher/internal/db/db.go:329.2,330.16 2 1
github.com/pincherMCP/pincher/internal/db/db.go:334.48,336.16 2 1
github.com/pincherMCP/pincher/internal/db/db.go:336.16,338.3 1 0
github.com/pincherMCP/pincher/internal/db/db.go:339.2,346.4 2 1
github.com/pincherMCP/pincher/internal/db/db.go:346.4,347.43 1 1
github.com/pincherMCP/pincher/internal/db/db.go:347.43,349.4 1 0
github.com/pincherMCP/pincher/internal/db/db.go:351.2,351.20 1 1
github.com/pincherMCP/pincher/internal/db/db.go:360.56,361.20 1 1
github.com/pincherMCP/pincher/internal/db/db.go:361.20,363.3 1 0
github.com/pincherMCP/pincher/internal/db/db.go:364.2,365.16 2 1
github.com/pincherMCP/pincher/internal/db/db.go:365.16,367.3 1 0
github.com/pincherMCP/pincher/internal/db/db.go:368.2,377.16 3 1
github.com/pincherMCP/pincher/internal/db/db.go:377.16,379.3 1 0
github.com/pincherMCP/pincher/internal/db/db.go:380.2,382.22 2 1
github.com/pincherMCP/pincher/internal/db/db.go:382.22,391.17 3 1
github.com/pincherMCP/pincher/internal/db/db.go:391.17,393.4 1 0
github.com/pincherMCP/pincher/internal/db/db.go:395.2,395.20 1 1
github.com/pincherMCP/pincher/internal/db/db.go:399.72,401.16 2 1
github.com/pincherMCP/pincher/internal/db/db.go:401.16,403.3 1 0
github.com/pincherMCP/pincher/internal/db/db.go:404.2,407.16 3 1
github.com/pincherMCP/pincher/internal/db/db.go:407.16,409.3 1 0
github.com/pincherMCP/pincher/internal/db/db.go:410.2,411.18 2 1
github.com/pincherMCP/pincher/internal/db/db.go:411.18,413.40 2 1
github.com/pincherMCP/pincher/internal/db/db.go:413.40,416.4 2 0
github.com/pincherMCP/pincher/internal/db/db.go:417.3,417.24 1 1
github.com/pincherMCP/pincher/internal/db/db.go:419.2,421.25 2 1
github.com/pincherMCP/pincher/internal/db/db.go:421.25,422.92 1 1
github.com/pincherMCP/pincher/internal/db/db.go:422.92,424.4 1 0
github.com/pincherMCP/pincher/internal/db/db.go:426.2,426.114 1 1
github.com/pincherMCP/pincher/internal/db/db.go:426.114,428.3 1 0
github.com/pincherMCP/pincher/internal/db/db.go:429.2,429.20 1 1
github.com/pincherMCP/pincher/internal/db/db.go:433.55,436.2 2 1
github.com/pincherMCP/pincher/internal/db/db.go:439.87,441.16 2 1
github.com/pincherMCP/pincher/internal/db/db.go:441.16,443.3 1 0
github.com/pincherMCP/pincher/internal/db/db.go:444.2,445.30 2 1
github.com/pincherMCP/pincher/internal/db/db.go:449.72,451.16 2 1
github.com/pincherMCP/pincher/internal/db/db.go:451.16,453.3 1 0
github.com/pincherMCP/pincher/internal/db/db.go:454.2,455.30 2 1
github.com/pincherMCP/pincher/internal/db/db.go:459.81,463.16 2 1
github.com/pincherMCP/pincher/internal/db/db.go:463.16,465.3 1 0
github.com/pincherMCP/pincher/internal/db/db.go:466.2,467.30 2 1
github.com/pincherMCP/pincher/internal/db/db.go:471.76,480.16 2 1
github.com/pincherMCP/pincher/internal/db/db.go:480.16,482.3 1 0
github.com/pincherMCP/pincher/internal/db/db.go:483.2,484.30 2 1
github.com/pincherMCP/pincher/internal/db/db.go:493.107,494.16 1 1
github.com/pincherMCP/pincher/internal/db/db.go:494.16,496.3 1 0
github.com/pincherMCP/pincher/internal/db/db.go:497.2,507.16 3 1
github.com/pincherMCP/pincher/internal/db/db.go:507.16,510.3 2 1
github.com/pincherMCP/pincher/internal/db/db.go:511.2,511.20 1 1
github.com/pincherMCP/pincher/internal/db/db.go:511.20,514.3 2 0
github.com/pincherMCP/pincher/internal/db/db.go:515.2,519.16 4 1
github.com/pincherMCP/pincher/internal/db/db.go:519.16,521.3 1 0
github.com/pincherMCP/pincher/internal/db/db.go:522.2,525.18 3 1
github.com/pincherMCP/pincher/internal/db/db.go:525.18,528.59 3 1
github.com/pincherMCP/pincher/internal/db/db.go:528.59,530.4 1 0
github.com/pincherMCP/pincher/internal/db/db.go:531.3,531.70 1 1
github.com/pincherMCP/pincher/internal/db/db.go:533.2,533.28 1 1
github.com/pincherMCP/pincher/internal/db/db.go:541.53,542.21 1 1
github.com/pincherMCP/pincher/internal/db/db.go:542.21,544.3 1 1
github.com/pincherMCP/pincher/internal/db/db.go:545.2,546.16 2 1
github.com/pincherMCP/pincher/internal/db/db.go:546.16,548.3 1 0
github.com/pincherMCP/pincher/internal/db/db.go:549.2,554.16 3 1
github.com/pincherMCP/pincher/internal/db/db.go:554.16,556.3 1 0
github.com/pincherMCP/pincher/internal/db/db.go:557.2,559.23 2 1
github.com/pincherMCP/pincher/internal/db/db.go:559.23,562.28 3 1
github.com/pincherMCP/pincher/internal/db/db.go:562.28,565.4 2 1
github.com/pincherMCP/pincher/internal/db/db.go:566.3,566.106 1 1
github.com/pincherMCP/pincher/internal/db/db.go:566.106,568.4 1 0
github.com/pincherMCP/pincher/internal/db/db.go:570.2,570.20 1 1
github.com/pincherMCP/pincher/internal/db/db.go:574.74,576.2 1 1
github.com/pincherMCP/pincher/internal/db/db.go:579.70,581.2 1 1
github.com/pincherMCP/pincher/internal/db/db.go:583.76,586.20 3 1
github.com/pincherMCP/pincher/internal/db/db.go:586.20,588.27 2 1
github.com/pincherMCP/pincher/internal/db/db.go:588.27,589.13 1 1
github.com/pincherMCP/pincher/internal/db/db.go:589.13,591.5 1 0
github.com/pincherMCP/pincher/internal/db/db.go:592.4,593.26 2 1
github.com/pincherMCP/pincher/internal/db/db.go:595.3,595.35 1 1
github.com/pincherMCP/pincher/internal/db/db.go:597.2,598.16 2 1
github.com/pincherMCP/pincher/internal/db/db.go:598.16,600.3 1 0
github.com/pincherMCP/pincher/internal/db/db.go:601.2,603.18 3 1
github.com/pincherMCP/pincher/internal/db/db.go:603.18,606.111 3 1
github.com/pincherMCP/pincher/internal/db/db.go:606.111,608.4 1 0
github.com/pincherMCP/pincher/internal/db/db.go:609.3,609.46 1 1
github.com/pincherMCP/pincher/internal/db/db.go:609.46,611.4 1 1
github.com/pincherMCP/pincher/internal/db/db.go:612.3,612.23 1 1
github.com/pincherMCP/pincher/internal/db/db.go:614.2,614.24 1 1
github.com/pincherMCP/pincher/internal/db/db.go:618.126,622.115 3 1
github.com/pincherMCP/pincher/internal/db/db.go:622.115,624.3 1 0
github.com/pincherMCP/pincher/internal/db/db.go:625.2,625.114 1 1
github.com/pincherMCP/pincher/internal/db/db.go:625.114,627.3 1 0
github.com/pincherMCP/pincher/internal/db/db.go:629.2,630.17 2 1
github.com/pincherMCP/pincher/internal/db/db.go:630.17,633.3 2 0
github.com/pincherMCP/pincher/internal/db/db.go:634.2,635.18 2 1
github.com/pincherMCP/pincher/internal/db/db.go:635.18,638.42 3 1
github.com/pincherMCP/pincher/internal/db/db.go:638.42,640.4 1 0
github.com/pincherMCP/pincher/internal/db/db.go:641.3,641.20 1 1
github.com/pincherMCP/pincher/internal/db/db.go:644.2,645.17 2 1
github.com/pincherMCP/pincher/internal/db/db.go:645.17,648.3 2 0
github.com/pincherMCP/pincher/internal/db/db.go:649.2,650.19 2 1
github.com/pincherMCP/pincher/internal/db/db.go:650.19,653.43 3 1
github.com/pincherMCP/pincher/internal/db/db.go:653.43,655.4 1 0
github.com/pincherMCP/pincher/internal/db/db.go:656.3,656.24 1 1
github.com/pincherMCP/pincher/internal/db/db.go:658.2,658.8 1 1
github.com/pincherMCP/pincher/internal/db/db.go:666.60,670.2 3 1
github.com/pincherMCP/pincher/internal/db/db.go:673.65,678.2 2 1
github.com/pincherMCP/pincher/internal/db/db.go:681.62,684.2 2 1
github.com/pincherMCP/pincher/internal/db/db.go:691.60,696.2 2 1
github.com/pincherMCP/pincher/internal/db/db.go:699.69,702.26 3 1
github.com/pincherMCP/pincher/internal/db/db.go:702.26,704.3 1 1
github.com/pincherMCP/pincher/internal/db/db.go:705.2,705.31 1 1
github.com/pincherMCP/pincher/internal/db/db.go:709.71,711.16 2 1
github.com/pincherMCP/pincher/internal/db/db.go:711.16,713.3 1 0
github.com/pincherMCP/pincher/internal/db/db.go:714.2,716.18 3 1
github.com/pincherMCP/pincher/internal/db/db.go:716.18,718.43 2 1
github.com/pincherMCP/pincher/internal/db/db.go:718.43,720.4 1 0
github.com/pincherMCP/pincher/internal/db/db.go:721.3,721.13 1 1
github.com/pincherMCP/pincher/internal/db/db.go:723.2,723.24 1 1
github.com/pincherMCP/pincher/internal/db/db.go:727.56,730.2 2 1
github.com/pincherMCP/pincher/internal/db/db.go:743.51,753.26 5 1
github.com/pincherMCP/pincher/internal/db/db.go:753.26,755.3 1 1
github.com/pincherMCP/pincher/internal/db/db.go:756.2,756.16 1 1
github.com/pincherMCP/pincher/internal/db/db.go:756.16,758.3 1 0
github.com/pincherMCP/pincher/internal/db/db.go:759.2,767.18 9 1
github.com/pincherMCP/pincher/internal/db/db.go:770.56,772.18 2 1
github.com/pincherMCP/pincher/internal/db/db.go:772.18,774.55 2 1
github.com/pincherMCP/pincher/internal/db/db.go:774.55,776.4 1 0
github.com/pincherMCP/pincher/internal/db/db.go:777.3,777.25 1 1
github.com/pincherMCP/pincher/internal/db/db.go:779.2,779.24 1 1
github.com/pincherMCP/pincher/internal/db/db.go:782.59,790.16 3 1
github.com/pincherMCP/pincher/internal/db/db.go:790.16,792.3 1 0
github.com/pincherMCP/pincher/internal/db/db.go:793.2,801.12 9 1
github.com/pincherMCP/pincher/internal/db/db.go:805.71,814.2 3 1
github.com/pincherMCP/pincher/internal/db/db.go:817.23,818.13 1 1
github.com/pincherMCP/pincher/internal/db/db.go:818.13,820.3 1 1
github.com/pincherMCP/pincher/internal/db/db.go:821.2,821.10 1 1
github.com/pincherMCP/pincher/internal/db/db.go:825.21,826.7 1 1
github.com/pincherMCP/pincher/internal/db/db.go:826.7,828.3 1 1
github.com/pincherMCP/pincher/internal/db/db.go:829.2,829.10 1 1
github.com/pincherMCP/pincher/internal/db/db.go:833.46,835.2 1 1
github.com/pincherMCP/pincher/internal/db/db.go:838.44,841.16 2 1
github.com/pincherMCP/pincher/internal/db/db.go:841.16,843.3 1 0
github.com/pincherMCP/pincher/internal/db/db.go:844.2,844.12 1 1
github.com/pincherMCP/pincher/internal/db/db.go:849.33,851.2 1 1
github.com/pincherMCP/pincher/internal/db/db.go:854.35,855.9 1 1
github.com/pincherMCP/pincher/internal/db/db.go:856.22,857.56 1 1
github.com/pincherMCP/pincher/internal/db/db.go:858.22,859.56 1 1
github.com/pincherMCP/pincher/internal/db/db.go:860.10,861.36 1 1
github.com/pincherMCP/pincher/cmd/pinch/main.go:20.13,28.18 3 0
github.com/pincherMCP/pincher/cmd/pinch/main.go:28.18,31.3 2 0
github.com/pincherMCP/pincher/cmd/pinch/main.go:33.2,33.15 1 0
github.com/pincherMCP/pincher/cmd/pinch/main.go:33.15,36.3 2 0
github.com/pincherMCP/pincher/cmd/pinch/main.go:39.2,40.15 2 0
github.com/pincherMCP/pincher/cmd/pinch/main.go:40.15,43.17 3 0
github.com/pincherMCP/pincher/cmd/pinch/main.go:43.17,45.4 1 0
github.com/pincherMCP/pincher/cmd/pinch/main.go:49.2,50.16 2 0
github.com/pincherMCP/pincher/cmd/pinch/main.go:50.16,52.3 1 0
github.com/pincherMCP/pincher/cmd/pinch/main.go:53.2,69.92 7 0
github.com/pincherMCP/pincher/cmd/pinch/main.go:69.92,71.3 1 0
github.com/pincherMCP/pincher/internal/ast/extractor.go:70.67,71.18 1 1
github.com/pincherMCP/pincher/internal/ast/extractor.go:72.12,73.36 1 1
github.com/pincherMCP/pincher/internal/ast/extractor.go:74.16,75.40 1 1
github.com/pincherMCP/pincher/internal/ast/extractor.go:76.27,77.44 1 1
github.com/pincherMCP/pincher/internal/ast/extractor.go:78.27,79.44 1 1
github.com/pincherMCP/pincher/internal/ast/extractor.go:80.14,81.38 1 1
github.com/pincherMCP/pincher/internal/ast/extractor.go:82.14,83.38 1 1
github.com/pincherMCP/pincher/internal/ast/extractor.go:84.14,85.38 1 1
github.com/pincherMCP/pincher/internal/ast/extractor.go:86.13,87.37 1 1
github.com/pincherMCP/pincher/internal/ast/extractor.go:88.18,89.35 1 1
github.com/pincherMCP/pincher/internal/ast/extractor.go:90.12,91.40 1 1
github.com/pincherMCP/pincher/internal/ast/extractor.go:92.16,93.40 1 1
github.com/pincherMCP/pincher/internal/ast/extractor.go:94.15,95.39 1 1
github.com/pincherMCP/pincher/internal/ast/extractor.go:96.10,97.23 1 1
github.com/pincherMCP/pincher/internal/ast/extractor.go:105.59,108.16 3 1
github.com/pincherMCP/pincher/internal/ast/extractor.go:108.17,110.3 0 1
github.com/pincherMCP/pincher/internal/ast/extractor.go:111.2,111.14 1 1
github.com/pincherMCP/pincher/internal/ast/extractor.go:111.14,113.3 1 0
github.com/pincherMCP/pincher/internal/ast/extractor.go:115.2,116.19 2 1
github.com/pincherMCP/pincher/internal/ast/extractor.go:116.19,118.3 1 1
github.com/pincherMCP/pincher/internal/ast/extractor.go:120.2,125.19 4 1
github.com/pincherMCP/pincher/internal/ast/extractor.go:125.19,127.3 1 1
github.com/pincherMCP/pincher/internal/ast/extractor.go:130.2,130.32 1 1
github.com/pincherMCP/pincher/internal/ast/extractor.go:130.32,131.22 1 1
github.com/pincherMCP/pincher/internal/ast/extractor.go:131.22,139.4 2 1
github.com/pincherMCP/pincher/internal/ast/extractor.go:143.2,143.31 1 1
github.com/pincherMCP/pincher/internal/ast/extractor.go:143.31,144.27 1 1
github.com/pincherMCP/pincher/internal/ast/extractor.go:145.22,150.21 3 1
github.com/pincherMCP/pincher/internal/ast/extractor.go:150.21,153.5 2 1
github.com/pincherMCP/pincher/internal/ast/extractor.go:155.21,157.52 2 1
github.com/pincherMCP/pincher/internal/ast/extractor.go:161.2,161.15 1 1
github.com/pincherMCP/pincher/internal/ast/extractor.go:164.134,174.43 7 1
github.com/pincherMCP/pincher/internal/ast/extractor.go:174.43,180.3 5 1
github.com/pincherMCP/pincher/internal/ast/extractor.go:182.2,184.27 3 1
github.com/pincherMCP/pincher/internal/ast/extractor.go:184.27,186.41 2 1
github.com/pincherMCP/pincher/internal/ast/extractor.go:186.41,188.4 1 1
github.com/pincherMCP/pincher/internal/ast/extractor.go:189.3,189.38 1 1
github.com/pincherMCP/pincher/internal/ast/extractor.go:192.2,193.18 2 1
github.com/pincherMCP/pincher/internal/ast/extractor.go:193.18,195.3 1 1
github.com/pincherMCP/pincher/internal/ast/extractor.go:197.2,217.3 4 1
github.com/pincherMCP/pincher/internal/ast/extractor.go:220.126,222.31 2 1
github.com/pincherMCP/pincher/internal/ast/extractor.go:222.31,223.28 1 1
github.com/pincherMCP/pincher/internal/ast/extractor.go:224.22,228.26 4 1
github.com/pincherMCP/pincher/internal/ast/extractor.go:229.25,230.19 1 1
github.com/pincherMCP/pincher/internal/ast/extractor.go:231.28,232.23 1 1
github.com/pincherMCP/pincher/internal/ast/extractor.go:234.4,235.20 2 1
github.com/pincherMCP/pincher/internal/ast/extractor.go:235.20,237.5 1 0
github.com/pincherMCP/pincher/internal/ast/extractor.go:238.4,248.6 1 1
github.com/pincherMCP/pincher/internal/ast/extractor.go:251.2,251.13 1 1
github.com/pincherMCP/pincher/internal/ast/extractor.go:254.75,256.42 2 1
github.com/pincherMCP/pincher/internal/ast/extractor.go:256.42,258.10 2 1
github.com/pincherMCP/pincher/internal/ast/extractor.go:258.10,260.4 1 1
github.com/pincherMCP/pincher/internal/ast/extractor.go:261.3,262.19 2 1
github.com/pincherMCP/pincher/internal/ast/extractor.go:262.19,269.4 1 1
github.com/pincherMCP/pincher/internal/ast/extractor.go:270.3,270.14 1 1
github.com/pincherMCP/pincher/internal/ast/extractor.go:272.2,272.14 1 1
github.com/pincherMCP/pincher/internal/ast/extractor.go:275.45,276.26 1 1
github.com/pincherMCP/pincher/internal/ast/extractor.go:277.18,278.16 1 1
github.com/pincherMCP/pincher/internal/ast/extractor.go:279.25,280.50 1 1
github.com/pincherMCP/pincher/internal/ast/extractor.go:281.10,282.12 1 0
github.com/pincherMCP/pincher/internal/ast/extractor.go:286.43,287.26 1 1
github.com/pincherMCP/pincher/internal/ast/extractor.go:288.18,289.16 1 1
github.com/pincherMCP/pincher/internal/ast/extractor.go:290.21,291.35 1 1
github.com/pincherMCP/pincher/internal/ast/extractor.go:292.25,293.48 1 1
github.com/pincherMCP/pincher/internal/ast/extractor.go:294.22,295.38 1 1
github.com/pincherMCP/pincher/internal/ast/extractor.go:296.20,297.72 1 1
github.com/pincherMCP/pincher/internal/ast/extractor.go:298.10,299.13 1 0
github.com/pincherMCP/pincher/internal/ast/extractor.go:303.47,306.43 3 1
github.com/pincherMCP/pincher/internal/ast/extractor.go:306.43,310.3 3 1
github.com/pincherMCP/pincher/internal/ast/extractor.go:311.2,313.26 3 1
github.com/pincherMCP/pincher/internal/ast/extractor.go:313.26,314.40 1 1
github.com/pincherMCP/pincher/internal/ast/extractor.go:314.40,315.13 1 1
github.com/pincherMCP/pincher/internal/ast/extractor.go:315.13,317.5 1 0
github.com/pincherMCP/pincher/internal/ast/extractor.go:318.4,318.30 1 1
github.com/pincherMCP/pincher/internal/ast/extractor.go:318.30,319.14 1 1
github.com/pincherMCP/pincher/internal/ast/extractor.go:319.14,321.6 1 1
github.com/pincherMCP/pincher/internal/ast/extractor.go:322.5,322.27 1 1
github.com/pincherMCP/pincher/internal/ast/extractor.go:324.4,325.42 2 1
github.com/pincherMCP/pincher/internal/ast/extractor.go:328.2,329.27 2 1
github.com/pincherMCP/pincher/internal/ast/extractor.go:329.27,331.35 2 1
github.com/pincherMCP/pincher/internal/ast/extractor.go:331.35,333.4 1 1
github.com/pincherMCP/pincher/internal/ast/extractor.go:334.3,334.41 1 1
github.com/pincherMCP/pincher/internal/ast/extractor.go:334.41,335.13 1 1
github.com/pincherMCP/pincher/internal/ast/extractor.go:335.13,337.5 1 1
github.com/pincherMCP/pincher/internal/ast/extractor.go:338.4,338.42 1 1
github.com/pincherMCP/pincher/internal/ast/extractor.go:340.3,340.35 1 1
github.com/pincherMCP/pincher/internal/ast/extractor.go:340.35,342.4 1 1
github.com/pincherMCP/pincher/internal/ast/extractor.go:344.2,344.20 1 1
github.com/pincherMCP/pincher/internal/ast/extractor.go:361.106,369.35 6 1
github.com/pincherMCP/pincher/internal/ast/extractor.go:369.35,372.33 3 1
github.com/pincherMCP/pincher/internal/ast/extractor.go:372.33,374.4 1 1
github.com/pincherMCP/pincher/internal/ast/extractor.go:377.3,377.24 1 1
github.com/pincherMCP/pincher/internal/ast/extractor.go:377.24,378.58 1 1
github.com/pincherMCP/pincher/internal/ast/extractor.go:378.58,380.19 2 1
github.com/pincherMCP/pincher/internal/ast/extractor.go:380.19,398.6 7 1
github.com/pincherMCP/pincher/internal/ast/extractor.go:403.3,403.32 1 1
github.com/pincherMCP/pincher/internal/ast/extractor.go:403.32,405.4 1 1
github.com/pincherMCP/pincher/internal/ast/extractor.go:408.3,408.28 1 1
github.com/pincherMCP/pincher/internal/ast/extractor.go:408.28,409.62 1 1
github.com/pincherMCP/pincher/internal/ast/extractor.go:409.62,411.19 2 1
github.com/pincherMCP/pincher/internal/ast/extractor.go:411.19,424.6 3 1
github.com/pincherMCP/pincher/internal/ast/extractor.go:429.3,429.23 1 1
github.com/pincherMCP/pincher/internal/ast/extractor.go:429.23,430.57 1 1
github.com/pincherMCP/pincher/internal/ast/extractor.go:430.57,432.19 2 1
github.com/pincherMCP/pincher/internal/ast/extractor.go:432.19,440.6 3 1
github.com/pincherMCP/pincher/internal/ast/extractor.go:445.3,446.47 2 1
github.com/pincherMCP/pincher/internal/ast/extractor.go:446.47,448.4 1 0
github.com/pincherMCP/pincher/internal/ast/extractor.go:449.3,449.25 1 1
github.com/pincherMCP/pincher/internal/ast/extractor.go:449.25,450.59 1 1
github.com/pincherMCP/pincher/internal/ast/extractor.go:450.59,452.19 2 1
github.com/pincherMCP/pincher/internal/ast/extractor.go:452.19,456.24 4 1
github.com/pincherMCP/pincher/internal/ast/extractor.go:456.24,458.7 1 0
github.com/pincherMCP/pincher/internal/ast/extractor.go:460.6,463.28 4 1
github.com/pincherMCP/pincher/internal/ast/extractor.go:463.28,467.7 3 1
github.com/pincherMCP/pincher/internal/ast/extractor.go:469.6,482.8 1 1
github.com/pincherMCP/pincher/internal/ast/extractor.go:488.3,488.25 1 1
github.com/pincherMCP/pincher/internal/ast/extractor.go:488.25,489.59 1 1
github.com/pincherMCP/pincher/internal/ast/extractor.go:489.59,491.18 2 1
github.com/pincherMCP/pincher/internal/ast/extractor.go:491.18,493.6 1 0
github.com/pincherMCP/pincher/internal/ast/extractor.go:494.5,494.18 1 1
github.com/pincherMCP/pincher/internal/ast/extractor.go:494.18,498.6 1 1
github.com/pincherMCP/pincher/internal/ast/extractor.go:502.2,502.15 1 1
github.com/pincherMCP/pincher/internal/ast/extractor.go:521.63,525.38 1 1
github.com/pincherMCP/pincher/internal/ast/extractor.go:525.38,527.4 1 1
github.com/pincherMCP/pincher/internal/ast/extractor.go:528.34,530.4 1 1
github.com/pincherMCP/pincher/internal/ast/extractor.go:532.2,538.12 6 1
github.com/pincherMCP/pincher/internal/ast/extractor.go:549.67,553.38 1 1
github.com/pincherMCP/pincher/internal/ast/extractor.go:553.38,556.4 1 1
github.com/pincherMCP/pincher/internal/ast/extractor.go:557.34,559.4 1 1
github.com/pincherMCP/pincher/internal/ast/extractor.go:561.2,561.58 1 1
github.com/pincherMCP/pincher/internal/ast/extractor.go:574.67,578.38 1 1
github.com/pincherMCP/pincher/internal/ast/extractor.go:578.38,578.53 1 1
github.com/pincherMCP/pincher/internal/ast/extractor.go:579.34,581.4 1 1
github.com/pincherMCP/pincher/internal/ast/extractor.go:583.2,583.58 1 1
github.com/pincherMCP/pincher/internal/ast/extractor.go:594.61,598.38 1 1
github.com/pincherMCP/pincher/internal/ast/extractor.go:598.38,601.4 1 1
github.com/pincherMCP/pincher/internal/ast/extractor.go:602.34,602.50 1 1
github.com/pincherMCP/pincher/internal/ast/extractor.go:604.2,604.54 1 1
github.com/pincherMCP/pincher/internal/ast/extractor.go:615.61,619.38 1 1
github.com/pincherMCP/pincher/internal/ast/extractor.go:619.38,621.4 1 1
github.com/pincherMCP/pincher/internal/ast/extractor.go:622.34,622.50 1 1
github.com/pincherMCP/pincher/internal/ast/extractor.go:624.2,624.54 1 1
github.com/pincherMCP/pincher/internal/ast/extractor.go:632.61,633.82 1 1
github.com/pincherMCP/pincher/internal/ast/extractor.go:633.82,633.97 1 1
github.com/pincherMCP/pincher/internal/ast/extractor.go:633.127,633.143 1 1
github.com/pincherMCP/pincher/internal/ast/extractor.go:634.2,634.54 1 1
github.com/pincherMCP/pincher/internal/ast/extractor.go:642.60,643.84 1 1
github.com/pincherMCP/pincher/internal/ast/extractor.go:643.84,643.99 1 1
github.com/pincherMCP/pincher/internal/ast/extractor.go:643.129,643.145 1 1
github.com/pincherMCP/pincher/internal/ast/extractor.go:644.2,644.52 1 1
github.com/pincherMCP/pincher/internal/ast/extractor.go:651.58,652.84 1 1
github.com/pincherMCP/pincher/internal/ast/extractor.go:652.84,652.99 1 1
github.com/pincherMCP/pincher/internal/ast/extractor.go:652.129,652.145 1 1
github.com/pincherMCP/pincher/internal/ast/extractor.go:653.2,653.48 1 1
github.com/pincherMCP/pincher/internal/ast/extractor.go:662.63,663.83 1 1
github.com/pincherMCP/pincher/internal/ast/extractor.go:663.83,663.98 1 1
github.com/pincherMCP/pincher/internal/ast/extractor.go:663.128,663.144 1 1
github.com/pincherMCP/pincher/internal/ast/extractor.go:664.2,664.50 1 1
github.com/pincherMCP/pincher/internal/ast/extractor.go:672.63,673.83 1 1
github.com/pincherMCP/pincher/internal/ast/extractor.go:673.83,673.98 1 1
github.com/pincherMCP/pincher/internal/ast/extractor.go:673.128,673.144 1 1
github.com/pincherMCP/pincher/internal/ast/extractor.go:674.2,674.58 1 1
github.com/pincherMCP/pincher/internal/ast/extractor.go:683.62,684.83 1 1
github.com/pincherMCP/pincher/internal/ast/extractor.go:684.83,684.98 1 1
github.com/pincherMCP/pincher/internal/ast/extractor.go:684.128,684.144 1 1
github.com/pincherMCP/pincher/internal/ast/extractor.go:685.2,685.56 1 1
github.com/pincherMCP/pincher/internal/ast/extractor.go:693.44,695.27 2 1
github.com/pincherMCP/pincher/internal/ast/extractor.go:695.27,696.37 1 1
github.com/pincherMCP/pincher/internal/ast/extractor.go:696.37,698.4 1 1
github.com/pincherMCP/pincher/internal/ast/extractor.go:700.2,700.16 1 1
github.com/pincherMCP/pincher/internal/ast/extractor.go:704.41,707.16 3 1
github.com/pincherMCP/pincher/internal/ast/extractor.go:707.16,709.3 1 1
github.com/pincherMCP/pincher/internal/ast/extractor.go:710.2,710.14 1 1
github.com/pincherMCP/pincher/internal/ast/extractor.go:716.71,717.32 1 1
github.com/pincherMCP/pincher/internal/ast/extractor.go:717.32,719.3 1 0
github.com/pincherMCP/pincher/internal/ast/extractor.go:720.2,720.20 1 1
github.com/pincherMCP/pincher/internal/ast/extractor.go:720.20,725.39 3 1
github.com/pincherMCP/pincher/internal/ast/extractor.go:725.39,726.27 1 1
github.com/pincherMCP/pincher/internal/ast/extractor.go:726.27,728.5 1 1
github.com/pincherMCP/pincher/internal/ast/extractor.go:729.4,729.9 1 1
github.com/pincherMCP/pincher/internal/ast/extractor.go:731.3,731.31 1 1
github.com/pincherMCP/pincher/internal/ast/extractor.go:734.2,736.45 3 1
github.com/pincherMCP/pincher/internal/ast/extractor.go:736.45,737.29 1 1
github.com/pincherMCP/pincher/internal/ast/extractor.go:737.29,740.4 2 1
github.com/pincherMCP/pincher/internal/ast/extractor.go:740.9,740.38 1 1
github.com/pincherMCP/pincher/internal/ast/extractor.go:740.38,742.29 2 1
github.com/pincherMCP/pincher/internal/ast/extractor.go:742.29,744.5 1 1
github.com/pincherMCP/pincher/internal/ast/extractor.go:747.2,747.20 1 1
github.com/pincherMCP/pincher/internal/ast/extractor.go:751.54,753.15 2 1
github.com/pincherMCP/pincher/internal/ast/extractor.go:753.15,755.33 2 1
github.com/pincherMCP/pincher/internal/ast/extractor.go:755.33,757.4 1 1
github.com/pincherMCP/pincher/internal/ast/extractor.go:757.9,759.4 1 1
github.com/pincherMCP/pincher/internal/ast/extractor.go:761.2,761.15 1 1
github.com/pincherMCP/pincher/internal/ast/extractor.go:765.43,768.50 2 1
github.com/pincherMCP/pincher/internal/ast/extractor.go:768.50,770.3 1 1
github.com/pincherMCP/pincher/internal/ast/extractor.go:772.2,774.13 3 1
github.com/pincherMCP/pincher/internal/ast/extractor.go:779.51,782.30 1 1
github.com/pincherMCP/pincher/internal/ast/extractor.go:782.30,783.17 1 1
github.com/pincherMCP/pincher/internal/ast/extractor.go:783.17,785.4 1 1
github.com/pincherMCP/pincher/internal/ast/extractor.go:787.2,787.11 1 1
github.com/pincherMCP/pincher/internal/ast/extractor.go:791.57,792.15 1 1
github.com/pincherMCP/pincher/internal/ast/extractor.go:792.15,794.3 1 1
github.com/pincherMCP/pincher/internal/ast/extractor.go:795.2,795.17 1 1
github.com/pincherMCP/pincher/internal/ast/extractor.go:799.42,803.30 4 1
github.com/pincherMCP/pincher/internal/ast/extractor.go:803.30,805.3 1 1
github.com/pincherMCP/pincher/internal/ast/extractor.go:806.2,806.14 1 1
github.com/pincherMCP/pincher/internal/ast/extractor.go:810.24,811.11 1 1
github.com/pincherMCP/pincher/internal/ast/extractor.go:811.11,813.3 1 1
github.com/pincherMCP/pincher/internal/ast/extractor.go:814.2,814.10 1 1
github.com/pincherMCP/pincher/internal/ast/languages.go:7.45,9.50 2 1
github.com/pincherMCP/pincher/internal/ast/languages.go:9.50,11.3 1 1
github.com/pincherMCP/pincher/internal/ast/languages.go:12.2,12.13 1 1
github.com/pincherMCP/pincher/internal/ast/languages.go:13.13,14.14 1 1
github.com/pincherMCP/pincher/internal/ast/languages.go:15.21,16.18 1 1
github.com/pincherMCP/pincher/internal/ast/languages.go:17.29,18.22 1 1
github.com/pincherMCP/pincher/internal/ast/languages.go:19.14,20.15 1 1
github.com/pincherMCP/pincher/internal/ast/languages.go:21.13,22.22 1 1
github.com/pincherMCP/pincher/internal/ast/languages.go:23.14,24.15 1 1
github.com/pincherMCP/pincher/internal/ast/languages.go:25.13,26.16 1 1
github.com/pincherMCP/pincher/internal/ast/languages.go:27.15,28.16 1 1
github.com/pincherMCP/pincher/internal/ast/languages.go:29.22,30.16 1 1
github.com/pincherMCP/pincher/internal/ast/languages.go:31.14,32.15 1 1
github.com/pincherMCP/pincher/internal/ast/languages.go:33.18,34.13 1 1
github.com/pincherMCP/pincher/internal/ast/languages.go:35.44,36.15 1 1
github.com/pincherMCP/pincher/internal/ast/languages.go:37.13,38.14 1 1
github.com/pincherMCP/pincher/internal/ast/languages.go:39.21,40.18 1 1
github.com/pincherMCP/pincher/internal/ast/languages.go:41.16,42.17 1 1
github.com/pincherMCP/pincher/internal/ast/languages.go:43.16,44.17 1 0
github.com/pincherMCP/pincher/internal/ast/languages.go:45.14,46.15 1 0
github.com/pincherMCP/pincher/internal/ast/languages.go:47.14,48.15 1 0
github.com/pincherMCP/pincher/internal/ast/languages.go:49.21,50.18 1 0
github.com/pincherMCP/pincher/internal/ast/languages.go:51.13,52.19 1 0
github.com/pincherMCP/pincher/internal/ast/languages.go:53.15,54.16 1 0
github.com/pincherMCP/pincher/internal/ast/languages.go:55.22,56.16 1 1
github.com/pincherMCP/pincher/internal/ast/languages.go:57.12,58.13 1 0
github.com/pincherMCP/pincher/internal/ast/languages.go:59.10,60.12 1 1
github.com/pincherMCP/pincher/internal/ast/languages.go:65.41,67.2 1 1
github.com/pincherMCP/pincher/internal/ast/languages.go:70.36,76.2 1 1
github.com/pincherMCP/pincher/internal/cypher/engine.go:41.80,43.16 2 1
github.com/pincherMCP/pincher/internal/cypher/engine.go:43.16,45.3 1 0
github.com/pincherMCP/pincher/internal/cypher/engine.go:46.2,46.22 1 1
github.com/pincherMCP/pincher/internal/cypher/engine.go:95.45,98.2 2 1
github.com/pincherMCP/pincher/internal/cypher/engine.go:110.33,113.17 3 1
github.com/pincherMCP/pincher/internal/cypher/engine.go:113.17,116.54 2 1
github.com/pincherMCP/pincher/internal/cypher/engine.go:116.54,118.12 2 1
github.com/pincherMCP/pincher/internal/cypher/engine.go:121.3,121.28 1 1
github.com/pincherMCP/pincher/internal/cypher/engine.go:121.28,123.32 2 1
github.com/pincherMCP/pincher/internal/cypher/engine.go:123.32,124.21 1 1
github.com/pincherMCP/pincher/internal/cypher/engine.go:124.21,126.6 1 0
github.com/pincherMCP/pincher/internal/cypher/engine.go:127.5,127.8 1 1
github.com/pincherMCP/pincher/internal/cypher/engine.go:129.4,131.12 3 1
github.com/pincherMCP/pincher/internal/cypher/engine.go:134.3,135.43 2 1
github.com/pincherMCP/pincher/internal/cypher/engine.go:135.43,137.49 1 1
github.com/pincherMCP/pincher/internal/cypher/engine.go:137.49,140.13 3 1
github.com/pincherMCP/pincher/internal/cypher/engine.go:142.4,145.49 1 1
github.com/pincherMCP/pincher/internal/cypher/engine.go:145.49,148.13 3 1
github.com/pincherMCP/pincher/internal/cypher/engine.go:151.4,151.16 1 1
github.com/pincherMCP/pincher/internal/cypher/engine.go:151.16,154.67 3 1
github.com/pincherMCP/pincher/internal/cypher/engine.go:154.67,157.6 2 1
github.com/pincherMCP/pincher/internal/cypher/engine.go:158.5,160.13 3 1
github.com/pincherMCP/pincher/internal/cypher/engine.go:162.4,164.12 3 1
github.com/pincherMCP/pincher/internal/cypher/engine.go:167.3,167.27 1 1
github.com/pincherMCP/pincher/internal/cypher/engine.go:167.27,169.49 2 1
github.com/pincherMCP/pincher/internal/cypher/engine.go:169.49,171.5 1 1
github.com/pincherMCP/pincher/internal/cypher/engine.go:172.4,174.12 3 1
github.com/pincherMCP/pincher/internal/cypher/engine.go:177.3,177.67 1 1
github.com/pincherMCP/pincher/internal/cypher/engine.go:177.67,180.50 2 1
github.com/pincherMCP/pincher/internal/cypher/engine.go:180.50,182.5 1 1
github.com/pincherMCP/pincher/internal/cypher/engine.go:183.4,186.17 4 1
github.com/pincherMCP/pincher/internal/cypher/engine.go:189.50,191.17 2 1
github.com/pincherMCP/pincher/internal/cypher/engine.go:193.4,195.12 3 1
github.com/pincherMCP/pincher/internal/cypher/engine.go:197.3,197.6 1 0
github.com/pincherMCP/pincher/internal/cypher/engine.go:199.2,199.15 1 1
github.com/pincherMCP/pincher/internal/cypher/engine.go:202.31,203.28 1 1
github.com/pincherMCP/pincher/internal/cypher/engine.go:203.28,205.3 1 1
github.com/pincherMCP/pincher/internal/cypher/engine.go:206.2,206.24 1 1
github.com/pincherMCP/pincher/internal/cypher/engine.go:209.31,213.2 3 1
github.com/pincherMCP/pincher/internal/cypher/engine.go:215.35,216.27 1 1
github.com/pincherMCP/pincher/internal/cypher/engine.go:216.27,218.3 1 1
github.com/pincherMCP/pincher/internal/cypher/engine.go:221.50,224.28 2 1
github.com/pincherMCP/pincher/internal/cypher/engine.go:224.28,226.18 2 1
github.com/pincherMCP/pincher/internal/cypher/engine.go:227.16,230.18 3 1
github.com/pincherMCP/pincher/internal/cypher/engine.go:230.18,232.5 1 0
github.com/pincherMCP/pincher/internal/cypher/engine.go:233.4,233.40 1 1
github.com/pincherMCP/pincher/internal/cypher/engine.go:235.16,238.18 3 1
github.com/pincherMCP/pincher/internal/cypher/engine.go:238.18,240.5 1 0
github.com/pincherMCP/pincher/internal/cypher/engine.go:241.4,241.49 1 1
github.com/pincherMCP/pincher/internal/cypher/engine.go:243.17,245.36 2 1
github.com/pincherMCP/pincher/internal/cypher/engine.go:245.36,248.5 2 1
github.com/pincherMCP/pincher/internal/cypher/engine.go:249.4,250.18 2 1
github.com/pincherMCP/pincher/internal/cypher/engine.go:250.18,252.5 1 0
github.com/pincherMCP/pincher/internal/cypher/engine.go:253.4,253.23 1 1
github.com/pincherMCP/pincher/internal/cypher/engine.go:255.16,259.29 4 1
github.com/pincherMCP/pincher/internal/cypher/engine.go:259.29,262.5 2 1
github.com/pincherMCP/pincher/internal/cypher/engine.go:263.4,263.32 1 1
github.com/pincherMCP/pincher/internal/cypher/engine.go:263.32,266.5 2 1
github.com/pincherMCP/pincher/internal/cypher/engine.go:266.10,266.38 1 1
github.com/pincherMCP/pincher/internal/cypher/engine.go:266.38,268.5 1 1
github.com/pincherMCP/pincher/internal/cypher/engine.go:270.16,272.33 2 1
github.com/pincherMCP/pincher/internal/cypher/engine.go:272.33,275.5 2 1
github.com/pincherMCP/pincher/internal/cypher/engine.go:277.11,278.12 1 1
github.com/pincherMCP/pincher/internal/cypher/engine.go:281.2,281.15 1 1
github.com/pincherMCP/pincher/internal/cypher/engine.go:284.50,290.27 4 1
github.com/pincherMCP/pincher/internal/cypher/engine.go:290.27,293.3 2 1
github.com/pincherMCP/pincher/internal/cypher/engine.go:294.2,294.27 1 1
github.com/pincherMCP/pincher/internal/cypher/engine.go:294.27,296.3 1 1
github.com/pincherMCP/pincher/internal/cypher/engine.go:297.2,300.52 2 1
github.com/pincherMCP/pincher/internal/cypher/engine.go:300.52,302.28 2 1
github.com/pincherMCP/pincher/internal/cypher/engine.go:302.28,304.32 2 1
github.com/pincherMCP/pincher/internal/cypher/engine.go:304.32,306.5 1 0
github.com/pincherMCP/pincher/internal/cypher/engine.go:307.4,307.29 1 1
github.com/pincherMCP/pincher/internal/cypher/engine.go:307.29,309.34 2 1
github.com/pincherMCP/pincher/internal/cypher/engine.go:309.34,311.31 2 1
github.com/pincherMCP/pincher/internal/cypher/engine.go:311.31,313.7 1 0
github.com/pincherMCP/pincher/internal/cypher/engine.go:313.12,314.12 1 1
github.com/pincherMCP/pincher/internal/cypher/engine.go:318.4,318.31 1 1
github.com/pincherMCP/pincher/internal/cypher/engine.go:318.31,321.5 2 1
github.com/pincherMCP/pincher/internal/cypher/engine.go:322.4,322.15 1 1
github.com/pincherMCP/pincher/internal/cypher/engine.go:325.3,325.25 1 1
github.com/pincherMCP/pincher/internal/cypher/engine.go:326.13,328.23 2 1
github.com/pincherMCP/pincher/internal/cypher/engine.go:329.12,331.29 2 0
github.com/pincherMCP/pincher/internal/cypher/engine.go:331.29,334.5 2 0
github.com/pincherMCP/pincher/internal/cypher/engine.go:338.3,338.28 1 1
github.com/pincherMCP/pincher/internal/cypher/engine.go:338.28,341.29 3 1
github.com/pincherMCP/pincher/internal/cypher/engine.go:341.29,344.5 2 1
github.com/pincherMCP/pincher/internal/cypher/engine.go:345.4,345.29 1 1
github.com/pincherMCP/pincher/internal/cypher/engine.go:345.29,347.5 1 1
github.com/pincherMCP/pincher/internal/cypher/engine.go:348.4,348.15 1 1
github.com/pincherMCP/pincher/internal/cypher/engine.go:351.2,351.17 1 1
github.com/pincherMCP/pincher/internal/cypher/engine.go:354.49,357.54 3 1
github.com/pincherMCP/pincher/internal/cypher/engine.go:357.54,363.3 5 1
github.com/pincherMCP/pincher/internal/cypher/engine.go:364.2,365.14 2 1
github.com/pincherMCP/pincher/internal/cypher/engine.go:368.57,370.6 2 1
github.com/pincherMCP/pincher/internal/cypher/engine.go:370.6,372.17 2 1
github.com/pincherMCP/pincher/internal/cypher/engine.go:372.17,374.4 1 1
github.com/pincherMCP/pincher/internal/cypher/engine.go:375.3,376.56 2 1
github.com/pincherMCP/pincher/internal/cypher/engine.go:376.56,377.9 1 1
github.com/pincherMCP/pincher/internal/cypher/engine.go:379.3,379.11 1 1
github.com/pincherMCP/pincher/internal/cypher/engine.go:381.2,381.19 1 1
github.com/pincherMCP/pincher/internal/cypher/engine.go:384.57,390.27 4 1
github.com/pincherMCP/pincher/internal/cypher/engine.go:390.27,393.3 2 1
github.com/pincherMCP/pincher/internal/cypher/engine.go:396.2,396.24 1 1
github.com/pincherMCP/pincher/internal/cypher/engine.go:397.45,399.27 2 1
github.com/pincherMCP/pincher/internal/cypher/engine.go:400.18,403.27 3 1
github.com/pincherMCP/pincher/internal/cypher/engine.go:404.16,408.27 4 1
github.com/pincherMCP/pincher/internal/cypher/engine.go:409.10,410.67 1 1
github.com/pincherMCP/pincher/internal/cypher/engine.go:412.2,412.15 1 1
github.com/pincherMCP/pincher/internal/cypher/engine.go:415.53,417.6 2 1
github.com/pincherMCP/pincher/internal/cypher/engine.go:417.6,422.25 3 1
github.com/pincherMCP/pincher/internal/cypher/engine.go:422.25,428.4 5 1
github.com/pincherMCP/pincher/internal/cypher/engine.go:428.9,430.29 2 1
github.com/pincherMCP/pincher/internal/cypher/engine.go:430.29,433.5 2 1
github.com/pincherMCP/pincher/internal/cypher/engine.go:437.3,437.85 1 1
github.com/pincherMCP/pincher/internal/cypher/engine.go:437.85,440.4 2 1
github.com/pincherMCP/pincher/internal/cypher/engine.go:442.3,444.28 2 1
github.com/pincherMCP/pincher/internal/cypher/engine.go:444.28,445.9 1 1
github.com/pincherMCP/pincher/internal/cypher/engine.go:447.3,451.79 3 1
github.com/pincherMCP/pincher/internal/cypher/engine.go:451.79,452.9 1 0
github.com/pincherMCP/pincher/internal/cypher/engine.go:455.2,455.18 1 1
github.com/pincherMCP/pincher/internal/cypher/engine.go:458.41,460.13 2 1
github.com/pincherMCP/pincher/internal/cypher/engine.go:460.13,462.3 1 1
github.com/pincherMCP/pincher/internal/cypher/engine.go:463.2,464.21 2 1
github.com/pincherMCP/pincher/internal/cypher/engine.go:464.21,467.3 2 1
github.com/pincherMCP/pincher/internal/cypher/engine.go:467.8,467.46 1 1
github.com/pincherMCP/pincher/internal/cypher/engine.go:467.46,470.3 2 1
github.com/pincherMCP/pincher/internal/cypher/engine.go:471.2,471.13 1 1
github.com/pincherMCP/pincher/internal/cypher/engine.go:471.13,473.3 1 0
github.com/pincherMCP/pincher/internal/cypher/engine.go:474.2,474.15 1 1
github.com/pincherMCP/pincher/internal/cypher/engine.go:474.15,476.3 1 0
github.com/pincherMCP/pincher/internal/cypher/engine.go:477.2,477.8 1 1
github.com/pincherMCP/pincher/internal/cypher/engine.go:501.34,502.20 1 1
github.com/pincherMCP/pincher/internal/cypher/engine.go:502.20,504.3 1 1
github.com/pincherMCP/pincher/internal/cypher/engine.go:505.2,505.23 1 1
github.com/pincherMCP/pincher/internal/cypher/engine.go:505.23,507.3 1 1
github.com/pincherMCP/pincher/internal/cypher/engine.go:508.2,508.18 1 1
github.com/pincherMCP/pincher/internal/cypher/engine.go:511.75,512.26 1 1
github.com/pincherMCP/pincher/internal/cypher/engine.go:512.26,514.3 1 1
github.com/pincherMCP/pincher/internal/cypher/engine.go:516.2,519.21 2 1
github.com/pincherMCP/pincher/internal/cypher/engine.go:519.21,521.3 1 1
github.com/pincherMCP/pincher/internal/cypher/engine.go:524.2,524.42 1 1
github.com/pincherMCP/pincher/internal/cypher/engine.go:524.42,526.3 1 1
github.com/pincherMCP/pincher/internal/cypher/engine.go:529.2,529.30 1 1
github.com/pincherMCP/pincher/internal/cypher/engine.go:533.96,539.24 3 1
github.com/pincherMCP/pincher/internal/cypher/engine.go:539.24,542.3 2 1
github.com/pincherMCP/pincher/internal/cypher/engine.go:543.2,543.34 1 1
github.com/pincherMCP/pincher/internal/cypher/engine.go:543.34,545.16 2 1
github.com/pincherMCP/pincher/internal/cypher/engine.go:545.16,548.4 2 1
github.com/pincherMCP/pincher/internal/cypher/engine.go:552.2,553.33 2 1
github.com/pincherMCP/pincher/internal/cypher/engine.go:553.33,554.32 1 1
github.com/pincherMCP/pincher/internal/cypher/engine.go:554.32,555.12 1 0
github.com/pincherMCP/pincher/internal/cypher/engine.go:557.3,558.80 2 1
github.com/pincherMCP/pincher/internal/cypher/engine.go:558.80,559.16 1 1
github.com/pincherMCP/pincher/internal/cypher/engine.go:560.13,562.33 2 1
github.com/pincherMCP/pincher/internal/cypher/engine.go:563.20,565.41 2 1
github.com/pincherMCP/pincher/internal/cypher/engine.go:566.23,568.37 2 1
github.com/pincherMCP/pincher/internal/cypher/engine.go:570.9,572.4 1 1
github.com/pincherMCP/pincher/internal/cypher/engine.go:575.2,579.16 4 1
github.com/pincherMCP/pincher/internal/cypher/engine.go:579.16,581.3 1 0
github.com/pincherMCP/pincher/internal/cypher/engine.go:582.2,585.18 3 1
github.com/pincherMCP/pincher/internal/cypher/engine.go:585.18,587.17 2 1
github.com/pincherMCP/pincher/internal/cypher/engine.go:587.17,589.4 1 0
github.com/pincherMCP/pincher/internal/cypher/engine.go:590.3,592.38 2 1
github.com/pincherMCP/pincher/internal/cypher/engine.go:592.38,593.12 1 1
github.com/pincherMCP/pincher/internal/cypher/engine.go:595.3,595.27 1 1
github.com/pincherMCP/pincher/internal/cypher/engine.go:597.2,597.35 1 1
github.com/pincherMCP/pincher/internal/cypher/engine.go:597.35,599.3 1 0
github.com/pincherMCP/pincher/internal/cypher/engine.go:601.2,601.30 1 1
github.com/pincherMCP/pincher/internal/cypher/engine.go:606.97,610.28 3 1
github.com/pincherMCP/pincher/internal/cypher/engine.go:610.28,614.35 4 1
github.com/pincherMCP/pincher/internal/cypher/engine.go:614.35,616.4 1 1
github.com/pincherMCP/pincher/internal/cypher/engine.go:619.2,633.24 4 1
github.com/pincherMCP/pincher/internal/cypher/engine.go:633.24,636.3 2 1
github.com/pincherMCP/pincher/internal/cypher/engine.go:637.2,637.22 1 1
github.com/pincherMCP/pincher/internal/cypher/engine.go:637.22,640.3 2 1
github.com/pincherMCP/pincher/internal/cypher/engine.go:643.2,644.33 2 1
github.com/pincherMCP/pincher/internal/cypher/engine.go:644.33,646.30 2 1
github.com/pincherMCP/pincher/internal/cypher/engine.go:646.30,648.4 1 0
github.com/pincherMCP/pincher/internal/cypher/engine.go:648.9,648.39 1 1
github.com/pincherMCP/pincher/internal/cypher/engine.go:648.39,650.12 2 0
github.com/pincherMCP/pincher/internal/cypher/engine.go:652.3,653.80 2 1
github.com/pincherMCP/pincher/internal/cypher/engine.go:653.80,654.16 1 1
github.com/pincherMCP/pincher/internal/cypher/engine.go:655.13,657.33 2 1
github.com/pincherMCP/pincher/internal/cypher/engine.go:658.20,660.41 2 0
github.com/pincherMCP/pincher/internal/cypher/engine.go:661.23,663.37 2 0
github.com/pincherMCP/pincher/internal/cypher/engine.go:665.9,667.4 1 0
github.com/pincherMCP/pincher/internal/cypher/engine.go:670.2,674.16 4 1
github.com/pincherMCP/pincher/internal/cypher/engine.go:674.16,676.3 1 0
github.com/pincherMCP/pincher/internal/cypher/engine.go:677.2,680.18 3 1
github.com/pincherMCP/pincher/internal/cypher/engine.go:680.18,682.17 2 1
github.com/pincherMCP/pincher/internal/cypher/engine.go:682.17,684.4 1 0
github.com/pincherMCP/pincher/internal/cypher/engine.go:685.3,686.53 2 1
github.com/pincherMCP/pincher/internal/cypher/engine.go:686.53,688.4 1 1
github.com/pincherMCP/pincher/internal/cypher/engine.go:689.3,689.51 1 1
github.com/pincherMCP/pincher/internal/cypher/engine.go:689.51,691.4 1 1
github.com/pincherMCP/pincher/internal/cypher/engine.go:692.3,692.24 1 1
github.com/pincherMCP/pincher/internal/cypher/engine.go:692.24,695.4 2 0
github.com/pincherMCP/pincher/internal/cypher/engine.go:696.3,696.38 1 1
github.com/pincherMCP/pincher/internal/cypher/engine.go:696.38,697.12 1 0
github.com/pincherMCP/pincher/internal/cypher/engine.go:699.3,699.37 1 1
github.com/pincherMCP/pincher/internal/cypher/engine.go:701.2,701.35 1 1
github.com/pincherMCP/pincher/internal/cypher/engine.go:701.35,703.3 1 0
github.com/pincherMCP/pincher/internal/cypher/engine.go:705.2,705.35 1 1
github.com/pincherMCP/pincher/internal/cypher/engine.go:709.91,716.24 3 1
github.com/pincherMCP/pincher/internal/cypher/engine.go:716.24,719.3 2 0
github.com/pincherMCP/pincher/internal/cypher/engine.go:720.2,720.33 1 1
github.com/pincherMCP/pincher/internal/cypher/engine.go:720.33,721.32 1 1
github.com/pincherMCP/pincher/internal/cypher/engine.go:721.32,722.12 1 0
github.com/pincherMCP/pincher/internal/cypher/engine.go:724.3,725.31 2 1
github.com/pincherMCP/pincher/internal/cypher/engine.go:725.31,728.4 2 1
github.com/pincherMCP/pincher/internal/cypher/engine.go:730.2,733.16 3 1
github.com/pincherMCP/pincher/internal/cypher/engine.go:733.16,735.3 1 0
github.com/pincherMCP/pincher/internal/cypher/engine.go:736.2,739.19 3 1
github.com/pincherMCP/pincher/internal/cypher/engine.go:739.19,741.17 2 1
github.com/pincherMCP/pincher/internal/cypher/engine.go:741.17,743.4 1 0
github.com/pincherMCP/pincher/internal/cypher/engine.go:744.3,744.37 1 1
github.com/pincherMCP/pincher/internal/cypher/engine.go:746.2,749.25 3 1
github.com/pincherMCP/pincher/internal/cypher/engine.go:749.25,751.3 1 0
github.com/pincherMCP/pincher/internal/cypher/engine.go:753.2,754.19 2 1
github.com/pincherMCP/pincher/internal/cypher/engine.go:754.19,756.3 1 0
github.com/pincherMCP/pincher/internal/cypher/engine.go:758.2,759.35 2 1
github.com/pincherMCP/pincher/internal/cypher/engine.go:759.35,763.64 3 1
github.com/pincherMCP/pincher/internal/cypher/engine.go:763.64,765.31 2 1
github.com/pincherMCP/pincher/internal/cypher/engine.go:765.31,767.19 2 1
github.com/pincherMCP/pincher/internal/cypher/engine.go:767.19,768.14 1 0
github.com/pincherMCP/pincher/internal/cypher/engine.go:770.5,770.40 1 1
github.com/pincherMCP/pincher/internal/cypher/engine.go:770.40,771.30 1 1
github.com/pincherMCP/pincher/internal/cypher/engine.go:771.30,772.15 1 0
github.com/pincherMCP/pincher/internal/cypher/engine.go:774.6,777.30 3 1
github.com/pincherMCP/pincher/internal/cypher/engine.go:777.30,779.57 2 1
github.com/pincherMCP/pincher/internal/cypher/engine.go:779.57,781.8 1 1
github.com/pincherMCP/pincher/internal/cypher/engine.go:782.7,782.58 1 1
github.com/pincherMCP/pincher/internal/cypher/engine.go:782.58,784.8 1 1
github.com/pincherMCP/pincher/internal/cypher/engine.go:785.7,787.43 3 1
github.com/pincherMCP/pincher/internal/cypher/engine.go:787.43,788.17 1 0
github.com/pincherMCP/pincher/internal/cypher/engine.go:793.4,793.21 1 1
github.com/pincherMCP/pincher/internal/cypher/engine.go:797.2,797.35 1 1
github.com/pincherMCP/pincher/internal/cypher/engine.go:800.123,806.29 5 1
github.com/pincherMCP/pincher/internal/cypher/engine.go:806.29,812.3 2 1
github.com/pincherMCP/pincher/internal/cypher/engine.go:812.8,818.3 2 0
github.com/pincherMCP/pincher/internal/cypher/engine.go:819.2,819.26 1 1
github.com/pincherMCP/pincher/internal/cypher/engine.go:819.26,821.3 1 1
github.com/pincherMCP/pincher/internal/cypher/engine.go:823.2,824.16 2 1
github.com/pincherMCP/pincher/internal/cypher/engine.go:824.16,826.3 1 0
github.com/pincherMCP/pincher/internal/cypher/engine.go:827.2,830.18 3 1
github.com/pincherMCP/pincher/internal/cypher/engine.go:830.18,832.17 2 1
github.com/pincherMCP/pincher/internal/cypher/engine.go:832.17,834.4 1 0
github.com/pincherMCP/pincher/internal/cypher/engine.go:835.3,835.23 1 1
github.com/pincherMCP/pincher/internal/cypher/engine.go:837.2,837.24 1 1
github.com/pincherMCP/pincher/internal/cypher/engine.go:844.74,848.34 3 1
github.com/pincherMCP/pincher/internal/cypher/engine.go:848.34,849.23 1 1
github.com/pincherMCP/pincher/internal/cypher/engine.go:849.23,851.17 2 1
github.com/pincherMCP/pincher/internal/cypher/engine.go:851.17,853.5 1 1
github.com/pincherMCP/pincher/internal/cypher/engine.go:854.4,855.19 2 1
github.com/pincherMCP/pincher/internal/cypher/engine.go:856.9,858.25 2 1
github.com/pincherMCP/pincher/internal/cypher/engine.go:858.25,860.5 1 1
github.com/pincherMCP/pincher/internal/cypher/engine.go:861.4,861.22 1 1
github.com/pincherMCP/pincher/internal/cypher/engine.go:861.22,863.5 1 0
github.com/pincherMCP/pincher/internal/cypher/engine.go:864.4,864.28 1 1
github.com/pincherMCP/pincher/internal/cypher/engine.go:868.2,868.20 1 1
github.com/pincherMCP/pincher/internal/cypher/engine.go:868.20,870.23 1 1
github.com/pincherMCP/pincher/internal/cypher/engine.go:870.23,871.30 1 0
github.com/pincherMCP/pincher/internal/cypher/engine.go:871.30,872.35 1 0
github.com/pincherMCP/pincher/internal/cypher/engine.go:872.35,874.6 1 0
github.com/pincherMCP/pincher/internal/cypher/engine.go:876.4,876.22 1 0
github.com/pincherMCP/pincher/internal/cypher/engine.go:880.2,880.14 1 1
github.com/pincherMCP/pincher/internal/cypher/engine.go:880.14,884.35 3 1
github.com/pincherMCP/pincher/internal/cypher/engine.go:884.35,885.24 1 1
github.com/pincherMCP/pincher/internal/cypher/engine.go:885.24,887.18 2 1
github.com/pincherMCP/pincher/internal/cypher/engine.go:887.18,889.6 1 1
github.com/pincherMCP/pincher/internal/cypher/engine.go:890.5,890.21 1 1
github.com/pincherMCP/pincher/internal/cypher/engine.go:893.3,893.76 1 1
github.com/pincherMCP/pincher/internal/cypher/engine.go:897.2,899.30 3 1
github.com/pincherMCP/pincher/internal/cypher/engine.go:899.30,901.35 2 1
github.com/pincherMCP/pincher/internal/cypher/engine.go:901.35,903.25 2 1
github.com/pincherMCP/pincher/internal/cypher/engine.go:903.25,906.5 2 1
github.com/pincherMCP/pincher/internal/cypher/engine.go:906.10,909.5 1 0
github.com/pincherMCP/pincher/internal/cypher/engine.go:910.4,910.21 1 1
github.com/pincherMCP/pincher/internal/cypher/engine.go:912.3,912.29 1 1
github.com/pincherMCP/pincher/internal/cypher/engine.go:912.29,914.4 1 0
github.com/pincherMCP/pincher/internal/cypher/engine.go:915.3,915.17 1 1
github.com/pincherMCP/pincher/internal/cypher/engine.go:915.17,917.17 2 1
github.com/pincherMCP/pincher/internal/cypher/engine.go:917.17,918.13 1 1
github.com/pincherMCP/pincher/internal/cypher/engine.go:920.4,920.20 1 1
github.com/pincherMCP/pincher/internal/cypher/engine.go:922.3,922.36 1 1
github.com/pincherMCP/pincher/internal/cypher/engine.go:926.2,926.21 1 1
github.com/pincherMCP/pincher/internal/cypher/engine.go:926.21,927.51 1 0
github.com/pincherMCP/pincher/internal/cypher/engine.go:927.51,930.28 3 0
github.com/pincherMCP/pincher/internal/cypher/engine.go:930.28,932.5 1 0
github.com/pincherMCP/pincher/internal/cypher/engine.go:933.4,933.18 1 0
github.com/pincherMCP/pincher/internal/cypher/engine.go:938.2,939.16 2 1
github.com/pincherMCP/pincher/internal/cypher/engine.go:939.16,941.3 1 0
github.com/pincherMCP/pincher/internal/cypher/engine.go:942.2,942.28 1 1
github.com/pincherMCP/pincher/internal/cypher/engine.go:942.28,944.3 1 1
github.com/pincherMCP/pincher/internal/cypher/engine.go:946.2,946.76 1 1
github.com/pincherMCP/pincher/internal/cypher/engine.go:953.50,959.16 3 1
github.com/pincherMCP/pincher/internal/cypher/engine.go:959.16,961.3 1 0
github.com/pincherMCP/pincher/internal/cypher/engine.go:962.2,964.16 3 1
github.com/pincherMCP/pincher/internal/cypher/engine.go:967.91,983.2 9 1
github.com/pincherMCP/pincher/internal/cypher/engine.go:985.60,1002.2 2 1
github.com/pincherMCP/pincher/internal/cypher/engine.go:1005.42,1006.14 1 1
github.com/pincherMCP/pincher/internal/cypher/engine.go:1007.14,1008.16 1 1
github.com/pincherMCP/pincher/internal/cypher/engine.go:1009.30,1010.26 1 1
github.com/pincherMCP/pincher/internal/cypher/engine.go:1011.23,1012.16 1 1
github.com/pincherMCP/pincher/internal/cypher/engine.go:1013.19,1014.21 1 1
github.com/pincherMCP/pincher/internal/cypher/engine.go:1015.18,1016.20 1 1
github.com/pincherMCP/pincher/internal/cypher/engine.go:1017.20,1018.22 1 0
github.com/pincherMCP/pincher/internal/cypher/engine.go:1019.18,1020.20 1 0
github.com/pincherMCP/pincher/internal/cypher/engine.go:1021.10,1022.12 1 1
github.com/pincherMCP/pincher/internal/cypher/engine.go:1028.68,1029.26 1 1
github.com/pincherMCP/pincher/internal/cypher/engine.go:1029.26,1033.15 3 1
github.com/pincherMCP/pincher/internal/cypher/engine.go:1034.12,1035.25 1 1
github.com/pincherMCP/pincher/internal/cypher/engine.go:1035.25,1037.5 1 1
github.com/pincherMCP/pincher/internal/cypher/engine.go:1038.13,1039.25 1 1
github.com/pincherMCP/pincher/internal/cypher/engine.go:1039.25,1041.5 1 1
github.com/pincherMCP/pincher/internal/cypher/engine.go:1042.13,1044.45 2 1
github.com/pincherMCP/pincher/internal/cypher/engine.go:1044.45,1046.5 1 1
github.com/pincherMCP/pincher/internal/cypher/engine.go:1047.19,1048.42 1 1
github.com/pincherMCP/pincher/internal/cypher/engine.go:1048.42,1050.5 1 1
github.com/pincherMCP/pincher/internal/cypher/engine.go:1051.22,1052.43 1 1
github.com/pincherMCP/pincher/internal/cypher/engine.go:1052.43,1054.5 1 0
github.com/pincherMCP/pincher/internal/cypher/engine.go:1055.29,1058.34 3 1
github.com/pincherMCP/pincher/internal/cypher/engine.go:1058.34,1060.5 1 0
github.com/pincherMCP/pincher/internal/cypher/engine.go:1061.4,1061.16 1 1
github.com/pincherMCP/pincher/internal/cypher/engine.go:1062.13,1063.19 1 1
github.com/pincherMCP/pincher/internal/cypher/engine.go:1063.19,1065.6 1 1
github.com/pincherMCP/pincher/internal/cypher/engine.go:1066.13,1067.19 1 1
github.com/pincherMCP/pincher/internal/cypher/engine.go:1067.19,1069.6 1 1
github.com/pincherMCP/pincher/internal/cypher/engine.go:1070.14,1071.20 1 0
github.com/pincherMCP/pincher/internal/cypher/engine.go:1071.20,1073.6 1 0
github.com/pincherMCP/pincher/internal/cypher/engine.go:1074.14,1075.20 1 0
github.com/pincherMCP/pincher/internal/cypher/engine.go:1075.20,1077.6 1 0
github.com/pincherMCP/pincher/internal/cypher/engine.go:1081.2,1081.13 1 1
github.com/pincherMCP/pincher/internal/cypher/engine.go:1085.43,1092.2 1 1
github.com/pincherMCP/pincher/internal/cypher/engine.go:1095.34,1096.26 1 1
github.com/pincherMCP/pincher/internal/cypher/engine.go:1096.26,1098.3 1 1
github.com/pincherMCP/pincher/internal/cypher/engine.go:1099.2,1099.30 1 1
github.com/pincherMCP/pincher/internal/index/indexer.go:37.36,42.2 1 1
github.com/pincherMCP/pincher/internal/index/indexer.go:58.99,60.16 2 1
github.com/pincherMCP/pincher/internal/index/indexer.go:60.16,62.3 1 0
github.com/pincherMCP/pincher/internal/index/indexer.go:64.2,69.27 4 1
github.com/pincherMCP/pincher/internal/index/indexer.go:69.27,72.3 2 1
github.com/pincherMCP/pincher/internal/index/indexer.go:73.2,75.15 3 1
github.com/pincherMCP/pincher/internal/index/indexer.go:75.15,79.3 3 1
github.com/pincherMCP/pincher/internal/index/indexer.go:81.2,89.17 2 1
github.com/pincherMCP/pincher/internal/index/indexer.go:89.17,91.3 1 0
github.com/pincherMCP/pincher/internal/index/indexer.go:94.2,99.12 4 1
github.com/pincherMCP/pincher/internal/index/indexer.go:99.12,100.40 1 1
github.com/pincherMCP/pincher/internal/index/indexer.go:100.40,102.4 1 0
github.com/pincherMCP/pincher/internal/index/indexer.go:105.2,117.37 2 1
github.com/pincherMCP/pincher/internal/index/indexer.go:117.37,119.30 2 1
github.com/pincherMCP/pincher/internal/index/indexer.go:119.30,120.12 1 1
github.com/pincherMCP/pincher/internal/index/indexer.go:124.3,125.21 2 1
github.com/pincherMCP/pincher/internal/index/indexer.go:125.21,127.12 2 0
github.com/pincherMCP/pincher/internal/index/indexer.go:131.3,135.13 4 1
github.com/pincherMCP/pincher/internal/index/indexer.go:135.13,137.22 2 1
github.com/pincherMCP/pincher/internal/index/indexer.go:137.22,139.13 2 1
github.com/pincherMCP/pincher/internal/index/indexer.go:143.3,145.55 3 1
github.com/pincherMCP/pincher/internal/index/indexer.go:145.55,149.18 3 1
github.com/pincherMCP/pincher/internal/index/indexer.go:149.18,151.5 1 0
github.com/pincherMCP/pincher/internal/index/indexer.go:154.4,155.49 2 1
github.com/pincherMCP/pincher/internal/index/indexer.go:155.49,157.5 1 1
github.com/pincherMCP/pincher/internal/index/indexer.go:160.4,161.37 2 1
github.com/pincherMCP/pincher/internal/index/indexer.go:161.37,185.5 2 1
github.com/pincherMCP/pincher/internal/index/indexer.go:188.4,189.29 2 1
github.com/pincherMCP/pincher/internal/index/indexer.go:189.29,192.5 2 1
github.com/pincherMCP/pincher/internal/index/indexer.go:195.4,196.35 2 1
github.com/pincherMCP/pincher/internal/index/indexer.go:196.35,198.21 2 0
github.com/pincherMCP/pincher/internal/index/indexer.go:198.21,201.24 2 0
github.com/pincherMCP/pincher/internal/index/indexer.go:201.24,203.7 1 0
github.com/pincherMCP/pincher/internal/index/indexer.go:205.5,206.35 2 0
github.com/pincherMCP/pincher/internal/index/indexer.go:206.35,207.14 1 0
github.com/pincherMCP/pincher/internal/index/indexer.go:209.5,215.7 1 0
github.com/pincherMCP/pincher/internal/index/indexer.go:218.4,222.26 4 1
github.com/pincherMCP/pincher/internal/index/indexer.go:222.26,223.84 1 0
github.com/pincherMCP/pincher/internal/index/indexer.go:223.84,225.6 1 0
github.com/pincherMCP/pincher/internal/index/indexer.go:227.4,227.18 1 1
github.com/pincherMCP/pincher/internal/index/indexer.go:231.2,235.41 3 1
github.com/pincherMCP/pincher/internal/index/indexer.go:235.41,238.82 3 1
github.com/pincherMCP/pincher/internal/index/indexer.go:238.82,240.4 1 0
github.com/pincherMCP/pincher/internal/index/indexer.go:242.2,255.17 3 1
github.com/pincherMCP/pincher/internal/index/indexer.go:255.17,257.3 1 0
github.com/pincherMCP/pincher/internal/index/indexer.go:259.2,277.8 2 1
github.com/pincherMCP/pincher/internal/index/indexer.go:281.95,282.65 1 1
github.com/pincherMCP/pincher/internal/index/indexer.go:282.65,284.3 1 0
github.com/pincherMCP/pincher/internal/index/indexer.go:286.2,287.26 2 1
github.com/pincherMCP/pincher/internal/index/indexer.go:287.26,288.24 1 1
github.com/pincherMCP/pincher/internal/index/indexer.go:288.24,291.4 2 1
github.com/pincherMCP/pincher/internal/index/indexer.go:293.2,295.12 3 1
github.com/pincherMCP/pincher/internal/index/indexer.go:298.91,299.58 1 1
github.com/pincherMCP/pincher/internal/index/indexer.go:299.58,301.3 1 1
github.com/pincherMCP/pincher/internal/index/indexer.go:302.2,302.57 1 1
github.com/pincherMCP/pincher/internal/index/indexer.go:302.57,304.3 1 1
github.com/pincherMCP/pincher/internal/index/indexer.go:305.2,305.12 1 1
github.com/pincherMCP/pincher/internal/index/indexer.go:319.74,320.34 1 1
github.com/pincherMCP/pincher/internal/index/indexer.go:320.34,322.3 1 1
github.com/pincherMCP/pincher/internal/index/indexer.go:323.2,325.16 3 1
github.com/pincherMCP/pincher/internal/index/indexer.go:325.16,327.3 1 1
github.com/pincherMCP/pincher/internal/index/indexer.go:328.2,331.15 3 1
github.com/pincherMCP/pincher/internal/index/indexer.go:331.15,333.3 1 1
github.com/pincherMCP/pincher/internal/index/indexer.go:334.2,334.59 1 1
github.com/pincherMCP/pincher/internal/index/indexer.go:334.59,336.3 1 0
github.com/pincherMCP/pincher/internal/index/indexer.go:337.2,339.26 3 1
github.com/pincherMCP/pincher/internal/index/indexer.go:339.26,341.3 1 0
github.com/pincherMCP/pincher/internal/index/indexer.go:342.2,342.29 1 1
github.com/pincherMCP/pincher/internal/index/indexer.go:351.48,355.6 3 1
github.com/pincherMCP/pincher/internal/index/indexer.go:355.6,356.10 1 1
github.com/pincherMCP/pincher/internal/index/indexer.go:357.21,358.10 1 1
github.com/pincherMCP/pincher/internal/index/indexer.go:359.19,361.18 2 0
github.com/pincherMCP/pincher/internal/index/indexer.go:361.18,362.13 1 0
github.com/pincherMCP/pincher/internal/index/indexer.go:364.4,364.31 1 0
github.com/pincherMCP/pincher/internal/index/indexer.go:364.31,365.26 1 0
github.com/pincherMCP/pincher/internal/index/indexer.go:365.26,367.28 2 0
github.com/pincherMCP/pincher/internal/index/indexer.go:367.28,368.62 1 0
github.com/pincherMCP/pincher/internal/index/indexer.go:368.62,370.8 1 0
github.com/pincherMCP/pincher/internal/index/indexer.go:380.51,383.16 2 1
github.com/pincherMCP/pincher/internal/index/indexer.go:383.16,385.3 1 1
github.com/pincherMCP/pincher/internal/index/indexer.go:386.2,386.28 1 1
github.com/pincherMCP/pincher/internal/index/indexer.go:386.28,387.16 1 1
github.com/pincherMCP/pincher/internal/index/indexer.go:387.16,388.12 1 0
github.com/pincherMCP/pincher/internal/index/indexer.go:390.3,390.34 1 1
github.com/pincherMCP/pincher/internal/index/indexer.go:390.34,391.12 1 1
github.com/pincherMCP/pincher/internal/index/indexer.go:393.3,394.17 2 1
github.com/pincherMCP/pincher/internal/index/indexer.go:394.17,395.12 1 0
github.com/pincherMCP/pincher/internal/index/indexer.go:398.3,398.40 1 1
github.com/pincherMCP/pincher/internal/index/indexer.go:398.40,400.4 1 1
github.com/pincherMCP/pincher/internal/index/indexer.go:402.2,402.14 1 1
github.com/pincherMCP/pincher/internal/index/indexer.go:420.133,421.35 1 1
github.com/pincherMCP/pincher/internal/index/indexer.go:421.35,423.3 1 1
github.com/pincherMCP/pincher/internal/index/indexer.go:426.2,427.16 2 1
github.com/pincherMCP/pincher/internal/index/indexer.go:427.16,429.3 1 0
github.com/pincherMCP/pincher/internal/index/indexer.go:430.2,430.22 1 1
github.com/pincherMCP/pincher/internal/index/indexer.go:430.22,432.3 1 1
github.com/pincherMCP/pincher/internal/index/indexer.go:433.2,440.63 6 1
github.com/pincherMCP/pincher/internal/index/indexer.go:440.63,442.30 2 1
github.com/pincherMCP/pincher/internal/index/indexer.go:442.30,446.54 3 1
github.com/pincherMCP/pincher/internal/index/indexer.go:446.54,448.19 2 1
github.com/pincherMCP/pincher/internal/index/indexer.go:448.19,450.6 1 1
github.com/pincherMCP/pincher/internal/index/indexer.go:451.5,451.18 1 1
github.com/pincherMCP/pincher/internal/index/indexer.go:453.4,453.53 1 1
github.com/pincherMCP/pincher/internal/index/indexer.go:453.53,455.19 2 1
github.com/pincherMCP/pincher/internal/index/indexer.go:455.19,457.6 1 1
github.com/pincherMCP/pincher/internal/index/indexer.go:458.5,458.23 1 1
github.com/pincherMCP/pincher/internal/index/indexer.go:458.23,460.6 1 1
github.com/pincherMCP/pincher/internal/index/indexer.go:463.4,463.31 1 1
github.com/pincherMCP/pincher/internal/index/indexer.go:463.31,465.29 2 1
github.com/pincherMCP/pincher/internal/index/indexer.go:465.29,468.6 1 1
github.com/pincherMCP/pincher/internal/index/indexer.go:469.5,469.26 1 1
github.com/pincherMCP/pincher/internal/index/indexer.go:469.26,470.14 1 1
github.com/pincherMCP/pincher/internal/index/indexer.go:472.5,475.36 3 1
github.com/pincherMCP/pincher/internal/index/indexer.go:475.36,476.14 1 0
github.com/pincherMCP/pincher/internal/index/indexer.go:478.5,480.16 3 1
github.com/pincherMCP/pincher/internal/index/indexer.go:480.16,482.6 1 1
github.com/pincherMCP/pincher/internal/index/indexer.go:483.5,484.25 2 1
github.com/pincherMCP/pincher/internal/index/indexer.go:484.25,485.15 1 0
github.com/pincherMCP/pincher/internal/index/indexer.go:489.3,489.20 1 1
github.com/pincherMCP/pincher/internal/index/indexer.go:492.2,492.18 1 1
github.com/pincherMCP/pincher/internal/index/indexer.go:495.34,496.15 1 1
github.com/pincherMCP/pincher/internal/index/indexer.go:497.9,498.20 1 1
github.com/pincherMCP/pincher/internal/index/indexer.go:499.9,500.16 1 1
github.com/pincherMCP/pincher/internal/index/indexer.go:501.9,502.18 1 1
github.com/pincherMCP/pincher/internal/index/indexer.go:503.10,504.15 1 1
github.com/pincherMCP/pincher/internal/index/indexer.go:529.37,531.2 1 1
github.com/pincherMCP/pincher/internal/index/indexer.go:534.33,536.29 2 1
github.com/pincherMCP/pincher/internal/index/indexer.go:536.29,538.3 1 1
github.com/pincherMCP/pincher/internal/index/indexer.go:539.2,539.12 1 1
github.com/pincherMCP/pincher/internal/server/server.go:57.75,72.2 4 1
github.com/pincherMCP/pincher/internal/server/server.go:75.42,75.58 1 1
github.com/pincherMCP/pincher/internal/server/server.go:77.75,78.26 1 0
github.com/pincherMCP/pincher/internal/server/server.go:78.26,80.3 1 0
github.com/pincherMCP/pincher/internal/server/server.go:83.81,84.26 1 0
github.com/pincherMCP/pincher/internal/server/server.go:84.26,86.3 1 0
github.com/pincherMCP/pincher/internal/server/server.go:89.78,90.20 1 0
github.com/pincherMCP/pincher/internal/server/server.go:90.20,91.86 1 0
github.com/pincherMCP/pincher/internal/server/server.go:91.86,92.57 1 0
github.com/pincherMCP/pincher/internal/server/server.go:92.57,95.5 2 0
github.com/pincherMCP/pincher/internal/server/server.go:98.2,98.40 1 0
github.com/pincherMCP/pincher/internal/server/server.go:98.40,100.3 1 0
github.com/pincherMCP/pincher/internal/server/server.go:103.39,107.2 3 1
github.com/pincherMCP/pincher/internal/server/server.go:109.46,111.38 2 1
github.com/pincherMCP/pincher/internal/server/server.go:111.38,113.3 1 1
github.com/pincherMCP/pincher/internal/server/server.go:114.2,115.47 2 1
github.com/pincherMCP/pincher/internal/server/server.go:115.47,117.3 1 1
github.com/pincherMCP/pincher/internal/server/server.go:118.2,118.36 1 1
github.com/pincherMCP/pincher/internal/server/server.go:122.70,123.22 1 1
github.com/pincherMCP/pincher/internal/server/server.go:123.22,124.24 1 1
github.com/pincherMCP/pincher/internal/server/server.go:124.24,126.4 1 1
github.com/pincherMCP/pincher/internal/server/server.go:127.3,127.26 1 1
github.com/pincherMCP/pincher/internal/server/server.go:130.2,131.16 2 1
github.com/pincherMCP/pincher/internal/server/server.go:131.16,133.3 1 0
github.com/pincherMCP/pincher/internal/server/server.go:134.2,134.14 1 1
github.com/pincherMCP/pincher/internal/server/server.go:134.14,136.3 1 1
github.com/pincherMCP/pincher/internal/server/server.go:138.2,139.16 2 1
github.com/pincherMCP/pincher/internal/server/server.go:139.16,141.3 1 0
github.com/pincherMCP/pincher/internal/server/server.go:142.2,142.27 1 1
github.com/pincherMCP/pincher/internal/server/server.go:142.27,143.30 1 1
github.com/pincherMCP/pincher/internal/server/server.go:143.30,145.4 1 1
github.com/pincherMCP/pincher/internal/server/server.go:147.2,147.100 1 1
github.com/pincherMCP/pincher/internal/server/server.go:151.71,153.28 2 1
github.com/pincherMCP/pincher/internal/server/server.go:153.28,154.26 1 1
github.com/pincherMCP/pincher/internal/server/server.go:154.26,156.4 1 1
github.com/pincherMCP/pincher/internal/server/server.go:157.3,157.45 1 1
github.com/pincherMCP/pincher/internal/server/server.go:159.2,159.20 1 1
github.com/pincherMCP/pincher/internal/server/server.go:166.67,169.2 2 1
github.com/pincherMCP/pincher/internal/server/server.go:171.34,329.2 13 1
github.com/pincherMCP/pincher/internal/server/server.go:335.106,340.16 4 1
github.com/pincherMCP/pincher/internal/server/server.go:340.16,342.3 1 1
github.com/pincherMCP/pincher/internal/server/server.go:343.2,343.16 1 1
github.com/pincherMCP/pincher/internal/server/server.go:343.16,345.3 1 1
github.com/pincherMCP/pincher/internal/server/server.go:346.2,349.16 3 1
github.com/pincherMCP/pincher/internal/server/server.go:349.16,351.3 1 0
github.com/pincherMCP/pincher/internal/server/server.go:353.2,362.50 2 1
github.com/pincherMCP/pincher/internal/server/server.go:365.107,370.14 4 1
github.com/pincherMCP/pincher/internal/server/server.go:370.14,372.3 1 1
github.com/pincherMCP/pincher/internal/server/server.go:373.2,376.16 3 1
github.com/pincherMCP/pincher/internal/server/server.go:376.16,378.3 1 0
github.com/pincherMCP/pincher/internal/server/server.go:379.2,379.16 1 1
github.com/pincherMCP/pincher/internal/server/server.go:379.16,381.3 1 1
github.com/pincherMCP/pincher/internal/server/server.go:384.2,385.22 2 1
github.com/pincherMCP/pincher/internal/server/server.go:385.22,386.61 1 0
github.com/pincherMCP/pincher/internal/server/server.go:386.61,388.4 1 0
github.com/pincherMCP/pincher/internal/server/server.go:390.2,391.16 2 1
github.com/pincherMCP/pincher/internal/server/server.go:391.16,393.3 1 0
github.com/pincherMCP/pincher/internal/server/server.go:396.2,397.16 2 1
github.com/pincherMCP/pincher/internal/server/server.go:397.16,399.3 1 1
github.com/pincherMCP/pincher/internal/server/server.go:402.2,403.16 2 1
github.com/pincherMCP/pincher/internal/server/server.go:403.16,404.92 1 1
github.com/pincherMCP/pincher/internal/server/server.go:404.92,406.4 1 1
github.com/pincherMCP/pincher/internal/server/server.go:408.2,429.60 4 1
github.com/pincherMCP/pincher/internal/server/server.go:432.108,437.19 4 1
github.com/pincherMCP/pincher/internal/server/server.go:437.19,439.3 1 1
github.com/pincherMCP/pincher/internal/server/server.go:441.2,443.22 3 1
github.com/pincherMCP/pincher/internal/server/server.go:443.22,444.61 1 1
github.com/pincherMCP/pincher/internal/server/server.go:444.61,445.55 1 1
github.com/pincherMCP/pincher/internal/server/server.go:445.55,447.5 1 1
github.com/pincherMCP/pincher/internal/server/server.go:451.2,452.25 2 1
github.com/pincherMCP/pincher/internal/server/server.go:452.25,454.31 2 1
github.com/pincherMCP/pincher/internal/server/server.go:454.31,456.12 2 1
github.com/pincherMCP/pincher/internal/server/server.go:458.3,459.17 2 1
github.com/pincherMCP/pincher/internal/server/server.go:459.17,461.4 1 1
github.com/pincherMCP/pincher/internal/server/server.go:462.3,470.5 1 1
github.com/pincherMCP/pincher/internal/server/server.go:473.2,477.50 2 1
github.com/pincherMCP/pincher/internal/server/server.go:480.108,485.14 4 1
github.com/pincherMCP/pincher/internal/server/server.go:485.14,487.3 1 1
github.com/pincherMCP/pincher/internal/server/server.go:489.2,490.30 2 1
github.com/pincherMCP/pincher/internal/server/server.go:490.30,492.3 1 1
github.com/pincherMCP/pincher/internal/server/server.go:494.2,501.32 6 1
github.com/pincherMCP/pincher/internal/server/server.go:501.32,503.31 2 1
github.com/pincherMCP/pincher/internal/server/server.go:503.31,504.12 1 0
github.com/pincherMCP/pincher/internal/server/server.go:506.3,514.44 3 1
github.com/pincherMCP/pincher/internal/server/server.go:517.2,521.60 2 1
github.com/pincherMCP/pincher/internal/server/server.go:524.107,529.17 4 1
github.com/pincherMCP/pincher/internal/server/server.go:529.17,531.3 1 0
github.com/pincherMCP/pincher/internal/server/server.go:532.2,538.16 6 1
github.com/pincherMCP/pincher/internal/server/server.go:538.16,540.3 1 1
github.com/pincherMCP/pincher/internal/server/server.go:542.2,543.16 2 1
github.com/pincherMCP/pincher/internal/server/server.go:543.16,545.3 1 0
github.com/pincherMCP/pincher/internal/server/server.go:547.2,548.28 2 1
github.com/pincherMCP/pincher/internal/server/server.go:548.28,560.3 1 1
github.com/pincherMCP/pincher/internal/server/server.go:563.2,570.60 3 1
github.com/pincherMCP/pincher/internal/server/server.go:573.106,578.15 4 1
github.com/pincherMCP/pincher/internal/server/server.go:578.15,580.3 1 1
github.com/pincherMCP/pincher/internal/server/server.go:581.2,585.16 4 1
github.com/pincherMCP/pincher/internal/server/server.go:585.16,587.3 1 1
github.com/pincherMCP/pincher/internal/server/server.go:588.2,592.16 4 1
github.com/pincherMCP/pincher/internal/server/server.go:592.16,594.3 1 0
github.com/pincherMCP/pincher/internal/server/server.go:596.2,601.50 2 1
github.com/pincherMCP/pincher/internal/server/server.go:604.106,609.16 4 1
github.com/pincherMCP/pincher/internal/server/server.go:609.16,611.3 1 1
github.com/pincherMCP/pincher/internal/server/server.go:612.2,614.21 3 1
github.com/pincherMCP/pincher/internal/server/server.go:614.21,616.3 1 1
github.com/pincherMCP/pincher/internal/server/server.go:617.2,621.16 4 1
github.com/pincherMCP/pincher/internal/server/server.go:621.16,623.3 1 0
github.com/pincherMCP/pincher/internal/server/server.go:625.2,626.16 2 1
github.com/pincherMCP/pincher/internal/server/server.go:626.16,628.3 1 1
github.com/pincherMCP/pincher/internal/server/server.go:631.2,633.25 3 1
github.com/pincherMCP/pincher/internal/server/server.go:633.25,642.14 2 1
github.com/pincherMCP/pincher/internal/server/server.go:642.14,645.4 2 1
github.com/pincherMCP/pincher/internal/server/server.go:646.3,646.53 1 1
github.com/pincherMCP/pincher/internal/server/server.go:649.2,650.30 2 1
github.com/pincherMCP/pincher/internal/server/server.go:650.30,651.34 1 1
github.com/pincherMCP/pincher/internal/server/server.go:651.34,653.15 2 1
github.com/pincherMCP/pincher/internal/server/server.go:653.15,655.5 1 1
github.com/pincherMCP/pincher/internal/server/server.go:656.4,656.36 1 1
github.com/pincherMCP/pincher/internal/server/server.go:660.2,666.13 2 1
github.com/pincherMCP/pincher/internal/server/server.go:666.13,668.3 1 1
github.com/pincherMCP/pincher/internal/server/server.go:669.2,669.50 1 1
github.com/pincherMCP/pincher/internal/server/server.go:672.108,678.17 5 1
github.com/pincherMCP/pincher/internal/server/server.go:678.17,680.3 1 1
github.com/pincherMCP/pincher/internal/server/server.go:681.2,684.16 3 1
github.com/pincherMCP/pincher/internal/server/server.go:684.16,686.3 1 1
github.com/pincherMCP/pincher/internal/server/server.go:687.2,688.16 2 1
github.com/pincherMCP/pincher/internal/server/server.go:688.16,690.3 1 0
github.com/pincherMCP/pincher/internal/server/server.go:693.2,694.20 2 1
github.com/pincherMCP/pincher/internal/server/server.go:694.20,696.3 1 1
github.com/pincherMCP/pincher/internal/server/server.go:699.2,703.33 3 1
github.com/pincherMCP/pincher/internal/server/server.go:703.33,705.17 2 1
github.com/pincherMCP/pincher/internal/server/server.go:705.17,706.12 1 0
github.com/pincherMCP/pincher/internal/server/server.go:708.3,708.51 1 1
github.com/pincherMCP/pincher/internal/server/server.go:712.2,714.37 3 1
github.com/pincherMCP/pincher/internal/server/server.go:714.37,716.17 2 1
github.com/pincherMCP/pincher/internal/server/server.go:716.17,717.12 1 0
github.com/pincherMCP/pincher/internal/server/server.go:719.3,719.26 1 1
github.com/pincherMCP/pincher/internal/server/server.go:719.26,720.25 1 0
github.com/pincherMCP/pincher/internal/server/server.go:720.25,721.13 1 0
github.com/pincherMCP/pincher/internal/server/server.go:723.4,731.6 2 0
github.com/pincherMCP/pincher/internal/server/server.go:736.2,737.32 2 1
github.com/pincherMCP/pincher/internal/server/server.go:737.32,738.41 1 0
github.com/pincherMCP/pincher/internal/server/server.go:738.41,740.4 1 0
github.com/pincherMCP/pincher/internal/server/server.go:743.2,744.37 2 1
github.com/pincherMCP/pincher/internal/server/server.go:744.37,748.3 1 1
github.com/pincherMCP/pincher/internal/server/server.go:750.2,764.50 2 1
github.com/pincherMCP/pincher/internal/server/server.go:767.113,773.16 5 1
github.com/pincherMCP/pincher/internal/server/server.go:773.16,775.3 1 1
github.com/pincherMCP/pincher/internal/server/server.go:777.2,784.21 4 1
github.com/pincherMCP/pincher/internal/server/server.go:784.21,785.23 1 1
github.com/pincherMCP/pincher/internal/server/server.go:785.23,790.4 4 1
github.com/pincherMCP/pincher/internal/server/server.go:791.3,791.19 1 1
github.com/pincherMCP/pincher/internal/server/server.go:795.2,799.19 3 1
github.com/pincherMCP/pincher/internal/server/server.go:799.19,800.21 1 1
github.com/pincherMCP/pincher/internal/server/server.go:800.21,805.4 4 1
github.com/pincherMCP/pincher/internal/server/server.go:806.3,806.17 1 1
github.com/pincherMCP/pincher/internal/server/server.go:810.2,812.29 3 1
github.com/pincherMCP/pincher/internal/server/server.go:812.29,816.3 1 1
github.com/pincherMCP/pincher/internal/server/server.go:819.2,829.50 3 1
github.com/pincherMCP/pincher/internal/server/server.go:832.107,838.16 5 1
github.com/pincherMCP/pincher/internal/server/server.go:838.16,840.3 1 1
github.com/pincherMCP/pincher/internal/server/server.go:842.2,843.16 2 1
github.com/pincherMCP/pincher/internal/server/server.go:843.16,845.3 1 0
github.com/pincherMCP/pincher/internal/server/server.go:847.2,853.50 2 1
github.com/pincherMCP/pincher/internal/server/server.go:856.105,859.16 3 1
github.com/pincherMCP/pincher/internal/server/server.go:859.16,861.3 1 0
github.com/pincherMCP/pincher/internal/server/server.go:862.2,863.29 2 1
github.com/pincherMCP/pincher/internal/server/server.go:863.29,873.3 1 1
github.com/pincherMCP/pincher/internal/server/server.go:874.2,875.50 2 1
github.com/pincherMCP/pincher/internal/server/server.go:878.104,887.16 8 1
github.com/pincherMCP/pincher/internal/server/server.go:887.16,889.3 1 1
github.com/pincherMCP/pincher/internal/server/server.go:891.2,892.16 2 1
github.com/pincherMCP/pincher/internal/server/server.go:893.13,894.16 1 1
github.com/pincherMCP/pincher/internal/server/server.go:894.16,896.4 1 1
github.com/pincherMCP/pincher/internal/server/server.go:897.3,898.17 2 1
github.com/pincherMCP/pincher/internal/server/server.go:898.17,900.4 1 0
github.com/pincherMCP/pincher/internal/server/server.go:901.3,901.10 1 1
github.com/pincherMCP/pincher/internal/server/server.go:901.10,903.4 1 1
github.com/pincherMCP/pincher/internal/server/server.go:904.3,904.50 1 1
github.com/pincherMCP/pincher/internal/server/server.go:906.13,907.31 1 1
github.com/pincherMCP/pincher/internal/server/server.go:907.31,909.4 1 1
github.com/pincherMCP/pincher/internal/server/server.go:910.3,910.63 1 1
github.com/pincherMCP/pincher/internal/server/server.go:910.63,912.4 1 0
github.com/pincherMCP/pincher/internal/server/server.go:913.3,913.52 1 1
github.com/pincherMCP/pincher/internal/server/server.go:915.14,917.17 2 1
github.com/pincherMCP/pincher/internal/server/server.go:917.17,919.4 1 0
github.com/pincherMCP/pincher/internal/server/server.go:920.3,920.44 1 1
github.com/pincherMCP/pincher/internal/server/server.go:922.16,923.16 1 1
github.com/pincherMCP/pincher/internal/server/server.go:923.16,925.4 1 1
github.com/pincherMCP/pincher/internal/server/server.go:926.3,926.59 1 1
github.com/pincherMCP/pincher/internal/server/server.go:926.59,928.4 1 0
github.com/pincherMCP/pincher/internal/server/server.go:929.3,929.53 1 1
github.com/pincherMCP/pincher/internal/server/server.go:931.10,932.66 1 1
github.com/pincherMCP/pincher/internal/server/server.go:935.2,935.50 1 1
github.com/pincherMCP/pincher/internal/server/server.go:938.106,951.15 10 1
github.com/pincherMCP/pincher/internal/server/server.go:951.15,953.3 1 1
github.com/pincherMCP/pincher/internal/server/server.go:955.2,965.60 3 1
github.com/pincherMCP/pincher/internal/server/server.go:965.60,966.64 1 1
github.com/pincherMCP/pincher/internal/server/server.go:966.64,977.4 2 1
github.com/pincherMCP/pincher/internal/server/server.go:980.2,984.50 2 1
github.com/pincherMCP/pincher/internal/server/server.go:994.112,1021.2 11 1
github.com/pincherMCP/pincher/internal/server/server.go:1023.48,1028.2 1 1
github.com/pincherMCP/pincher/internal/server/server.go:1034.57,1035.36 1 1
github.com/pincherMCP/pincher/internal/server/server.go:1035.36,1037.3 1 1
github.com/pincherMCP/pincher/internal/server/server.go:1038.2,1040.14 3 1
github.com/pincherMCP/pincher/internal/server/server.go:1040.14,1042.3 1 1
github.com/pincherMCP/pincher/internal/server/server.go:1043.2,1043.10 1 1
github.com/pincherMCP/pincher/internal/server/server.go:1046.50,1049.2 2 1
github.com/pincherMCP/pincher/internal/server/server.go:1051.57,1053.9 2 1
github.com/pincherMCP/pincher/internal/server/server.go:1053.9,1055.3 1 1
github.com/pincherMCP/pincher/internal/server/server.go:1056.2,1057.9 2 1
github.com/pincherMCP/pincher/internal/server/server.go:1057.9,1059.3 1 0
github.com/pincherMCP/pincher/internal/server/server.go:1060.2,1061.27 2 1
github.com/pincherMCP/pincher/internal/server/server.go:1061.27,1062.33 1 1
github.com/pincherMCP/pincher/internal/server/server.go:1062.33,1064.4 1 1
github.com/pincherMCP/pincher/internal/server/server.go:1066.2,1066.12 1 1
github.com/pincherMCP/pincher/internal/server/server.go:1069.59,1071.9 2 1
github.com/pincherMCP/pincher/internal/server/server.go:1071.9,1073.3 1 1
github.com/pincherMCP/pincher/internal/server/server.go:1074.2,1074.30 1 1
github.com/pincherMCP/pincher/internal/server/server.go:1074.30,1076.3 1 1
github.com/pincherMCP/pincher/internal/server/server.go:1077.2,1077.12 1 0
github.com/pincherMCP/pincher/internal/server/server.go:1080.52,1083.2 2 1
github.com/pincherMCP/pincher/internal/server/server.go:1085.69,1087.9 2 1
github.com/pincherMCP/pincher/internal/server/server.go:1087.9,1089.3 1 1
github.com/pincherMCP/pincher/internal/server/server.go:1090.2,1091.9 2 1
github.com/pincherMCP/pincher/internal/server/server.go:1091.9,1093.3 1 0
github.com/pincherMCP/pincher/internal/server/server.go:1094.2,1094.10 1 1
github.com/pincherMCP/pincher/internal/server/server.go:1101.53,1103.15 2 1
github.com/pincherMCP/pincher/internal/server/server.go:1104.16,1105.34 1 1
github.com/pincherMCP/pincher/internal/server/server.go:1106.13,1107.30 1 1
github.com/pincherMCP/pincher/internal/server/server.go:1109.2,1112.16 4 1
github.com/pincherMCP/pincher/internal/server/server.go:1112.16,1114.3 1 1
github.com/pincherMCP/pincher/internal/server/server.go:1115.2,1115.25 1 1
github.com/pincherMCP/pincher/internal/server/server.go:1118.46,1120.49 2 1
github.com/pincherMCP/pincher/internal/server/server.go:1120.49,1122.50 2 1
github.com/pincherMCP/pincher/internal/server/server.go:1122.50,1124.4 1 1
github.com/pincherMCP/pincher/internal/server/server.go:1126.2,1126.14 1 1
github.com/pincherMCP/pincher/internal/server/server.go:1129.34,1130.15 1 1
github.com/pincherMCP/pincher/internal/server/server.go:1131.9,1132.20 1 1
github.com/pincherMCP/pincher/internal/server/server.go:1133.9,1134.16 1 1
github.com/pincherMCP/pincher/internal/server/server.go:1135.9,1136.18 1 1
github.com/pincherMCP/pincher/internal/server/server.go:1137.10,1138.15 1 1
github.com/pincherMCP/pincher/internal/server/server.go:1142.24,1143.11 1 1
github.com/pincherMCP/pincher/internal/server/server.go:1143.11,1145.3 1 1
github.com/pincherMCP/pincher/internal/server/server.go:1146.2,1146.10 1 1
